 
 --- mi-faser 1.58 (10/25/19) ---
    - [ DIAMOND v0.9.21 ] -
    - [ Database:database build:122 Sequences:2865 ] -
 
[1602774953.979942]      *** Running mifaser with up to 28 parallel thread(s)
[1602774995.685522]      *** Post-processing...
[1602770579.365668]      *** Input: Uncompressed file ERR599052_cut20M.fastq
[1602770579.3656905]         Converting ERR599052_cut20M.fastq from fastq to fasta format...
[1602770652.302788]          Getting input file statistics...
[1602770652.30292]           Input file size: 3371MB
[1602770664.0127676]         Input file reads: 20000000
[1602770665.935422]          [Thread #1]    - [Thread #1] running on [1/28] CPUs
[1602770665.935529]          [Thread #1]      Creating output directories...
[1602770665.9388833]         [Thread #1]      Translating reads...
[1602770681.5386498]         [Thread #1]      Running DIAMOND...
[1602770687.173341]          [Thread #1]      Converting DIAMOND...
[1602770687.2781782]         [Thread #1]      Parsing DIAMOND...
[1602770687.4153268]         [Thread #1]      Annotating...
[1602770687.8728495]         [Thread #1]      Analyzing...
[1602770687.8882902]         [Thread #1]      Create read mapping...
[1602770702.0910704]         [Thread #1]    - [Thread #1] finished
[1602770747.108992]          [Thread #5]    - [Thread #5] running on [1/28] CPUs
[1602770747.1090739]         [Thread #5]      Creating output directories...
[1602770747.1108036]         [Thread #5]      Translating reads...
[1602770766.834081]          [Thread #5]      Running DIAMOND...
[1602770772.4824562]         [Thread #5]      Converting DIAMOND...
[1602770772.587045]          [Thread #5]      Parsing DIAMOND...
[1602770772.7667432]         [Thread #5]      Annotating...
[1602770773.081731]          [Thread #5]      Analyzing...
[1602770773.3833628]         [Thread #5]      Create read mapping...
[1602770787.961171]          [Thread #5]    - [Thread #5] finished
[1602770834.8930418]         [Thread #9]    - [Thread #9] running on [1/28] CPUs
[1602770834.8931255]         [Thread #9]      Creating output directories...
[1602770834.8945386]         [Thread #9]      Translating reads...
[1602770853.923565]          [Thread #9]      Running DIAMOND...
[1602770859.5294924]         [Thread #9]      Converting DIAMOND...
[1602770859.6497371]         [Thread #9]      Parsing DIAMOND...
[1602770859.787746]          [Thread #9]      Annotating...
[1602770859.9610262]         [Thread #9]      Analyzing...
[1602770860.1878076]         [Thread #9]      Create read mapping...
[1602770875.9942815]         [Thread #9]    - [Thread #9] finished
[1602770878.1829538]         [Thread #11]    - [Thread #11] running on [1/28] CPUs
[1602770878.1830363]         [Thread #11]      Creating output directories...
[1602770878.1847417]         [Thread #11]      Translating reads...
[1602770897.5221221]         [Thread #11]      Running DIAMOND...
[1602770903.0557144]         [Thread #11]      Converting DIAMOND...
[1602770903.1753492]         [Thread #11]      Parsing DIAMOND...
[1602770903.3332565]         [Thread #11]      Annotating...
[1602770903.7668474]         [Thread #11]      Analyzing...
[1602770904.2154953]         [Thread #11]      Create read mapping...
[1602770918.7372556]         [Thread #11]    - [Thread #11] finished
[1602770899.7556357]         [Thread #12]    - [Thread #12] running on [1/28] CPUs
[1602770899.7557175]         [Thread #12]      Creating output directories...
[1602770899.7574382]         [Thread #12]      Translating reads...
[1602770918.717549]          [Thread #12]      Running DIAMOND...
[1602770924.301338]          [Thread #12]      Converting DIAMOND...
[1602770924.4175997]         [Thread #12]      Parsing DIAMOND...
[1602770924.5746372]         [Thread #12]      Annotating...
[1602770924.9871855]         [Thread #12]      Analyzing...
[1602770925.3002417]         [Thread #12]      Create read mapping...
[1602770940.4542694]         [Thread #12]    - [Thread #12] finished
[1602770920.9575512]         [Thread #13]    - [Thread #13] running on [1/28] CPUs
[1602770920.9576337]         [Thread #13]      Creating output directories...
[1602770920.9592927]         [Thread #13]      Translating reads...
[1602770940.380041]          [Thread #13]      Running DIAMOND...
[1602770946.2290475]         [Thread #13]      Converting DIAMOND...
[1602770946.3376389]         [Thread #13]      Parsing DIAMOND...
[1602770946.5119238]         [Thread #13]      Annotating...
[1602770946.8380866]         [Thread #13]      Analyzing...
[1602770947.0522857]         [Thread #13]      Create read mapping...
[1602770961.700602]          [Thread #13]    - [Thread #13] finished
[1602770942.616929]          [Thread #14]    - [Thread #14] running on [1/28] CPUs
[1602770942.6170104]         [Thread #14]      Creating output directories...
[1602770942.6189067]         [Thread #14]      Translating reads...
[1602770961.6312714]         [Thread #14]      Running DIAMOND...
[1602770967.2462165]         [Thread #14]      Converting DIAMOND...
[1602770967.351344]          [Thread #14]      Parsing DIAMOND...
[1602770967.4964015]         [Thread #14]      Annotating...
[1602770967.9056714]         [Thread #14]      Analyzing...
[1602770968.1853125]         [Thread #14]      Create read mapping...
[1602770983.1099856]         [Thread #14]    - [Thread #14] finished
[1602771007.3707523]         [Thread #17]    - [Thread #17] running on [1/28] CPUs
[1602771007.3707945]         [Thread #17]      Creating output directories...
[1602771007.372334]          [Thread #17]      Translating reads...
[1602771026.310725]          [Thread #17]      Running DIAMOND...
[1602771031.8894992]         [Thread #17]      Converting DIAMOND...
[1602771032.0143006]         [Thread #17]      Parsing DIAMOND...
[1602771032.1553252]         [Thread #17]      Annotating...
[1602771032.518427]          [Thread #17]      Analyzing...
[1602771032.9446921]         [Thread #17]      Create read mapping...
[1602771046.7403476]         [Thread #17]    - [Thread #17] finished
[1602771028.5721984]         [Thread #18]    - [Thread #18] running on [1/28] CPUs
[1602771028.5723534]         [Thread #18]      Creating output directories...
[1602771028.573995]          [Thread #18]      Translating reads...
[1602771047.2021852]         [Thread #18]      Running DIAMOND...
[1602771052.8783226]         [Thread #18]      Converting DIAMOND...
[1602771052.994474]          [Thread #18]      Parsing DIAMOND...
[1602771053.2117653]         [Thread #18]      Annotating...
[1602771053.624646]          [Thread #18]      Analyzing...
[1602771053.9397693]         [Thread #18]      Create read mapping...
[1602771067.775193]          [Thread #18]    - [Thread #18] finished
[1602771069.8377123]         [Thread #20]    - [Thread #20] running on [1/28] CPUs
[1602771069.8377924]         [Thread #20]      Creating output directories...
[1602771069.8395689]         [Thread #20]      Translating reads...
[1602771089.8810403]         [Thread #20]      Running DIAMOND...
[1602771095.4035504]         [Thread #20]      Converting DIAMOND...
[1602771095.6365128]         [Thread #20]      Parsing DIAMOND...
[1602771095.7970483]         [Thread #20]      Annotating...
[1602771095.993538]          [Thread #20]      Analyzing...
[1602771096.14684]           [Thread #20]      Create read mapping...
[1602771111.1124423]         [Thread #20]    - [Thread #20] finished
[1602771113.2966938]         [Thread #22]    - [Thread #22] running on [1/28] CPUs
[1602771113.2967663]         [Thread #22]      Creating output directories...
[1602771113.2982466]         [Thread #22]      Translating reads...
[1602771131.8336062]         [Thread #22]      Running DIAMOND...
[1602771137.3891706]         [Thread #22]      Converting DIAMOND...
[1602771137.5245936]         [Thread #22]      Parsing DIAMOND...
[1602771137.6627014]         [Thread #22]      Annotating...
[1602771137.836796]          [Thread #22]      Analyzing...
[1602771138.0290055]         [Thread #22]      Create read mapping...
[1602771153.7959383]         [Thread #22]    - [Thread #22] finished
[1602771155.8490283]         [Thread #24]    - [Thread #24] running on [1/28] CPUs
[1602771155.8490772]         [Thread #24]      Creating output directories...
[1602771155.8506973]         [Thread #24]      Translating reads...
[1602771174.7468712]         [Thread #24]      Running DIAMOND...
[1602771180.398509]          [Thread #24]      Converting DIAMOND...
[1602771180.5086699]         [Thread #24]      Parsing DIAMOND...
[1602771180.649342]          [Thread #24]      Annotating...
[1602771180.9076703]         [Thread #24]      Analyzing...
[1602771181.1561513]         [Thread #24]      Create read mapping...
[1602771196.7685122]         [Thread #24]    - [Thread #24] finished
[1602771177.0896997]         [Thread #25]    - [Thread #25] running on [1/28] CPUs
[1602771177.0897818]         [Thread #25]      Creating output directories...
[1602771177.091256]          [Thread #25]      Translating reads...
[1602771196.71146]           [Thread #25]      Running DIAMOND...
[1602771202.4611406]         [Thread #25]      Converting DIAMOND...
[1602771202.588882]          [Thread #25]      Parsing DIAMOND...
[1602771202.8026907]         [Thread #25]      Annotating...
[1602771203.155001]          [Thread #25]      Analyzing...
[1602771203.445752]          [Thread #25]      Create read mapping...
[1602771217.8417447]         [Thread #25]    - [Thread #25] finished
[1602771198.9539328]         [Thread #26]    - [Thread #26] running on [1/28] CPUs
[1602771198.9540157]         [Thread #26]      Creating output directories...
[1602771198.9568026]         [Thread #26]      Translating reads...
[1602771217.7965426]         [Thread #26]      Running DIAMOND...
[1602771223.4713514]         [Thread #26]      Converting DIAMOND...
[1602771223.604522]          [Thread #26]      Parsing DIAMOND...
[1602771223.7676337]         [Thread #26]      Annotating...
[1602771224.003556]          [Thread #26]      Analyzing...
[1602771224.3556437]         [Thread #26]      Create read mapping...
[1602771239.5391119]         [Thread #26]    - [Thread #26] finished
[1602771241.6663795]         [Thread #28]    - [Thread #28] running on [1/28] CPUs
[1602771241.666463]          [Thread #28]      Creating output directories...
[1602771241.6681042]         [Thread #28]      Translating reads...
[1602771261.2725482]         [Thread #28]      Running DIAMOND...
[1602771267.0793498]         [Thread #28]      Converting DIAMOND...
[1602771267.2115412]         [Thread #28]      Parsing DIAMOND...
[1602771267.4287615]         [Thread #28]      Annotating...
[1602771267.6561422]         [Thread #28]      Analyzing...
[1602771267.9573736]         [Thread #28]      Create read mapping...
[1602771283.2051816]         [Thread #28]    - [Thread #28] finished
[1602771285.3016555]         [Thread #30]    - [Thread #30] running on [1/28] CPUs
[1602771285.3017411]         [Thread #30]      Creating output directories...
[1602771285.303169]          [Thread #30]      Translating reads...
[1602771305.2397456]         [Thread #30]      Running DIAMOND...
[1602771310.8802848]         [Thread #30]      Converting DIAMOND...
[1602771310.9904807]         [Thread #30]      Parsing DIAMOND...
[1602771311.1341116]         [Thread #30]      Annotating...
[1602771311.5236511]         [Thread #30]      Analyzing...
[1602771311.8413808]         [Thread #30]      Create read mapping...
[1602771325.6326237]         [Thread #30]    - [Thread #30] finished
[1602771329.2638113]         [Thread #32]    - [Thread #32] running on [1/28] CPUs
[1602771329.2639005]         [Thread #32]      Creating output directories...
[1602771329.2654731]         [Thread #32]      Translating reads...
[1602771349.182129]          [Thread #32]      Running DIAMOND...
[1602771354.7506635]         [Thread #32]      Converting DIAMOND...
[1602771354.8790362]         [Thread #32]      Parsing DIAMOND...
[1602771355.0296597]         [Thread #32]      Annotating...
[1602771355.4503205]         [Thread #32]      Analyzing...
[1602771355.5645971]         [Thread #32]      Create read mapping...
[1602771370.6248605]         [Thread #32]    - [Thread #32] finished
[1602771394.398438]          [Thread #35]    - [Thread #35] running on [1/28] CPUs
[1602771394.3985217]         [Thread #35]      Creating output directories...
[1602771394.3997037]         [Thread #35]      Translating reads...
[1602771413.933198]          [Thread #35]      Running DIAMOND...
[1602771419.4594498]         [Thread #35]      Converting DIAMOND...
[1602771419.5853343]         [Thread #35]      Parsing DIAMOND...
[1602771419.8353596]         [Thread #35]      Annotating...
[1602771420.1581604]         [Thread #35]      Analyzing...
[1602771420.477246]          [Thread #35]      Create read mapping...
[1602771435.7220182]         [Thread #35]    - [Thread #35] finished
[1602771459.8696089]         [Thread #38]    - [Thread #38] running on [1/28] CPUs
[1602771459.869665]          [Thread #38]      Creating output directories...
[1602771459.8707676]         [Thread #38]      Translating reads...
[1602771479.5612915]         [Thread #38]      Running DIAMOND...
[1602771485.3382375]         [Thread #38]      Converting DIAMOND...
[1602771485.4537382]         [Thread #38]      Parsing DIAMOND...
[1602771485.6442034]         [Thread #38]      Annotating...
[1602771485.876679]          [Thread #38]      Analyzing...
[1602771486.1999402]         [Thread #38]      Create read mapping...
[1602771501.5793355]         [Thread #38]    - [Thread #38] finished
[1602771481.7921064]         [Thread #39]    - [Thread #39] running on [1/28] CPUs
[1602771481.792189]          [Thread #39]      Creating output directories...
[1602771481.793774]          [Thread #39]      Translating reads...
[1602771501.504839]          [Thread #39]      Running DIAMOND...
[1602771507.2034936]         [Thread #39]      Converting DIAMOND...
[1602771507.3332534]         [Thread #39]      Parsing DIAMOND...
[1602771507.5055096]         [Thread #39]      Annotating...
[1602771507.62369]           [Thread #39]      Analyzing...
[1602771507.9567893]         [Thread #39]      Create read mapping...
[1602771522.5282218]         [Thread #39]    - [Thread #39] finished
[1602771503.7488537]         [Thread #40]    - [Thread #40] running on [1/28] CPUs
[1602771503.7489116]         [Thread #40]      Creating output directories...
[1602771503.7506926]         [Thread #40]      Translating reads...
[1602771523.0002813]         [Thread #40]      Running DIAMOND...
[1602771528.464886]          [Thread #40]      Converting DIAMOND...
[1602771528.6033604]         [Thread #40]      Parsing DIAMOND...
[1602771528.8828955]         [Thread #40]      Annotating...
[1602771529.2361653]         [Thread #40]      Analyzing...
[1602771529.53826]           [Thread #40]      Create read mapping...
[1602771544.149551]          [Thread #40]    - [Thread #40] finished
[1602771525.116842]          [Thread #41]    - [Thread #41] running on [1/28] CPUs
[1602771525.1169286]         [Thread #41]      Creating output directories...
[1602771525.118458]          [Thread #41]      Translating reads...
[1602771544.0733204]         [Thread #41]      Running DIAMOND...
[1602771549.8834605]         [Thread #41]      Converting DIAMOND...
[1602771550.0168788]         [Thread #41]      Parsing DIAMOND...
[1602771550.148729]          [Thread #41]      Annotating...
[1602771550.3560038]         [Thread #41]      Analyzing...
[1602771550.6454525]         [Thread #41]      Create read mapping...
[1602771566.1658618]         [Thread #41]    - [Thread #41] finished
[1602771546.3455884]         [Thread #42]    - [Thread #42] running on [1/28] CPUs
[1602771546.3456724]         [Thread #42]      Creating output directories...
[1602771546.3478363]         [Thread #42]      Translating reads...
[1602771566.09436]           [Thread #42]      Running DIAMOND...
[1602771571.7284498]         [Thread #42]      Converting DIAMOND...
[1602771571.8264313]         [Thread #42]      Parsing DIAMOND...
[1602771572.2283764]         [Thread #42]      Annotating...
[1602771572.475037]          [Thread #42]      Analyzing...
[1602771572.6947734]         [Thread #42]      Create read mapping...
[1602771588.1546862]         [Thread #42]    - [Thread #42] finished
[1602771633.1223755]         [Thread #46]    - [Thread #46] running on [1/28] CPUs
[1602771633.1224563]         [Thread #46]      Creating output directories...
[1602771633.124122]          [Thread #46]      Translating reads...
[1602771652.617354]          [Thread #46]      Running DIAMOND...
[1602771658.3164377]         [Thread #46]      Converting DIAMOND...
[1602771658.4506865]         [Thread #46]      Parsing DIAMOND...
[1602771658.6080258]         [Thread #46]      Annotating...
[1602771658.8458438]         [Thread #46]      Analyzing...
[1602771659.1735783]         [Thread #46]      Create read mapping...
[1602771674.5439923]         [Thread #46]    - [Thread #46] finished
[1602771654.875515]          [Thread #47]    - [Thread #47] running on [1/28] CPUs
[1602771654.875586]          [Thread #47]      Creating output directories...
[1602771654.8769886]         [Thread #47]      Translating reads...
[1602771674.24058]           [Thread #47]      Running DIAMOND...
[1602771680.0002077]         [Thread #47]      Converting DIAMOND...
[1602771680.106314]          [Thread #47]      Parsing DIAMOND...
[1602771680.2887716]         [Thread #47]      Annotating...
[1602771680.6901352]         [Thread #47]      Analyzing...
[1602771681.0011199]         [Thread #47]      Create read mapping...
[1602771696.3844266]         [Thread #47]    - [Thread #47] finished
[1602771698.5274332]         [Thread #49]    - [Thread #49] running on [1/28] CPUs
[1602771698.5275166]         [Thread #49]      Creating output directories...
[1602771698.52906]           [Thread #49]      Translating reads...
[1602771718.1304734]         [Thread #49]      Running DIAMOND...
[1602771723.8681986]         [Thread #49]      Converting DIAMOND...
[1602771723.9756496]         [Thread #49]      Parsing DIAMOND...
[1602771724.1236145]         [Thread #49]      Annotating...
[1602771724.2906516]         [Thread #49]      Analyzing...
[1602771724.6249]            [Thread #49]      Create read mapping...
[1602771737.1475267]         [Thread #49]    - [Thread #49] finished
[1602771720.3557284]         [Thread #50]    - [Thread #50] running on [1/28] CPUs
[1602771720.3558147]         [Thread #50]      Creating output directories...
[1602771720.357488]          [Thread #50]      Translating reads...
[1602771740.5394797]         [Thread #50]      Running DIAMOND...
[1602771746.1505022]         [Thread #50]      Converting DIAMOND...
[1602771746.281884]          [Thread #50]      Parsing DIAMOND...
[1602771746.6149948]         [Thread #50]      Annotating...
[1602771747.1578765]         [Thread #50]      Analyzing...
[1602771747.49579]           [Thread #50]      Create read mapping...
[1602771762.5228226]         [Thread #50]    - [Thread #50] finished
[1602771764.696861]          [Thread #52]    - [Thread #52] running on [1/28] CPUs
[1602771764.6969488]         [Thread #52]      Creating output directories...
[1602771764.6985247]         [Thread #52]      Translating reads...
[1602771783.3238459]         [Thread #52]      Running DIAMOND...
[1602771789.1657696]         [Thread #52]      Converting DIAMOND...
[1602771789.285853]          [Thread #52]      Parsing DIAMOND...
[1602771789.8483307]         [Thread #52]      Annotating...
[1602771790.0727518]         [Thread #52]      Analyzing...
[1602771790.488216]          [Thread #52]      Create read mapping...
[1602771805.7928438]         [Thread #52]    - [Thread #52] finished
[1602771829.3606052]         [Thread #55]    - [Thread #55] running on [1/28] CPUs
[1602771829.3606882]         [Thread #55]      Creating output directories...
[1602771829.362211]          [Thread #55]      Translating reads...
[1602771849.476004]          [Thread #55]      Running DIAMOND...
[1602771855.1008453]         [Thread #55]      Converting DIAMOND...
[1602771855.2220614]         [Thread #55]      Parsing DIAMOND...
[1602771855.687344]          [Thread #55]      Annotating...
[1602771855.8639781]         [Thread #55]      Analyzing...
[1602771856.1862545]         [Thread #55]      Create read mapping...
[1602771870.9925742]         [Thread #55]    - [Thread #55] finished
[1602771851.7316754]         [Thread #56]    - [Thread #56] running on [1/28] CPUs
[1602771851.731758]          [Thread #56]      Creating output directories...
[1602771851.7331522]         [Thread #56]      Translating reads...
[1602771870.9454484]         [Thread #56]      Running DIAMOND...
[1602771876.548538]          [Thread #56]      Converting DIAMOND...
[1602771876.6764977]         [Thread #56]      Parsing DIAMOND...
[1602771876.8950033]         [Thread #56]      Annotating...
[1602771877.2925072]         [Thread #56]      Analyzing...
[1602771877.5949864]         [Thread #56]      Create read mapping...
[1602771892.7840533]         [Thread #56]    - [Thread #56] finished
[1602771894.8920648]         [Thread #58]    - [Thread #58] running on [1/28] CPUs
[1602771894.8921456]         [Thread #58]      Creating output directories...
[1602771894.89362]           [Thread #58]      Translating reads...
[1602771914.5062556]         [Thread #58]      Running DIAMOND...
[1602771920.268393]          [Thread #58]      Converting DIAMOND...
[1602771920.3803926]         [Thread #58]      Parsing DIAMOND...
[1602771920.7432058]         [Thread #58]      Annotating...
[1602771921.1698506]         [Thread #58]      Analyzing...
[1602771921.4357553]         [Thread #58]      Create read mapping...
[1602771937.1810992]         [Thread #58]    - [Thread #58] finished
[1602771916.804663]          [Thread #59]    - [Thread #59] running on [1/28] CPUs
[1602771916.8047445]         [Thread #59]      Creating output directories...
[1602771916.8072665]         [Thread #59]      Translating reads...
[1602771937.100994]          [Thread #59]      Running DIAMOND...
[1602771942.7225263]         [Thread #59]      Converting DIAMOND...
[1602771942.8313048]         [Thread #59]      Parsing DIAMOND...
[1602771943.1360033]         [Thread #59]      Annotating...
[1602771943.4603977]         [Thread #59]      Analyzing...
[1602771943.758867]          [Thread #59]      Create read mapping...
[1602771958.1448898]         [Thread #59]    - [Thread #59] finished
[1602771939.3397593]         [Thread #60]    - [Thread #60] running on [1/28] CPUs
[1602771939.33984]           [Thread #60]      Creating output directories...
[1602771939.3413534]         [Thread #60]      Translating reads...
[1602771958.1154919]         [Thread #60]      Running DIAMOND...
[1602771963.6853895]         [Thread #60]      Converting DIAMOND...
[1602771963.7981532]         [Thread #60]      Parsing DIAMOND...
[1602771964.2479374]         [Thread #60]      Annotating...
[1602771964.5821257]         [Thread #60]      Analyzing...
[1602771964.5938797]         [Thread #60]      Create read mapping...
[1602771978.3044813]         [Thread #60]    - [Thread #60] finished
[1602771960.3406353]         [Thread #61]    - [Thread #61] running on [1/28] CPUs
[1602771960.3407154]         [Thread #61]      Creating output directories...
[1602771960.3423095]         [Thread #61]      Translating reads...
[1602771979.7591298]         [Thread #61]      Running DIAMOND...
[1602771985.3564672]         [Thread #61]      Converting DIAMOND...
[1602771985.4882772]         [Thread #61]      Parsing DIAMOND...
[1602771985.6802409]         [Thread #61]      Annotating...
[1602771986.0811832]         [Thread #61]      Analyzing...
[1602771986.3880208]         [Thread #61]      Create read mapping...
[1602772001.0046408]         [Thread #61]    - [Thread #61] finished
[1602771981.9184809]         [Thread #62]    - [Thread #62] running on [1/28] CPUs
[1602771981.9185665]         [Thread #62]      Creating output directories...
[1602771981.9200454]         [Thread #62]      Translating reads...
[1602772000.97994]           [Thread #62]      Running DIAMOND...
[1602772006.6260042]         [Thread #62]      Converting DIAMOND...
[1602772006.7400079]         [Thread #62]      Parsing DIAMOND...
[1602772006.9814825]         [Thread #62]      Annotating...
[1602772007.137048]          [Thread #62]      Analyzing...
[1602772007.4708571]         [Thread #62]      Create read mapping...
[1602772023.0311391]         [Thread #62]    - [Thread #62] finished
[1602772025.2537484]         [Thread #64]    - [Thread #64] running on [1/28] CPUs
[1602772025.2538288]         [Thread #64]      Creating output directories...
[1602772025.255334]          [Thread #64]      Translating reads...
[1602772044.4526656]         [Thread #64]      Running DIAMOND...
[1602772050.555409]          [Thread #64]      Converting DIAMOND...
[1602772050.675533]          [Thread #64]      Parsing DIAMOND...
[1602772051.1452482]         [Thread #64]      Annotating...
[1602772051.557299]          [Thread #64]      Analyzing...
[1602772051.8485324]         [Thread #64]      Create read mapping...
[1602772076.5981343]         [Thread #64]    - [Thread #64] finished
[1602772046.8287866]         [Thread #65]    - [Thread #65] running on [1/28] CPUs
[1602772046.8288689]         [Thread #65]      Creating output directories...
[1602772047.0225933]         [Thread #65]      Translating reads...
[1602772066.9048796]         [Thread #65]      Running DIAMOND...
[1602772073.1763635]         [Thread #65]      Converting DIAMOND...
[1602772073.2945457]         [Thread #65]      Parsing DIAMOND...
[1602772073.4706213]         [Thread #65]      Annotating...
[1602772073.7058353]         [Thread #65]      Analyzing...
[1602772073.9276698]         [Thread #65]      Create read mapping...
[1602772092.657105]          [Thread #65]    - [Thread #65] finished
[1602772068.796455]          [Thread #66]    - [Thread #66] running on [1/28] CPUs
[1602772068.79655]           [Thread #66]      Creating output directories...
[1602772069.06041]           [Thread #66]      Translating reads...
[1602772088.2031567]         [Thread #66]      Running DIAMOND...
[1602772093.9251814]         [Thread #66]      Converting DIAMOND...
[1602772094.0384066]         [Thread #66]      Parsing DIAMOND...
[1602772094.2260528]         [Thread #66]      Annotating...
[1602772094.639631]          [Thread #66]      Analyzing...
[1602772094.9532158]         [Thread #66]      Create read mapping...
[1602772110.0742497]         [Thread #66]    - [Thread #66] finished
[1602772089.9946816]         [Thread #67]    - [Thread #67] running on [1/28] CPUs
[1602772089.9947665]         [Thread #67]      Creating output directories...
[1602772089.9981878]         [Thread #67]      Translating reads...
[1602772109.7420409]         [Thread #67]      Running DIAMOND...
[1602772115.597551]          [Thread #67]      Converting DIAMOND...
[1602772115.7173617]         [Thread #67]      Parsing DIAMOND...
[1602772115.904188]          [Thread #67]      Annotating...
[1602772116.330372]          [Thread #67]      Analyzing...
[1602772116.6384623]         [Thread #67]      Create read mapping...
[1602772132.0503414]         [Thread #67]    - [Thread #67] finished
[1602772133.9014652]         [Thread #69]    - [Thread #69] running on [1/28] CPUs
[1602772133.901537]          [Thread #69]      Creating output directories...
[1602772133.904503]          [Thread #69]      Translating reads...
[1602772153.5274138]         [Thread #69]      Running DIAMOND...
[1602772159.3253293]         [Thread #69]      Converting DIAMOND...
[1602772159.4363651]         [Thread #69]      Parsing DIAMOND...
[1602772159.6039343]         [Thread #69]      Annotating...
[1602772160.0316055]         [Thread #69]      Analyzing...
[1602772160.3280706]         [Thread #69]      Create read mapping...
[1602772174.427288]          [Thread #69]    - [Thread #69] finished
[1602772198.992907]          [Thread #72]    - [Thread #72] running on [1/28] CPUs
[1602772198.9929888]         [Thread #72]      Creating output directories...
[1602772198.9970498]         [Thread #72]      Translating reads...
[1602772218.0616665]         [Thread #72]      Running DIAMOND...
[1602772223.726707]          [Thread #72]      Converting DIAMOND...
[1602772223.837463]          [Thread #72]      Parsing DIAMOND...
[1602772224.017301]          [Thread #72]      Annotating...
[1602772224.1809945]         [Thread #72]      Analyzing...
[1602772224.5135827]         [Thread #72]      Create read mapping...
[1602772239.7070932]         [Thread #72]    - [Thread #72] finished
[1602772220.3591163]         [Thread #73]    - [Thread #73] running on [1/28] CPUs
[1602772220.3591979]         [Thread #73]      Creating output directories...
[1602772220.361988]          [Thread #73]      Translating reads...
[1602772239.6164608]         [Thread #73]      Running DIAMOND...
[1602772245.3611717]         [Thread #73]      Converting DIAMOND...
[1602772245.483187]          [Thread #73]      Parsing DIAMOND...
[1602772245.7423322]         [Thread #73]      Annotating...
[1602772245.8695483]         [Thread #73]      Analyzing...
[1602772246.1653872]         [Thread #73]      Create read mapping...
[1602772260.4906368]         [Thread #73]    - [Thread #73] finished
[1602772241.8868916]         [Thread #74]    - [Thread #74] running on [1/28] CPUs
[1602772241.886972]          [Thread #74]      Creating output directories...
[1602772241.8899477]         [Thread #74]      Translating reads...
[1602772261.0346775]         [Thread #74]      Running DIAMOND...
[1602772266.7250857]         [Thread #74]      Converting DIAMOND...
[1602772266.8584821]         [Thread #74]      Parsing DIAMOND...
[1602772267.041638]          [Thread #74]      Annotating...
[1602772267.4309773]         [Thread #74]      Analyzing...
[1602772267.689524]          [Thread #74]      Create read mapping...
[1602772283.3842854]         [Thread #74]    - [Thread #74] finished
[1602772263.1950397]         [Thread #75]    - [Thread #75] running on [1/28] CPUs
[1602772263.1951246]         [Thread #75]      Creating output directories...
[1602772263.1980162]         [Thread #75]      Translating reads...
[1602772283.3432453]         [Thread #75]      Running DIAMOND...
[1602772289.1060908]         [Thread #75]      Converting DIAMOND...
[1602772289.247633]          [Thread #75]      Parsing DIAMOND...
[1602772289.5359678]         [Thread #75]      Annotating...
[1602772289.9413972]         [Thread #75]      Analyzing...
[1602772290.2810593]         [Thread #75]      Create read mapping...
[1602772304.6696854]         [Thread #75]    - [Thread #75] finished
[1602772328.7107344]         [Thread #78]    - [Thread #78] running on [1/28] CPUs
[1602772328.7108147]         [Thread #78]      Creating output directories...
[1602772328.7144723]         [Thread #78]      Translating reads...
[1602772348.0362167]         [Thread #78]      Running DIAMOND...
[1602772353.6595306]         [Thread #78]      Converting DIAMOND...
[1602772353.779876]          [Thread #78]      Parsing DIAMOND...
[1602772353.966542]          [Thread #78]      Annotating...
[1602772354.2734687]         [Thread #78]      Analyzing...
[1602772354.5917885]         [Thread #78]      Create read mapping...
[1602772370.1656828]         [Thread #78]    - [Thread #78] finished
[1602772350.4200494]         [Thread #79]    - [Thread #79] running on [1/28] CPUs
[1602772350.4201353]         [Thread #79]      Creating output directories...
[1602772350.4234269]         [Thread #79]      Translating reads...
[1602772370.0807714]         [Thread #79]      Running DIAMOND...
[1602772375.6794426]         [Thread #79]      Converting DIAMOND...
[1602772375.8029711]         [Thread #79]      Parsing DIAMOND...
[1602772376.001305]          [Thread #79]      Annotating...
[1602772376.1513257]         [Thread #79]      Analyzing...
[1602772376.3245454]         [Thread #79]      Create read mapping...
[1602772390.6263914]         [Thread #79]    - [Thread #79] finished
[1602772392.8275108]         [Thread #81]    - [Thread #81] running on [1/28] CPUs
[1602772392.827597]          [Thread #81]      Creating output directories...
[1602772392.8307161]         [Thread #81]      Translating reads...
[1602772412.819152]          [Thread #81]      Running DIAMOND...
[1602772418.6700022]         [Thread #81]      Converting DIAMOND...
[1602772418.7904942]         [Thread #81]      Parsing DIAMOND...
[1602772418.9616654]         [Thread #81]      Annotating...
[1602772419.1856685]         [Thread #81]      Analyzing...
[1602772419.3409674]         [Thread #81]      Create read mapping...
[1602772432.050529]          [Thread #81]    - [Thread #81] finished
[1602772415.0870948]         [Thread #82]    - [Thread #82] running on [1/28] CPUs
[1602772415.0871768]         [Thread #82]      Creating output directories...
[1602772415.0902586]         [Thread #82]      Translating reads...
[1602772433.9435415]         [Thread #82]      Running DIAMOND...
[1602772439.5834403]         [Thread #82]      Converting DIAMOND...
[1602772439.7065947]         [Thread #82]      Parsing DIAMOND...
[1602772439.9011436]         [Thread #82]      Annotating...
[1602772440.285872]          [Thread #82]      Analyzing...
[1602772440.5394907]         [Thread #82]      Create read mapping...
[1602772456.0009847]         [Thread #82]    - [Thread #82] finished
[1602772436.1007898]         [Thread #83]    - [Thread #83] running on [1/28] CPUs
[1602772436.1008897]         [Thread #83]      Creating output directories...
[1602772436.1041296]         [Thread #83]      Translating reads...
[1602772455.868315]          [Thread #83]      Running DIAMOND...
[1602772461.4262104]         [Thread #83]      Converting DIAMOND...
[1602772461.5508168]         [Thread #83]      Parsing DIAMOND...
[1602772461.796318]          [Thread #83]      Annotating...
[1602772462.2111268]         [Thread #83]      Analyzing...
[1602772462.5285451]         [Thread #83]      Create read mapping...
[1602772476.6575506]         [Thread #83]    - [Thread #83] finished
[1602772458.1730554]         [Thread #84]    - [Thread #84] running on [1/28] CPUs
[1602772458.1731355]         [Thread #84]      Creating output directories...
[1602772458.1762435]         [Thread #84]      Translating reads...
[1602772476.6487992]         [Thread #84]      Running DIAMOND...
[1602772482.244068]          [Thread #84]      Converting DIAMOND...
[1602772482.3617878]         [Thread #84]      Parsing DIAMOND...
[1602772482.549536]          [Thread #84]      Annotating...
[1602772482.9667435]         [Thread #84]      Analyzing...
[1602772483.2524526]         [Thread #84]      Create read mapping...
[1602772497.8611255]         [Thread #84]    - [Thread #84] finished
[1602772544.5228207]         [Thread #88]    - [Thread #88] running on [1/28] CPUs
[1602772544.5229003]         [Thread #88]      Creating output directories...
[1602772544.5257823]         [Thread #88]      Translating reads...
[1602772564.7182002]         [Thread #88]      Running DIAMOND...
[1602772570.4021044]         [Thread #88]      Converting DIAMOND...
[1602772570.6289854]         [Thread #88]      Parsing DIAMOND...
[1602772570.9048352]         [Thread #88]      Annotating...
[1602772571.2763548]         [Thread #88]      Analyzing...
[1602772571.5716605]         [Thread #88]      Create read mapping...
[1602772586.995271]          [Thread #88]    - [Thread #88] finished
[1602772566.971346]          [Thread #89]    - [Thread #89] running on [1/28] CPUs
[1602772566.9714262]         [Thread #89]      Creating output directories...
[1602772566.974282]          [Thread #89]      Translating reads...
[1602772586.8960726]         [Thread #89]      Running DIAMOND...
[1602772592.6833165]         [Thread #89]      Converting DIAMOND...
[1602772592.801488]          [Thread #89]      Parsing DIAMOND...
[1602772592.9734578]         [Thread #89]      Annotating...
[1602772593.4433544]         [Thread #89]      Analyzing...
[1602772593.7605696]         [Thread #89]      Create read mapping...
[1602772608.9617388]         [Thread #89]    - [Thread #89] finished
[1602772589.179713]          [Thread #90]    - [Thread #90] running on [1/28] CPUs
[1602772589.1797922]         [Thread #90]      Creating output directories...
[1602772589.1827815]         [Thread #90]      Translating reads...
[1602772609.1896925]         [Thread #90]      Running DIAMOND...
[1602772614.7833428]         [Thread #90]      Converting DIAMOND...
[1602772614.9209585]         [Thread #90]      Parsing DIAMOND...
[1602772615.0572085]         [Thread #90]      Annotating...
[1602772615.482732]          [Thread #90]      Analyzing...
[1602772615.7935364]         [Thread #90]      Create read mapping...
[1602772631.2052174]         [Thread #90]    - [Thread #90] finished
[1602772633.3152628]         [Thread #92]    - [Thread #92] running on [1/28] CPUs
[1602772633.3153436]         [Thread #92]      Creating output directories...
[1602772633.3182352]         [Thread #92]      Translating reads...
[1602772653.0248835]         [Thread #92]      Running DIAMOND...
[1602772658.643896]          [Thread #92]      Converting DIAMOND...
[1602772658.783095]          [Thread #92]      Parsing DIAMOND...
[1602772658.984367]          [Thread #92]      Annotating...
[1602772659.3474822]         [Thread #92]      Analyzing...
[1602772659.544906]          [Thread #92]      Create read mapping...
[1602772674.3560176]         [Thread #92]    - [Thread #92] finished
[1602772655.232412]          [Thread #93]    - [Thread #93] running on [1/28] CPUs
[1602772655.2324915]         [Thread #93]      Creating output directories...
[1602772655.2351415]         [Thread #93]      Translating reads...
[1602772674.2801979]         [Thread #93]      Running DIAMOND...
[1602772680.0438848]         [Thread #93]      Converting DIAMOND...
[1602772680.2815473]         [Thread #93]      Parsing DIAMOND...
[1602772680.5785527]         [Thread #93]      Annotating...
[1602772680.7928164]         [Thread #93]      Analyzing...
[1602772681.113916]          [Thread #93]      Create read mapping...
[1602772696.378617]          [Thread #93]    - [Thread #93] finished
[1602772720.6885505]         [Thread #96]    - [Thread #96] running on [1/28] CPUs
[1602772720.6886303]         [Thread #96]      Creating output directories...
[1602772720.691447]          [Thread #96]      Translating reads...
[1602772740.447194]          [Thread #96]      Running DIAMOND...
[1602772746.0476744]         [Thread #96]      Converting DIAMOND...
[1602772746.1675053]         [Thread #96]      Parsing DIAMOND...
[1602772746.337451]          [Thread #96]      Annotating...
[1602772746.5811925]         [Thread #96]      Analyzing...
[1602772746.8747191]         [Thread #96]      Create read mapping...
[1602772760.9921799]         [Thread #96]    - [Thread #96] finished
[1602772785.7503455]         [Thread #99]    - [Thread #99] running on [1/28] CPUs
[1602772785.7504303]         [Thread #99]      Creating output directories...
[1602772785.753854]          [Thread #99]      Translating reads...
[1602772805.4331663]         [Thread #99]      Running DIAMOND...
[1602772811.146601]          [Thread #99]      Converting DIAMOND...
[1602772811.338665]          [Thread #99]      Parsing DIAMOND...
[1602772811.5335035]         [Thread #99]      Annotating...
[1602772811.9172814]         [Thread #99]      Analyzing...
[1602772812.2339432]         [Thread #99]      Create read mapping...
[1602772827.4892616]         [Thread #99]    - [Thread #99] finished
[1602772807.6204498]         [Thread #100]    - [Thread #100] running on [1/28] CPUs
[1602772807.6205306]         [Thread #100]      Creating output directories...
[1602772807.623436]          [Thread #100]      Translating reads...
[1602772827.4391284]         [Thread #100]      Running DIAMOND...
[1602772833.0604043]         [Thread #100]      Converting DIAMOND...
[1602772833.1674788]         [Thread #100]      Parsing DIAMOND...
[1602772833.5734487]         [Thread #100]      Annotating...
[1602772833.9930384]         [Thread #100]      Analyzing...
[1602772834.3005464]         [Thread #100]      Create read mapping...
[1602772849.7616732]         [Thread #100]    - [Thread #100] finished
[1602772873.364007]          [Thread #103]    - [Thread #103] running on [1/28] CPUs
[1602772873.36409]           [Thread #103]      Creating output directories...
[1602772873.3670304]         [Thread #103]      Translating reads...
[1602772893.1835287]         [Thread #103]      Running DIAMOND...
[1602772898.846721]          [Thread #103]      Converting DIAMOND...
[1602772898.989338]          [Thread #103]      Parsing DIAMOND...
[1602772899.4403658]         [Thread #103]      Annotating...
[1602772899.4660888]         [Thread #103]      Analyzing...
[1602772899.4779544]         [Thread #103]      Create read mapping...
[1602772915.041249]          [Thread #103]    - [Thread #103] finished
[1602772895.4778059]         [Thread #104]    - [Thread #104] running on [1/28] CPUs
[1602772895.4778864]         [Thread #104]      Creating output directories...
[1602772895.4808471]         [Thread #104]      Translating reads...
[1602772914.9775488]         [Thread #104]      Running DIAMOND...
[1602772920.6106136]         [Thread #104]      Converting DIAMOND...
[1602772920.7356567]         [Thread #104]      Parsing DIAMOND...
[1602772920.9184923]         [Thread #104]      Annotating...
[1602772921.3394966]         [Thread #104]      Analyzing...
[1602772921.6519165]         [Thread #104]      Create read mapping...
[1602772935.8577073]         [Thread #104]    - [Thread #104] finished
[1602772917.253049]          [Thread #105]    - [Thread #105] running on [1/28] CPUs
[1602772917.25313]           [Thread #105]      Creating output directories...
[1602772917.2564325]         [Thread #105]      Translating reads...
[1602772936.4518335]         [Thread #105]      Running DIAMOND...
[1602772942.0950289]         [Thread #105]      Converting DIAMOND...
[1602772942.1965408]         [Thread #105]      Parsing DIAMOND...
[1602772942.3943512]         [Thread #105]      Annotating...
[1602772942.83464]           [Thread #105]      Analyzing...
[1602772943.132803]          [Thread #105]      Create read mapping...
[1602772958.527165]          [Thread #105]    - [Thread #105] finished
[1602773004.3725457]         [Thread #109]    - [Thread #109] running on [1/28] CPUs
[1602773004.3726265]         [Thread #109]      Creating output directories...
[1602773004.37507]           [Thread #109]      Translating reads...
[1602773024.112534]          [Thread #109]      Running DIAMOND...
[1602773029.89644]           [Thread #109]      Converting DIAMOND...
[1602773030.015302]          [Thread #109]      Parsing DIAMOND...
[1602773030.1513336]         [Thread #109]      Annotating...
[1602773030.562194]          [Thread #109]      Analyzing...
[1602773030.7820516]         [Thread #109]      Create read mapping...
[1602773046.541794]          [Thread #109]    - [Thread #109] finished
[1602773048.6071665]         [Thread #111]    - [Thread #111] running on [1/28] CPUs
[1602773048.607291]          [Thread #111]      Creating output directories...
[1602773048.610675]          [Thread #111]      Translating reads...
[1602773068.3908947]         [Thread #111]      Running DIAMOND...
[1602773074.0624108]         [Thread #111]      Converting DIAMOND...
[1602773074.174938]          [Thread #111]      Parsing DIAMOND...
[1602773074.3412335]         [Thread #111]      Annotating...
[1602773074.5405333]         [Thread #111]      Analyzing...
[1602773074.745409]          [Thread #111]      Create read mapping...
[1602773090.3435795]         [Thread #111]    - [Thread #111] finished
[1602773070.6847277]         [Thread #112]    - [Thread #112] running on [1/28] CPUs
[1602773070.6848195]         [Thread #112]      Creating output directories...
[1602773070.6871133]         [Thread #112]      Translating reads...
[1602773090.233946]          [Thread #112]      Running DIAMOND...
[1602773096.0254998]         [Thread #112]      Converting DIAMOND...
[1602773096.1544092]         [Thread #112]      Parsing DIAMOND...
[1602773096.3719072]         [Thread #112]      Annotating...
[1602773096.6828578]         [Thread #112]      Analyzing...
[1602773096.9935088]         [Thread #112]      Create read mapping...
[1602773112.0659382]         [Thread #112]    - [Thread #112] finished
[1602773158.006165]          [Thread #116]    - [Thread #116] running on [1/28] CPUs
[1602773158.006279]          [Thread #116]      Creating output directories...
[1602773158.0085416]         [Thread #116]      Translating reads...
[1602773177.3477643]         [Thread #116]      Running DIAMOND...
[1602773183.060572]          [Thread #116]      Converting DIAMOND...
[1602773183.1974616]         [Thread #116]      Parsing DIAMOND...
[1602773183.3249383]         [Thread #116]      Annotating...
[1602773183.5619628]         [Thread #116]      Analyzing...
[1602773183.7434537]         [Thread #116]      Create read mapping...
[1602773199.2749782]         [Thread #116]    - [Thread #116] finished
[1602773179.590117]          [Thread #117]    - [Thread #117] running on [1/28] CPUs
[1602773179.590196]          [Thread #117]      Creating output directories...
[1602773179.5932555]         [Thread #117]      Translating reads...
[1602773199.1908395]         [Thread #117]      Running DIAMOND...
[1602773204.857283]          [Thread #117]      Converting DIAMOND...
[1602773204.9674504]         [Thread #117]      Parsing DIAMOND...
[1602773205.1986213]         [Thread #117]      Annotating...
[1602773205.5559819]         [Thread #117]      Analyzing...
[1602773205.8832095]         [Thread #117]      Create read mapping...
[1602773221.391482]          [Thread #117]    - [Thread #117] finished
[1602773245.7854743]         [Thread #120]    - [Thread #120] running on [1/28] CPUs
[1602773245.7855456]         [Thread #120]      Creating output directories...
[1602773245.7887883]         [Thread #120]      Translating reads...
[1602773265.3420444]         [Thread #120]      Running DIAMOND...
[1602773270.9724019]         [Thread #120]      Converting DIAMOND...
[1602773271.0853124]         [Thread #120]      Parsing DIAMOND...
[1602773271.3654416]         [Thread #120]      Annotating...
[1602773271.6773171]         [Thread #120]      Analyzing...
[1602773272.016105]          [Thread #120]      Create read mapping...
[1602773287.3449802]         [Thread #120]    - [Thread #120] finished
[1602773289.4948997]         [Thread #122]    - [Thread #122] running on [1/28] CPUs
[1602773289.4949803]         [Thread #122]      Creating output directories...
[1602773289.4980307]         [Thread #122]      Translating reads...
[1602773309.5847259]         [Thread #122]      Running DIAMOND...
[1602773315.2552125]         [Thread #122]      Converting DIAMOND...
[1602773315.3803596]         [Thread #122]      Parsing DIAMOND...
[1602773315.5471137]         [Thread #122]      Annotating...
[1602773315.8463526]         [Thread #122]      Analyzing...
[1602773315.9965327]         [Thread #122]      Create read mapping...
[1602773331.6237793]         [Thread #122]    - [Thread #122] finished
[1602773333.801138]          [Thread #124]    - [Thread #124] running on [1/28] CPUs
[1602773333.8012176]         [Thread #124]      Creating output directories...
[1602773333.804412]          [Thread #124]      Translating reads...
[1602773354.0726564]         [Thread #124]      Running DIAMOND...
[1602773359.7826402]         [Thread #124]      Converting DIAMOND...
[1602773359.8969648]         [Thread #124]      Parsing DIAMOND...
[1602773360.0755663]         [Thread #124]      Annotating...
[1602773360.2715116]         [Thread #124]      Analyzing...
[1602773360.6089823]         [Thread #124]      Create read mapping...
[1602773375.9833267]         [Thread #124]    - [Thread #124] finished
[1602773356.2351296]         [Thread #125]    - [Thread #125] running on [1/28] CPUs
[1602773356.2352095]         [Thread #125]      Creating output directories...
[1602773356.237731]          [Thread #125]      Translating reads...
[1602773375.9282753]         [Thread #125]      Running DIAMOND...
[1602773381.6058388]         [Thread #125]      Converting DIAMOND...
[1602773381.7308419]         [Thread #125]      Parsing DIAMOND...
[1602773382.1608703]         [Thread #125]      Annotating...
[1602773382.601589]          [Thread #125]      Analyzing...
[1602773382.9189422]         [Thread #125]      Create read mapping...
[1602773397.8644557]         [Thread #125]    - [Thread #125] finished
[1602773378.1164367]         [Thread #126]    - [Thread #126] running on [1/28] CPUs
[1602773378.1165168]         [Thread #126]      Creating output directories...
[1602773378.1193852]         [Thread #126]      Translating reads...
[1602773398.0483806]         [Thread #126]      Running DIAMOND...
[1602773403.8245215]         [Thread #126]      Converting DIAMOND...
[1602773403.9568822]         [Thread #126]      Parsing DIAMOND...
[1602773404.309333]          [Thread #126]      Annotating...
[1602773404.7057025]         [Thread #126]      Analyzing...
[1602773404.9203944]         [Thread #126]      Create read mapping...
[1602773419.5266879]         [Thread #126]    - [Thread #126] finished
[1602773400.1236176]         [Thread #127]    - [Thread #127] running on [1/28] CPUs
[1602773400.1237016]         [Thread #127]      Creating output directories...
[1602773400.1280951]         [Thread #127]      Translating reads...
[1602773419.4949214]         [Thread #127]      Running DIAMOND...
[1602773425.135966]          [Thread #127]      Converting DIAMOND...
[1602773425.247072]          [Thread #127]      Parsing DIAMOND...
[1602773425.436789]          [Thread #127]      Annotating...
[1602773425.8050888]         [Thread #127]      Analyzing...
[1602773426.0533016]         [Thread #127]      Create read mapping...
[1602773441.454644]          [Thread #127]    - [Thread #127] finished
[1602773421.66099]           [Thread #128]    - [Thread #128] running on [1/28] CPUs
[1602773421.6610613]         [Thread #128]      Creating output directories...
[1602773421.662442]          [Thread #128]      Translating reads...
[1602773441.3197455]         [Thread #128]      Running DIAMOND...
[1602773447.162775]          [Thread #128]      Converting DIAMOND...
[1602773447.2926583]         [Thread #128]      Parsing DIAMOND...
[1602773447.5385282]         [Thread #128]      Annotating...
[1602773447.9852662]         [Thread #128]      Analyzing...
[1602773448.277013]          [Thread #128]      Create read mapping...
[1602773463.8749945]         [Thread #128]    - [Thread #128] finished
[1602773465.7537346]         [Thread #130]    - [Thread #130] running on [1/28] CPUs
[1602773465.7538157]         [Thread #130]      Creating output directories...
[1602773465.7562668]         [Thread #130]      Translating reads...
[1602773485.3201163]         [Thread #130]      Running DIAMOND...
[1602773491.0018086]         [Thread #130]      Converting DIAMOND...
[1602773491.1215122]         [Thread #130]      Parsing DIAMOND...
[1602773491.4343033]         [Thread #130]      Annotating...
[1602773491.73688]           [Thread #130]      Analyzing...
[1602773492.1001523]         [Thread #130]      Create read mapping...
[1602773507.7789695]         [Thread #130]    - [Thread #130] finished
[1602773487.6151042]         [Thread #131]    - [Thread #131] running on [1/28] CPUs
[1602773487.6151843]         [Thread #131]      Creating output directories...
[1602773487.6166945]         [Thread #131]      Translating reads...
[1602773507.5225375]         [Thread #131]      Running DIAMOND...
[1602773513.2325313]         [Thread #131]      Converting DIAMOND...
[1602773513.3435636]         [Thread #131]      Parsing DIAMOND...
[1602773513.5018635]         [Thread #131]      Annotating...
[1602773513.8778124]         [Thread #131]      Analyzing...
[1602773514.1961548]         [Thread #131]      Create read mapping...
[1602773530.2040987]         [Thread #131]    - [Thread #131] finished
[1602773532.0232549]         [Thread #133]    - [Thread #133] running on [1/28] CPUs
[1602773532.0233371]         [Thread #133]      Creating output directories...
[1602773532.024972]          [Thread #133]      Translating reads...
[1602773550.6759334]         [Thread #133]      Running DIAMOND...
[1602773556.4873974]         [Thread #133]      Converting DIAMOND...
[1602773556.6239398]         [Thread #133]      Parsing DIAMOND...
[1602773556.7709932]         [Thread #133]      Annotating...
[1602773557.075659]          [Thread #133]      Analyzing...
[1602773557.404834]          [Thread #133]      Create read mapping...
[1602773572.7079444]         [Thread #133]    - [Thread #133] finished
[1602773574.7838726]         [Thread #135]    - [Thread #135] running on [1/28] CPUs
[1602773574.7839549]         [Thread #135]      Creating output directories...
[1602773574.785516]          [Thread #135]      Translating reads...
[1602773595.5163455]         [Thread #135]      Running DIAMOND...
[1602773601.2400148]         [Thread #135]      Converting DIAMOND...
[1602773601.3483152]         [Thread #135]      Parsing DIAMOND...
[1602773601.4821868]         [Thread #135]      Annotating...
[1602773601.7870152]         [Thread #135]      Analyzing...
[1602773602.1008582]         [Thread #135]      Create read mapping...
[1602773617.543872]          [Thread #135]    - [Thread #135] finished
[1602773619.5237489]         [Thread #137]    - [Thread #137] running on [1/28] CPUs
[1602773619.5238302]         [Thread #137]      Creating output directories...
[1602773619.5253072]         [Thread #137]      Translating reads...
[1602773638.1220226]         [Thread #137]      Running DIAMOND...
[1602773643.9113798]         [Thread #137]      Converting DIAMOND...
[1602773644.0258904]         [Thread #137]      Parsing DIAMOND...
[1602773644.2740622]         [Thread #137]      Annotating...
[1602773644.595898]          [Thread #137]      Analyzing...
[1602773644.8175626]         [Thread #137]      Create read mapping...
[1602773660.4351928]         [Thread #137]    - [Thread #137] finished
[1602773640.2967398]         [Thread #138]    - [Thread #138] running on [1/28] CPUs
[1602773640.29682]           [Thread #138]      Creating output directories...
[1602773640.298396]          [Thread #138]      Translating reads...
[1602773660.251579]          [Thread #138]      Running DIAMOND...
[1602773665.813011]          [Thread #138]      Converting DIAMOND...
[1602773665.9237864]         [Thread #138]      Parsing DIAMOND...
[1602773666.1284764]         [Thread #138]      Annotating...
[1602773666.3619046]         [Thread #138]      Analyzing...
[1602773666.6739867]         [Thread #138]      Create read mapping...
[1602773682.0408425]         [Thread #138]    - [Thread #138] finished
[1602773662.4079747]         [Thread #139]    - [Thread #139] running on [1/28] CPUs
[1602773662.4080546]         [Thread #139]      Creating output directories...
[1602773662.4096432]         [Thread #139]      Translating reads...
[1602773681.7072642]         [Thread #139]      Running DIAMOND...
[1602773687.4263303]         [Thread #139]      Converting DIAMOND...
[1602773687.5408747]         [Thread #139]      Parsing DIAMOND...
[1602773687.702512]          [Thread #139]      Annotating...
[1602773687.9507763]         [Thread #139]      Analyzing...
[1602773688.269971]          [Thread #139]      Create read mapping...
[1602773703.4084654]         [Thread #139]    - [Thread #139] finished
[1602773705.3671534]         [Thread #141]    - [Thread #141] running on [1/28] CPUs
[1602773705.3672652]         [Thread #141]      Creating output directories...
[1602773705.3688507]         [Thread #141]      Translating reads...
[1602773725.3169403]         [Thread #141]      Running DIAMOND...
[1602773730.8061905]         [Thread #141]      Converting DIAMOND...
[1602773730.9321206]         [Thread #141]      Parsing DIAMOND...
[1602773731.2028549]         [Thread #141]      Annotating...
[1602773731.3943274]         [Thread #141]      Analyzing...
[1602773731.699562]          [Thread #141]      Create read mapping...
[1602773746.8985622]         [Thread #141]    - [Thread #141] finished
[1602773748.9760423]         [Thread #143]    - [Thread #143] running on [1/28] CPUs
[1602773748.9761183]         [Thread #143]      Creating output directories...
[1602773748.977728]          [Thread #143]      Translating reads...
[1602773768.9454257]         [Thread #143]      Running DIAMOND...
[1602773774.4988577]         [Thread #143]      Converting DIAMOND...
[1602773774.6219845]         [Thread #143]      Parsing DIAMOND...
[1602773774.7709966]         [Thread #143]      Annotating...
[1602773774.969386]          [Thread #143]      Analyzing...
[1602773775.1718576]         [Thread #143]      Create read mapping...
[1602773790.6560888]         [Thread #143]    - [Thread #143] finished
[1602773771.0276697]         [Thread #144]    - [Thread #144] running on [1/28] CPUs
[1602773771.0277495]         [Thread #144]      Creating output directories...
[1602773771.0309432]         [Thread #144]      Translating reads...
[1602773790.5585084]         [Thread #144]      Running DIAMOND...
[1602773796.3219602]         [Thread #144]      Converting DIAMOND...
[1602773796.452039]          [Thread #144]      Parsing DIAMOND...
[1602773796.5961528]         [Thread #144]      Annotating...
[1602773797.0347126]         [Thread #144]      Analyzing...
[1602773797.3859196]         [Thread #144]      Create read mapping...
[1602773812.8151224]         [Thread #144]    - [Thread #144] finished
[1602773858.7155004]         [Thread #148]    - [Thread #148] running on [1/28] CPUs
[1602773858.7155824]         [Thread #148]      Creating output directories...
[1602773858.7171116]         [Thread #148]      Translating reads...
[1602773878.671884]          [Thread #148]      Running DIAMOND...
[1602773884.3604403]         [Thread #148]      Converting DIAMOND...
[1602773884.4882486]         [Thread #148]      Parsing DIAMOND...
[1602773884.63218]           [Thread #148]      Annotating...
[1602773885.0229719]         [Thread #148]      Analyzing...
[1602773885.3427653]         [Thread #148]      Create read mapping...
[1602773901.1141388]         [Thread #148]    - [Thread #148] finished
[1602773880.9048843]         [Thread #149]    - [Thread #149] running on [1/28] CPUs
[1602773880.9049644]         [Thread #149]      Creating output directories...
[1602773880.9062755]         [Thread #149]      Translating reads...
[1602773901.1001143]         [Thread #149]      Running DIAMOND...
[1602773906.866355]          [Thread #149]      Converting DIAMOND...
[1602773907.0024474]         [Thread #149]      Parsing DIAMOND...
[1602773907.337185]          [Thread #149]      Annotating...
[1602773907.6649659]         [Thread #149]      Analyzing...
[1602773907.911386]          [Thread #149]      Create read mapping...
[1602773922.6347976]         [Thread #149]    - [Thread #149] finished
[1602773903.1781816]         [Thread #150]    - [Thread #150] running on [1/28] CPUs
[1602773903.1782794]         [Thread #150]      Creating output directories...
[1602773903.1796086]         [Thread #150]      Translating reads...
[1602773922.589576]          [Thread #150]      Running DIAMOND...
[1602773928.292725]          [Thread #150]      Converting DIAMOND...
[1602773928.4245234]         [Thread #150]      Parsing DIAMOND...
[1602773928.5868692]         [Thread #150]      Annotating...
[1602773928.9856436]         [Thread #150]      Analyzing...
[1602773929.3066652]         [Thread #150]      Create read mapping...
[1602773944.2087042]         [Thread #150]    - [Thread #150] finished
[1602773924.7730148]         [Thread #151]    - [Thread #151] running on [1/28] CPUs
[1602773924.7730942]         [Thread #151]      Creating output directories...
[1602773924.7751682]         [Thread #151]      Translating reads...
[1602773944.2101889]         [Thread #151]      Running DIAMOND...
[1602773949.9075758]         [Thread #151]      Converting DIAMOND...
[1602773950.0475957]         [Thread #151]      Parsing DIAMOND...
[1602773950.2098575]         [Thread #151]      Annotating...
[1602773950.5941236]         [Thread #151]      Analyzing...
[1602773950.895162]          [Thread #151]      Create read mapping...
[1602773966.0234923]         [Thread #151]    - [Thread #151] finished
[1602774054.5873392]         [Thread #157]    - [Thread #157] running on [1/28] CPUs
[1602774054.5874538]         [Thread #157]      Creating output directories...
[1602774054.588961]          [Thread #157]      Translating reads...
[1602774073.3476193]         [Thread #157]      Running DIAMOND...
[1602774079.3128197]         [Thread #157]      Converting DIAMOND...
[1602774079.4504187]         [Thread #157]      Parsing DIAMOND...
[1602774079.8164907]         [Thread #157]      Annotating...
[1602774080.0874796]         [Thread #157]      Analyzing...
[1602774080.393833]          [Thread #157]      Create read mapping...
[1602774095.4679189]         [Thread #157]    - [Thread #157] finished
[1602774097.5065646]         [Thread #159]    - [Thread #159] running on [1/28] CPUs
[1602774097.5066454]         [Thread #159]      Creating output directories...
[1602774097.5081692]         [Thread #159]      Translating reads...
[1602774117.4348845]         [Thread #159]      Running DIAMOND...
[1602774123.2816198]         [Thread #159]      Converting DIAMOND...
[1602774123.390485]          [Thread #159]      Parsing DIAMOND...
[1602774123.5887318]         [Thread #159]      Annotating...
[1602774123.7374]            [Thread #159]      Analyzing...
[1602774124.0443435]         [Thread #159]      Create read mapping...
[1602774139.15039]           [Thread #159]    - [Thread #159] finished
[1602774119.592001]          [Thread #160]    - [Thread #160] running on [1/28] CPUs
[1602774119.5920806]         [Thread #160]      Creating output directories...
[1602774119.5935874]         [Thread #160]      Translating reads...
[1602774138.9288125]         [Thread #160]      Running DIAMOND...
[1602774144.6121316]         [Thread #160]      Converting DIAMOND...
[1602774144.7399788]         [Thread #160]      Parsing DIAMOND...
[1602774145.0574641]         [Thread #160]      Annotating...
[1602774145.4907074]         [Thread #160]      Analyzing...
[1602774145.8084838]         [Thread #160]      Create read mapping...
[1602774161.0968518]         [Thread #160]    - [Thread #160] finished
[1602774141.206007]          [Thread #161]    - [Thread #161] running on [1/28] CPUs
[1602774141.206052]          [Thread #161]      Creating output directories...
[1602774141.2075522]         [Thread #161]      Translating reads...
[1602774160.898532]          [Thread #161]      Running DIAMOND...
[1602774166.6459093]         [Thread #161]      Converting DIAMOND...
[1602774166.7567554]         [Thread #161]      Parsing DIAMOND...
[1602774166.9176896]         [Thread #161]      Annotating...
[1602774167.3305662]         [Thread #161]      Analyzing...
[1602774167.627542]          [Thread #161]      Create read mapping...
[1602774182.839408]          [Thread #161]    - [Thread #161] finished
[1602774251.0818663]         [Thread #166]    - [Thread #166] running on [1/28] CPUs
[1602774251.0819466]         [Thread #166]      Creating output directories...
[1602774251.0839527]         [Thread #166]      Translating reads...
[1602774270.3342595]         [Thread #166]      Running DIAMOND...
[1602774276.2317305]         [Thread #166]      Converting DIAMOND...
[1602774276.350262]          [Thread #166]      Parsing DIAMOND...
[1602774276.6510415]         [Thread #166]      Annotating...
[1602774276.8873377]         [Thread #166]      Analyzing...
[1602774277.1965394]         [Thread #166]      Create read mapping...
[1602774291.9949343]         [Thread #166]    - [Thread #166] finished
[1602774294.072954]          [Thread #168]    - [Thread #168] running on [1/28] CPUs
[1602774294.0730362]         [Thread #168]      Creating output directories...
[1602774294.0744948]         [Thread #168]      Translating reads...
[1602774313.677846]          [Thread #168]      Running DIAMOND...
[1602774319.3558736]         [Thread #168]      Converting DIAMOND...
[1602774319.4850657]         [Thread #168]      Parsing DIAMOND...
[1602774319.6431444]         [Thread #168]      Annotating...
[1602774320.074524]          [Thread #168]      Analyzing...
[1602774320.3831434]         [Thread #168]      Create read mapping...
[1602774335.873909]          [Thread #168]    - [Thread #168] finished
[1602774337.784579]          [Thread #170]    - [Thread #170] running on [1/28] CPUs
[1602774337.7846596]         [Thread #170]      Creating output directories...
[1602774337.786123]          [Thread #170]      Translating reads...
[1602774357.5874822]         [Thread #170]      Running DIAMOND...
[1602774363.2464914]         [Thread #170]      Converting DIAMOND...
[1602774363.3581402]         [Thread #170]      Parsing DIAMOND...
[1602774363.5637534]         [Thread #170]      Annotating...
[1602774363.9727266]         [Thread #170]      Analyzing...
[1602774364.2900054]         [Thread #170]      Create read mapping...
[1602774379.7845564]         [Thread #170]    - [Thread #170] finished
[1602774359.6921468]         [Thread #171]    - [Thread #171] running on [1/28] CPUs
[1602774359.692254]          [Thread #171]      Creating output directories...
[1602774359.6937943]         [Thread #171]      Translating reads...
[1602774379.56455]           [Thread #171]      Running DIAMOND...
[1602774385.4166296]         [Thread #171]      Converting DIAMOND...
[1602774385.5359993]         [Thread #171]      Parsing DIAMOND...
[1602774385.8371632]         [Thread #171]      Annotating...
[1602774386.2520607]         [Thread #171]      Analyzing...
[1602774386.7435184]         [Thread #171]      Create read mapping...
[1602774402.1943662]         [Thread #171]    - [Thread #171] finished
[1602774381.829542]          [Thread #172]    - [Thread #172] running on [1/28] CPUs
[1602774381.8296208]         [Thread #172]      Creating output directories...
[1602774381.830771]          [Thread #172]      Translating reads...
[1602774401.1995895]         [Thread #172]      Running DIAMOND...
[1602774407.068887]          [Thread #172]      Converting DIAMOND...
[1602774407.172575]          [Thread #172]      Parsing DIAMOND...
[1602774407.3658903]         [Thread #172]      Annotating...
[1602774407.6362348]         [Thread #172]      Analyzing...
[1602774407.9253876]         [Thread #172]      Create read mapping...
[1602774423.2957854]         [Thread #172]    - [Thread #172] finished
[1602774446.7657342]         [Thread #175]    - [Thread #175] running on [1/28] CPUs
[1602774446.7658134]         [Thread #175]      Creating output directories...
[1602774446.767102]          [Thread #175]      Translating reads...
[1602774466.6678436]         [Thread #175]      Running DIAMOND...
[1602774472.2353797]         [Thread #175]      Converting DIAMOND...
[1602774472.362403]          [Thread #175]      Parsing DIAMOND...
[1602774472.5889008]         [Thread #175]      Annotating...
[1602774472.7522795]         [Thread #175]      Analyzing...
[1602774473.0705135]         [Thread #175]      Create read mapping...
[1602774489.0995636]         [Thread #175]    - [Thread #175] finished
[1602774468.97994]           [Thread #176]    - [Thread #176] running on [1/28] CPUs
[1602774468.980018]          [Thread #176]      Creating output directories...
[1602774468.9816835]         [Thread #176]      Translating reads...
[1602774488.8206859]         [Thread #176]      Running DIAMOND...
[1602774494.636353]          [Thread #176]      Converting DIAMOND...
[1602774494.7795722]         [Thread #176]      Parsing DIAMOND...
[1602774494.977285]          [Thread #176]      Annotating...
[1602774495.4073737]         [Thread #176]      Analyzing...
[1602774495.6889737]         [Thread #176]      Create read mapping...
[1602774510.6844473]         [Thread #176]    - [Thread #176] finished
[1602774534.2096279]         [Thread #179]    - [Thread #179] running on [1/28] CPUs
[1602774534.2097082]         [Thread #179]      Creating output directories...
[1602774534.2111459]         [Thread #179]      Translating reads...
[1602774554.094114]          [Thread #179]      Running DIAMOND...
[1602774559.8584542]         [Thread #179]      Converting DIAMOND...
[1602774559.989293]          [Thread #179]      Parsing DIAMOND...
[1602774560.1599588]         [Thread #179]      Annotating...
[1602774560.5979786]         [Thread #179]      Analyzing...
[1602774560.880623]          [Thread #179]      Create read mapping...
[1602774575.0922973]         [Thread #179]    - [Thread #179] finished
[1602774577.9779394]         [Thread #181]    - [Thread #181] running on [1/28] CPUs
[1602774577.9780238]         [Thread #181]      Creating output directories...
[1602774577.979975]          [Thread #181]      Translating reads...
[1602774597.2981048]         [Thread #181]      Running DIAMOND...
[1602774602.9735675]         [Thread #181]      Converting DIAMOND...
[1602774603.0980432]         [Thread #181]      Parsing DIAMOND...
[1602774603.2773728]         [Thread #181]      Annotating...
[1602774603.6759114]         [Thread #181]      Analyzing...
[1602774603.9337852]         [Thread #181]      Create read mapping...
[1602774619.291867]          [Thread #181]    - [Thread #181] finished
[1602774599.5575225]         [Thread #182]    - [Thread #182] running on [1/28] CPUs
[1602774599.5576031]         [Thread #182]      Creating output directories...
[1602774599.5596957]         [Thread #182]      Translating reads...
[1602774619.1338437]         [Thread #182]      Running DIAMOND...
[1602774624.9014966]         [Thread #182]      Converting DIAMOND...
[1602774625.0215485]         [Thread #182]      Parsing DIAMOND...
[1602774625.193688]          [Thread #182]      Annotating...
[1602774625.3932626]         [Thread #182]      Analyzing...
[1602774625.72701]           [Thread #182]      Create read mapping...
[1602774640.5807703]         [Thread #182]    - [Thread #182] finished
[1602774642.7034044]         [Thread #184]    - [Thread #184] running on [1/28] CPUs
[1602774642.703485]          [Thread #184]      Creating output directories...
[1602774642.8966765]         [Thread #184]      Translating reads...
[1602774661.9194357]         [Thread #184]      Running DIAMOND...
[1602774667.576945]          [Thread #184]      Converting DIAMOND...
[1602774667.7156494]         [Thread #184]      Parsing DIAMOND...
[1602774667.868692]          [Thread #184]      Annotating...
[1602774668.237483]          [Thread #184]      Analyzing...
[1602774668.516869]          [Thread #184]      Create read mapping...
[1602774682.6189291]         [Thread #184]    - [Thread #184] finished
[1602774684.8168879]         [Thread #186]    - [Thread #186] running on [1/28] CPUs
[1602774684.8169675]         [Thread #186]      Creating output directories...
[1602774684.8184323]         [Thread #186]      Translating reads...
[1602774704.416517]          [Thread #186]      Running DIAMOND...
[1602774710.2759607]         [Thread #186]      Converting DIAMOND...
[1602774710.4239626]         [Thread #186]      Parsing DIAMOND...
[1602774710.6277187]         [Thread #186]      Annotating...
[1602774711.0098145]         [Thread #186]      Analyzing...
[1602774711.2724838]         [Thread #186]      Create read mapping...
[1602774727.0448647]         [Thread #186]    - [Thread #186] finished
[1602774706.6515486]         [Thread #187]    - [Thread #187] running on [1/28] CPUs
[1602774706.6516292]         [Thread #187]      Creating output directories...
[1602774706.9072106]         [Thread #187]      Translating reads...
[1602774726.7963624]         [Thread #187]      Running DIAMOND...
[1602774732.510129]          [Thread #187]      Converting DIAMOND...
[1602774732.6089213]         [Thread #187]      Parsing DIAMOND...
[1602774732.965291]          [Thread #187]      Annotating...
[1602774733.3435326]         [Thread #187]      Analyzing...
[1602774733.6199427]         [Thread #187]      Create read mapping...
[1602774748.645531]          [Thread #187]    - [Thread #187] finished
[1602774772.604625]          [Thread #190]    - [Thread #190] running on [1/28] CPUs
[1602774772.6047053]         [Thread #190]      Creating output directories...
[1602774772.6061249]         [Thread #190]      Translating reads...
[1602774792.7548556]         [Thread #190]      Running DIAMOND...
[1602774798.5746875]         [Thread #190]      Converting DIAMOND...
[1602774798.6976707]         [Thread #190]      Parsing DIAMOND...
[1602774798.8540282]         [Thread #190]      Annotating...
[1602774799.256961]          [Thread #190]      Analyzing...
[1602774799.5640976]         [Thread #190]      Create read mapping...
[1602774814.8093734]         [Thread #190]    - [Thread #190] finished
[1602774794.959788]          [Thread #191]    - [Thread #191] running on [1/28] CPUs
[1602774794.9598672]         [Thread #191]      Creating output directories...
[1602774794.961399]          [Thread #191]      Translating reads...
[1602774814.6013734]         [Thread #191]      Running DIAMOND...
[1602774820.2463574]         [Thread #191]      Converting DIAMOND...
[1602774820.4175754]         [Thread #191]      Parsing DIAMOND...
[1602774820.591816]          [Thread #191]      Annotating...
[1602774820.9574344]         [Thread #191]      Analyzing...
[1602774821.2598882]         [Thread #191]      Create read mapping...
[1602774836.635779]          [Thread #191]    - [Thread #191] finished
[1602774838.7075818]         [Thread #193]    - [Thread #193] running on [1/28] CPUs
[1602774838.7076628]         [Thread #193]      Creating output directories...
[1602774838.709143]          [Thread #193]      Translating reads...
[1602774858.211711]          [Thread #193]      Running DIAMOND...
[1602774863.941593]          [Thread #193]      Converting DIAMOND...
[1602774864.0581057]         [Thread #193]      Parsing DIAMOND...
[1602774864.3267057]         [Thread #193]      Annotating...
[1602774864.5484207]         [Thread #193]      Analyzing...
[1602774864.8774748]         [Thread #193]      Create read mapping...
[1602774880.4143238]         [Thread #193]    - [Thread #193] finished
[1602774860.4342453]         [Thread #194]    - [Thread #194] running on [1/28] CPUs
[1602774860.4343288]         [Thread #194]      Creating output directories...
[1602774860.4361663]         [Thread #194]      Translating reads...
[1602774880.179145]          [Thread #194]      Running DIAMOND...
[1602774885.751717]          [Thread #194]      Converting DIAMOND...
[1602774885.8724287]         [Thread #194]      Parsing DIAMOND...
[1602774886.0294366]         [Thread #194]      Annotating...
[1602774886.4314985]         [Thread #194]      Analyzing...
[1602774886.743291]          [Thread #194]      Create read mapping...
[1602774902.3414946]         [Thread #194]    - [Thread #194] finished
[1602774882.356821]          [Thread #195]    - [Thread #195] running on [1/28] CPUs
[1602774882.3568997]         [Thread #195]      Creating output directories...
[1602774882.3585258]         [Thread #195]      Translating reads...
[1602774902.303344]          [Thread #195]      Running DIAMOND...
[1602774907.8613338]         [Thread #195]      Converting DIAMOND...
[1602774907.965119]          [Thread #195]      Parsing DIAMOND...
[1602774908.1102753]         [Thread #195]      Annotating...
[1602774908.5064847]         [Thread #195]      Analyzing...
[1602774908.825547]          [Thread #195]      Create read mapping...
[1602774924.3083231]         [Thread #195]    - [Thread #195] finished
[1602774926.3756282]         [Thread #197]    - [Thread #197] running on [1/28] CPUs
[1602774926.3757083]         [Thread #197]      Creating output directories...
[1602774926.4044619]         [Thread #197]      Translating reads...
[1602774946.1323552]         [Thread #197]      Running DIAMOND...
[1602774951.7626433]         [Thread #197]      Converting DIAMOND...
[1602774951.879232]          [Thread #197]      Parsing DIAMOND...
[1602774952.118639]          [Thread #197]      Annotating...
[1602774952.2512631]         [Thread #197]      Analyzing...
[1602774952.5805652]         [Thread #197]      Create read mapping...
[1602774968.5539918]         [Thread #197]    - [Thread #197] finished
[1602774970.7984276]         [Thread #199]    - [Thread #199] running on [1/28] CPUs
[1602774970.7985077]         [Thread #199]      Creating output directories...
[1602774970.8130975]         [Thread #199]      Translating reads...
[1602774970.8175685]         [Thread #199]  >>> [Thread #199] ERROR. logs: /scratch/ah1114/LoL/TransferLearningTasks/EC1/mifaser_metagenomes/ERR599052_cut20M/splits/ERR599052_cut20M_199/analyzed/mifaser.err
[1602774973.1877348]         [Thread #200]    - [Thread #200] running on [1/28] CPUs
[1602774973.18781]           [Thread #200]      Creating output directories...
[1602774973.2009442]         [Thread #200]      Translating reads...
[1602774988.8340743]         [Thread #200]      Running DIAMOND...
[1602774994.4900274]         [Thread #200]      Converting DIAMOND...
[1602774994.5604186]         [Thread #200]      Parsing DIAMOND...
[1602774994.646044]          [Thread #200]      Annotating...
[1602774994.6642137]         [Thread #200]      Analyzing...
[1602774994.6720996]         [Thread #200]      Create read mapping...
[1602774995.681398]          [Thread #200]    - [Thread #200] finished
[1602774995.6923811]     WARNING: result folder /scratch/ah1114/LoL/TransferLearningTasks/EC1/mifaser_metagenomes/ERR599052_cut20M/splits/ERR599052_cut20M_2 not found
[1602774995.6931145]     WARNING: result folder /scratch/ah1114/LoL/TransferLearningTasks/EC1/mifaser_metagenomes/ERR599052_cut20M/splits/ERR599052_cut20M_3 not found
[1602774995.6939206]     WARNING: result folder /scratch/ah1114/LoL/TransferLearningTasks/EC1/mifaser_metagenomes/ERR599052_cut20M/splits/ERR599052_cut20M_4 not found
[1602774995.6960049]     WARNING: result folder /scratch/ah1114/LoL/TransferLearningTasks/EC1/mifaser_metagenomes/ERR599052_cut20M/splits/ERR599052_cut20M_6 not found
[1602774995.696722]      WARNING: result folder /scratch/ah1114/LoL/TransferLearningTasks/EC1/mifaser_metagenomes/ERR599052_cut20M/splits/ERR599052_cut20M_7 not found
[1602774995.6974807]     WARNING: result folder /scratch/ah1114/LoL/TransferLearningTasks/EC1/mifaser_metagenomes/ERR599052_cut20M/splits/ERR599052_cut20M_8 not found
[1602774995.6994286]     WARNING: result folder /scratch/ah1114/LoL/TransferLearningTasks/EC1/mifaser_metagenomes/ERR599052_cut20M/splits/ERR599052_cut20M_10 not found
[1602774995.7049813]     WARNING: result folder /scratch/ah1114/LoL/TransferLearningTasks/EC1/mifaser_metagenomes/ERR599052_cut20M/splits/ERR599052_cut20M_15 not found
[1602774995.705548]      WARNING: result folder /scratch/ah1114/LoL/TransferLearningTasks/EC1/mifaser_metagenomes/ERR599052_cut20M/splits/ERR599052_cut20M_16 not found
[1602774995.7086146]     WARNING: result folder /scratch/ah1114/LoL/TransferLearningTasks/EC1/mifaser_metagenomes/ERR599052_cut20M/splits/ERR599052_cut20M_19 not found
[1602774995.710515]      WARNING: result folder /scratch/ah1114/LoL/TransferLearningTasks/EC1/mifaser_metagenomes/ERR599052_cut20M/splits/ERR599052_cut20M_21 not found
[1602774995.71193]       WARNING: result folder /scratch/ah1114/LoL/TransferLearningTasks/EC1/mifaser_metagenomes/ERR599052_cut20M/splits/ERR599052_cut20M_23 not found
[1602774995.7188597]     WARNING: result folder /scratch/ah1114/LoL/TransferLearningTasks/EC1/mifaser_metagenomes/ERR599052_cut20M/splits/ERR599052_cut20M_29 not found
[1602774995.7209413]     WARNING: result folder /scratch/ah1114/LoL/TransferLearningTasks/EC1/mifaser_metagenomes/ERR599052_cut20M/splits/ERR599052_cut20M_31 not found
[1602774995.7228312]     WARNING: result folder /scratch/ah1114/LoL/TransferLearningTasks/EC1/mifaser_metagenomes/ERR599052_cut20M/splits/ERR599052_cut20M_33 not found
[1602774995.7234666]     WARNING: result folder /scratch/ah1114/LoL/TransferLearningTasks/EC1/mifaser_metagenomes/ERR599052_cut20M/splits/ERR599052_cut20M_34 not found
[1602774995.7248032]     WARNING: result folder /scratch/ah1114/LoL/TransferLearningTasks/EC1/mifaser_metagenomes/ERR599052_cut20M/splits/ERR599052_cut20M_36 not found
[1602774995.7253785]     WARNING: result folder /scratch/ah1114/LoL/TransferLearningTasks/EC1/mifaser_metagenomes/ERR599052_cut20M/splits/ERR599052_cut20M_37 not found
[1602774995.7309659]     WARNING: result folder /scratch/ah1114/LoL/TransferLearningTasks/EC1/mifaser_metagenomes/ERR599052_cut20M/splits/ERR599052_cut20M_43 not found
[1602774995.731516]      WARNING: result folder /scratch/ah1114/LoL/TransferLearningTasks/EC1/mifaser_metagenomes/ERR599052_cut20M/splits/ERR599052_cut20M_44 not found
[1602774995.7320273]     WARNING: result folder /scratch/ah1114/LoL/TransferLearningTasks/EC1/mifaser_metagenomes/ERR599052_cut20M/splits/ERR599052_cut20M_45 not found
[1602774995.7355633]     WARNING: result folder /scratch/ah1114/LoL/TransferLearningTasks/EC1/mifaser_metagenomes/ERR599052_cut20M/splits/ERR599052_cut20M_48 not found
[1602774995.7384365]     WARNING: result folder /scratch/ah1114/LoL/TransferLearningTasks/EC1/mifaser_metagenomes/ERR599052_cut20M/splits/ERR599052_cut20M_51 not found
[1602774995.7403572]     WARNING: result folder /scratch/ah1114/LoL/TransferLearningTasks/EC1/mifaser_metagenomes/ERR599052_cut20M/splits/ERR599052_cut20M_53 not found
[1602774995.7410061]     WARNING: result folder /scratch/ah1114/LoL/TransferLearningTasks/EC1/mifaser_metagenomes/ERR599052_cut20M/splits/ERR599052_cut20M_54 not found
[1602774995.7433844]     WARNING: result folder /scratch/ah1114/LoL/TransferLearningTasks/EC1/mifaser_metagenomes/ERR599052_cut20M/splits/ERR599052_cut20M_57 not found
[1602774995.750005]      WARNING: result folder /scratch/ah1114/LoL/TransferLearningTasks/EC1/mifaser_metagenomes/ERR599052_cut20M/splits/ERR599052_cut20M_63 not found
[1602774995.7544632]     WARNING: result folder /scratch/ah1114/LoL/TransferLearningTasks/EC1/mifaser_metagenomes/ERR599052_cut20M/splits/ERR599052_cut20M_68 not found
[1602774995.7563682]     WARNING: result folder /scratch/ah1114/LoL/TransferLearningTasks/EC1/mifaser_metagenomes/ERR599052_cut20M/splits/ERR599052_cut20M_70 not found
[1602774995.757118]      WARNING: result folder /scratch/ah1114/LoL/TransferLearningTasks/EC1/mifaser_metagenomes/ERR599052_cut20M/splits/ERR599052_cut20M_71 not found
[1602774995.7636821]     WARNING: result folder /scratch/ah1114/LoL/TransferLearningTasks/EC1/mifaser_metagenomes/ERR599052_cut20M/splits/ERR599052_cut20M_77 not found
[1602774995.7664068]     WARNING: result folder /scratch/ah1114/LoL/TransferLearningTasks/EC1/mifaser_metagenomes/ERR599052_cut20M/splits/ERR599052_cut20M_80 not found
[1602774995.7718441]     WARNING: result folder /scratch/ah1114/LoL/TransferLearningTasks/EC1/mifaser_metagenomes/ERR599052_cut20M/splits/ERR599052_cut20M_85 not found
[1602774995.772436]      WARNING: result folder /scratch/ah1114/LoL/TransferLearningTasks/EC1/mifaser_metagenomes/ERR599052_cut20M/splits/ERR599052_cut20M_86 not found
[1602774995.773042]      WARNING: result folder /scratch/ah1114/LoL/TransferLearningTasks/EC1/mifaser_metagenomes/ERR599052_cut20M/splits/ERR599052_cut20M_87 not found
[1602774995.77709]       WARNING: result folder /scratch/ah1114/LoL/TransferLearningTasks/EC1/mifaser_metagenomes/ERR599052_cut20M/splits/ERR599052_cut20M_91 not found
[1602774995.7803094]     WARNING: result folder /scratch/ah1114/LoL/TransferLearningTasks/EC1/mifaser_metagenomes/ERR599052_cut20M/splits/ERR599052_cut20M_94 not found
[1602774995.7809405]     WARNING: result folder /scratch/ah1114/LoL/TransferLearningTasks/EC1/mifaser_metagenomes/ERR599052_cut20M/splits/ERR599052_cut20M_95 not found
[1602774995.782654]      WARNING: result folder /scratch/ah1114/LoL/TransferLearningTasks/EC1/mifaser_metagenomes/ERR599052_cut20M/splits/ERR599052_cut20M_97 not found
[1602774995.7833178]     WARNING: result folder /scratch/ah1114/LoL/TransferLearningTasks/EC1/mifaser_metagenomes/ERR599052_cut20M/splits/ERR599052_cut20M_98 not found
[1602774995.7852495]     WARNING: result folder /scratch/ah1114/LoL/TransferLearningTasks/EC1/mifaser_metagenomes/ERR599052_cut20M/splits/ERR599052_cut20M_101 not found
[1602774995.7858996]     WARNING: result folder /scratch/ah1114/LoL/TransferLearningTasks/EC1/mifaser_metagenomes/ERR599052_cut20M/splits/ERR599052_cut20M_102 not found
[1602774995.79046]       WARNING: result folder /scratch/ah1114/LoL/TransferLearningTasks/EC1/mifaser_metagenomes/ERR599052_cut20M/splits/ERR599052_cut20M_106 not found
[1602774995.791256]      WARNING: result folder /scratch/ah1114/LoL/TransferLearningTasks/EC1/mifaser_metagenomes/ERR599052_cut20M/splits/ERR599052_cut20M_107 not found
[1602774995.7919722]     WARNING: result folder /scratch/ah1114/LoL/TransferLearningTasks/EC1/mifaser_metagenomes/ERR599052_cut20M/splits/ERR599052_cut20M_108 not found
[1602774995.793827]      WARNING: result folder /scratch/ah1114/LoL/TransferLearningTasks/EC1/mifaser_metagenomes/ERR599052_cut20M/splits/ERR599052_cut20M_110 not found
[1602774995.7976663]     WARNING: result folder /scratch/ah1114/LoL/TransferLearningTasks/EC1/mifaser_metagenomes/ERR599052_cut20M/splits/ERR599052_cut20M_114 not found
[1602774995.798308]      WARNING: result folder /scratch/ah1114/LoL/TransferLearningTasks/EC1/mifaser_metagenomes/ERR599052_cut20M/splits/ERR599052_cut20M_115 not found
[1602774995.8011599]     WARNING: result folder /scratch/ah1114/LoL/TransferLearningTasks/EC1/mifaser_metagenomes/ERR599052_cut20M/splits/ERR599052_cut20M_118 not found
[1602774995.8017995]     WARNING: result folder /scratch/ah1114/LoL/TransferLearningTasks/EC1/mifaser_metagenomes/ERR599052_cut20M/splits/ERR599052_cut20M_119 not found
[1602774995.8034494]     WARNING: result folder /scratch/ah1114/LoL/TransferLearningTasks/EC1/mifaser_metagenomes/ERR599052_cut20M/splits/ERR599052_cut20M_121 not found
[1602774995.8051]        WARNING: result folder /scratch/ah1114/LoL/TransferLearningTasks/EC1/mifaser_metagenomes/ERR599052_cut20M/splits/ERR599052_cut20M_123 not found
[1602774995.8107154]     WARNING: result folder /scratch/ah1114/LoL/TransferLearningTasks/EC1/mifaser_metagenomes/ERR599052_cut20M/splits/ERR599052_cut20M_129 not found
[1602774995.813741]      WARNING: result folder /scratch/ah1114/LoL/TransferLearningTasks/EC1/mifaser_metagenomes/ERR599052_cut20M/splits/ERR599052_cut20M_132 not found
[1602774995.815829]      WARNING: result folder /scratch/ah1114/LoL/TransferLearningTasks/EC1/mifaser_metagenomes/ERR599052_cut20M/splits/ERR599052_cut20M_134 not found
[1602774995.8176785]     WARNING: result folder /scratch/ah1114/LoL/TransferLearningTasks/EC1/mifaser_metagenomes/ERR599052_cut20M/splits/ERR599052_cut20M_136 not found
[1602774995.8255773]     WARNING: result folder /scratch/ah1114/LoL/TransferLearningTasks/EC1/mifaser_metagenomes/ERR599052_cut20M/splits/ERR599052_cut20M_142 not found
[1602774995.8285]        WARNING: result folder /scratch/ah1114/LoL/TransferLearningTasks/EC1/mifaser_metagenomes/ERR599052_cut20M/splits/ERR599052_cut20M_146 not found
[1602774995.8291516]     WARNING: result folder /scratch/ah1114/LoL/TransferLearningTasks/EC1/mifaser_metagenomes/ERR599052_cut20M/splits/ERR599052_cut20M_147 not found
[1602774995.833719]      WARNING: result folder /scratch/ah1114/LoL/TransferLearningTasks/EC1/mifaser_metagenomes/ERR599052_cut20M/splits/ERR599052_cut20M_152 not found
[1602774995.8342962]     WARNING: result folder /scratch/ah1114/LoL/TransferLearningTasks/EC1/mifaser_metagenomes/ERR599052_cut20M/splits/ERR599052_cut20M_153 not found
[1602774995.8350644]     WARNING: result folder /scratch/ah1114/LoL/TransferLearningTasks/EC1/mifaser_metagenomes/ERR599052_cut20M/splits/ERR599052_cut20M_154 not found
[1602774995.835685]      WARNING: result folder /scratch/ah1114/LoL/TransferLearningTasks/EC1/mifaser_metagenomes/ERR599052_cut20M/splits/ERR599052_cut20M_155 not found
[1602774995.8363616]     WARNING: result folder /scratch/ah1114/LoL/TransferLearningTasks/EC1/mifaser_metagenomes/ERR599052_cut20M/splits/ERR599052_cut20M_156 not found
[1602774995.8376698]     WARNING: result folder /scratch/ah1114/LoL/TransferLearningTasks/EC1/mifaser_metagenomes/ERR599052_cut20M/splits/ERR599052_cut20M_158 not found
[1602774995.841548]      WARNING: result folder /scratch/ah1114/LoL/TransferLearningTasks/EC1/mifaser_metagenomes/ERR599052_cut20M/splits/ERR599052_cut20M_162 not found
[1602774995.8420413]     WARNING: result folder /scratch/ah1114/LoL/TransferLearningTasks/EC1/mifaser_metagenomes/ERR599052_cut20M/splits/ERR599052_cut20M_163 not found
[1602774995.842601]      WARNING: result folder /scratch/ah1114/LoL/TransferLearningTasks/EC1/mifaser_metagenomes/ERR599052_cut20M/splits/ERR599052_cut20M_164 not found
[1602774995.843152]      WARNING: result folder /scratch/ah1114/LoL/TransferLearningTasks/EC1/mifaser_metagenomes/ERR599052_cut20M/splits/ERR599052_cut20M_165 not found
[1602774995.8442183]     WARNING: result folder /scratch/ah1114/LoL/TransferLearningTasks/EC1/mifaser_metagenomes/ERR599052_cut20M/splits/ERR599052_cut20M_167 not found
[1602774995.8531477]     WARNING: result folder /scratch/ah1114/LoL/TransferLearningTasks/EC1/mifaser_metagenomes/ERR599052_cut20M/splits/ERR599052_cut20M_169 not found
[1602774995.8581023]     WARNING: result folder /scratch/ah1114/LoL/TransferLearningTasks/EC1/mifaser_metagenomes/ERR599052_cut20M/splits/ERR599052_cut20M_173 not found
[1602774995.8587844]     WARNING: result folder /scratch/ah1114/LoL/TransferLearningTasks/EC1/mifaser_metagenomes/ERR599052_cut20M/splits/ERR599052_cut20M_174 not found
[1602774995.8611827]     WARNING: result folder /scratch/ah1114/LoL/TransferLearningTasks/EC1/mifaser_metagenomes/ERR599052_cut20M/splits/ERR599052_cut20M_178 not found
[1602774995.8623579]     WARNING: result folder /scratch/ah1114/LoL/TransferLearningTasks/EC1/mifaser_metagenomes/ERR599052_cut20M/splits/ERR599052_cut20M_180 not found
[1602774995.8647718]     WARNING: result folder /scratch/ah1114/LoL/TransferLearningTasks/EC1/mifaser_metagenomes/ERR599052_cut20M/splits/ERR599052_cut20M_183 not found
[1602774995.8666058]     WARNING: result folder /scratch/ah1114/LoL/TransferLearningTasks/EC1/mifaser_metagenomes/ERR599052_cut20M/splits/ERR599052_cut20M_185 not found
[1602774995.8691626]     WARNING: result folder /scratch/ah1114/LoL/TransferLearningTasks/EC1/mifaser_metagenomes/ERR599052_cut20M/splits/ERR599052_cut20M_188 not found
[1602774995.8697598]     WARNING: result folder /scratch/ah1114/LoL/TransferLearningTasks/EC1/mifaser_metagenomes/ERR599052_cut20M/splits/ERR599052_cut20M_189 not found
[1602774995.871683]      WARNING: result folder /scratch/ah1114/LoL/TransferLearningTasks/EC1/mifaser_metagenomes/ERR599052_cut20M/splits/ERR599052_cut20M_192 not found
[1602774995.8750896]     WARNING: result folder /scratch/ah1114/LoL/TransferLearningTasks/EC1/mifaser_metagenomes/ERR599052_cut20M/splits/ERR599052_cut20M_196 not found
[1602774995.8764439]     WARNING: result folder /scratch/ah1114/LoL/TransferLearningTasks/EC1/mifaser_metagenomes/ERR599052_cut20M/splits/ERR599052_cut20M_198 not found
[1602774995.877881]      WARNING: found 118 result folders for 200 jobs
[1602774995.8797023]      *  Merging 118 splits...
[1602774996.681675]      WARNING: Missing analysis file: /scratch/ah1114/LoL/TransferLearningTasks/EC1/mifaser_metagenomes/ERR599052_cut20M/splits/ERR599052_cut20M_27/analyzed/analysis.tsv
[1602774996.6817098]     WARNING: Missing eccount file: /scratch/ah1114/LoL/TransferLearningTasks/EC1/mifaser_metagenomes/ERR599052_cut20M/splits/ERR599052_cut20M_27/analyzed/ec_count.tsv
[1602774996.681728]      WARNING: Missing multiec file: /scratch/ah1114/LoL/TransferLearningTasks/EC1/mifaser_metagenomes/ERR599052_cut20M/splits/ERR599052_cut20M_27/analyzed/multi_ec.tsv
[1602774998.33316]       WARNING: Missing analysis file: /scratch/ah1114/LoL/TransferLearningTasks/EC1/mifaser_metagenomes/ERR599052_cut20M/splits/ERR599052_cut20M_76/analyzed/analysis.tsv
[1602774998.333201]      WARNING: Missing eccount file: /scratch/ah1114/LoL/TransferLearningTasks/EC1/mifaser_metagenomes/ERR599052_cut20M/splits/ERR599052_cut20M_76/analyzed/ec_count.tsv
[1602774998.3332224]     WARNING: Missing multiec file: /scratch/ah1114/LoL/TransferLearningTasks/EC1/mifaser_metagenomes/ERR599052_cut20M/splits/ERR599052_cut20M_76/analyzed/multi_ec.tsv
[1602774999.2177277]     WARNING: Missing analysis file: /scratch/ah1114/LoL/TransferLearningTasks/EC1/mifaser_metagenomes/ERR599052_cut20M/splits/ERR599052_cut20M_113/analyzed/analysis.tsv
[1602774999.2177842]     WARNING: Missing eccount file: /scratch/ah1114/LoL/TransferLearningTasks/EC1/mifaser_metagenomes/ERR599052_cut20M/splits/ERR599052_cut20M_113/analyzed/ec_count.tsv
[1602774999.2177985]     WARNING: Missing multiec file: /scratch/ah1114/LoL/TransferLearningTasks/EC1/mifaser_metagenomes/ERR599052_cut20M/splits/ERR599052_cut20M_113/analyzed/multi_ec.tsv
[1602775000.0391998]     WARNING: Missing analysis file: /scratch/ah1114/LoL/TransferLearningTasks/EC1/mifaser_metagenomes/ERR599052_cut20M/splits/ERR599052_cut20M_140/analyzed/analysis.tsv
[1602775000.0392544]     WARNING: Missing eccount file: /scratch/ah1114/LoL/TransferLearningTasks/EC1/mifaser_metagenomes/ERR599052_cut20M/splits/ERR599052_cut20M_140/analyzed/ec_count.tsv
[1602775000.0392911]     WARNING: Missing multiec file: /scratch/ah1114/LoL/TransferLearningTasks/EC1/mifaser_metagenomes/ERR599052_cut20M/splits/ERR599052_cut20M_140/analyzed/multi_ec.tsv
[1602775000.2721338]     WARNING: Missing analysis file: /scratch/ah1114/LoL/TransferLearningTasks/EC1/mifaser_metagenomes/ERR599052_cut20M/splits/ERR599052_cut20M_145/analyzed/analysis.tsv
[1602775000.272164]      WARNING: Missing eccount file: /scratch/ah1114/LoL/TransferLearningTasks/EC1/mifaser_metagenomes/ERR599052_cut20M/splits/ERR599052_cut20M_145/analyzed/ec_count.tsv
[1602775000.2721808]     WARNING: Missing multiec file: /scratch/ah1114/LoL/TransferLearningTasks/EC1/mifaser_metagenomes/ERR599052_cut20M/splits/ERR599052_cut20M_145/analyzed/multi_ec.tsv
[1602775000.994928]      WARNING: Missing analysis file: /scratch/ah1114/LoL/TransferLearningTasks/EC1/mifaser_metagenomes/ERR599052_cut20M/splits/ERR599052_cut20M_177/analyzed/analysis.tsv
[1602775000.9949756]     WARNING: Missing eccount file: /scratch/ah1114/LoL/TransferLearningTasks/EC1/mifaser_metagenomes/ERR599052_cut20M/splits/ERR599052_cut20M_177/analyzed/ec_count.tsv
[1602775000.9950128]     WARNING: Missing multiec file: /scratch/ah1114/LoL/TransferLearningTasks/EC1/mifaser_metagenomes/ERR599052_cut20M/splits/ERR599052_cut20M_177/analyzed/multi_ec.tsv
[1602775065.8007026]     WARNING: Missing result files: analysis:6 eccount:6 multiec:6 (resultfolder count:118/200)
[1602775065.8007238]     *** ERROR. logs: /scratch/ah1114/LoL/TransferLearningTasks/EC1/mifaser_metagenomes/ERR599052_cut20M/mifaser.err
[1602775065.829504]      *** Results saved to: /scratch/ah1114/LoL/TransferLearningTasks/EC1/mifaser_metagenomes/ERR599052_cut20M
 
 --- exited with errors after 1:14:46.464796 --- 

