 
 --- mi-faser 1.58 (10/25/19) ---
    - [ DIAMOND v0.9.21 ] -
    - [ Database:database build:122 Sequences:2865 ] -
 
[1602774679.512991]      *** Running mifaser with up to 28 parallel thread(s)
[1602774989.096597]      *** Post-processing...
[1602770457.6616075]     *** Input: Uncompressed file ERR599063_cut20M.fastq
[1602770457.6616218]         Converting ERR599063_cut20M.fastq from fastq to fasta format...
[1602770536.3461735]         Getting input file statistics...
[1602770536.3470795]         Input file size: 3478MB
[1602770548.9176147]         Input file reads: 20000000
[1602774693.3572495]         [Thread #188]    - [Thread #188] running on [1/28] CPUs
[1602774693.3573303]         [Thread #188]      Creating output directories...
[1602774693.3711665]         [Thread #188]      Translating reads...
[1602774713.4390323]         [Thread #188]      Running DIAMOND...
[1602774719.5264735]         [Thread #188]      Converting DIAMOND...
[1602774719.7595935]         [Thread #188]      Parsing DIAMOND...
[1602774720.049609]          [Thread #188]      Annotating...
[1602774720.1896014]         [Thread #188]      Analyzing...
[1602774720.4811037]         [Thread #188]      Create read mapping...
[1602774736.0996623]         [Thread #188]    - [Thread #188] finished
[1602774715.5942547]         [Thread #189]    - [Thread #189] running on [1/28] CPUs
[1602774715.5943353]         [Thread #189]      Creating output directories...
[1602774715.6083775]         [Thread #189]      Translating reads...
[1602774735.8029327]         [Thread #189]      Running DIAMOND...
[1602774741.953659]          [Thread #189]      Converting DIAMOND...
[1602774742.0986042]         [Thread #189]      Parsing DIAMOND...
[1602774742.2782464]         [Thread #189]      Annotating...
[1602774742.4348373]         [Thread #189]      Analyzing...
[1602774742.7586045]         [Thread #189]      Create read mapping...
[1602774758.4823089]         [Thread #189]    - [Thread #189] finished
[1602774738.0013847]         [Thread #190]    - [Thread #190] running on [1/28] CPUs
[1602774738.001516]          [Thread #190]      Creating output directories...
[1602774738.014543]          [Thread #190]      Translating reads...
[1602774758.4015708]         [Thread #190]      Running DIAMOND...
[1602774764.3546968]         [Thread #190]      Converting DIAMOND...
[1602774764.4807298]         [Thread #190]      Parsing DIAMOND...
[1602774764.6365209]         [Thread #190]      Annotating...
[1602774764.9236693]         [Thread #190]      Analyzing...
[1602774765.2044096]         [Thread #190]      Create read mapping...
[1602774780.7457411]         [Thread #190]    - [Thread #190] finished
[1602774760.523897]          [Thread #191]    - [Thread #191] running on [1/28] CPUs
[1602774760.5239782]         [Thread #191]      Creating output directories...
[1602774760.5391047]         [Thread #191]      Translating reads...
[1602774780.5575712]         [Thread #191]      Running DIAMOND...
[1602774786.7884946]         [Thread #191]      Converting DIAMOND...
[1602774786.9295144]         [Thread #191]      Parsing DIAMOND...
[1602774787.130103]          [Thread #191]      Annotating...
[1602774787.5781248]         [Thread #191]      Analyzing...
[1602774787.7119079]         [Thread #191]      Create read mapping...
[1602774803.9877667]         [Thread #191]    - [Thread #191] finished
[1602774783.2023494]         [Thread #192]    - [Thread #192] running on [1/28] CPUs
[1602774783.2024302]         [Thread #192]      Creating output directories...
[1602774783.216536]          [Thread #192]      Translating reads...
[1602774803.9396367]         [Thread #192]      Running DIAMOND...
[1602774809.4497378]         [Thread #192]      Converting DIAMOND...
[1602774809.5670083]         [Thread #192]      Parsing DIAMOND...
[1602774809.7287474]         [Thread #192]      Annotating...
[1602774810.145197]          [Thread #192]      Analyzing...
[1602774810.4754984]         [Thread #192]      Create read mapping...
[1602774827.6576984]         [Thread #192]    - [Thread #192] finished
[1602774806.063738]          [Thread #193]    - [Thread #193] running on [1/28] CPUs
[1602774806.063775]          [Thread #193]      Creating output directories...
[1602774806.0689664]         [Thread #193]      Translating reads...
[1602774827.6056135]         [Thread #193]      Running DIAMOND...
[1602774833.087545]          [Thread #193]      Converting DIAMOND...
[1602774833.2315917]         [Thread #193]      Parsing DIAMOND...
[1602774833.3988209]         [Thread #193]      Annotating...
[1602774833.8127549]         [Thread #193]      Analyzing...
[1602774834.1557305]         [Thread #193]      Create read mapping...
[1602774850.911423]          [Thread #193]    - [Thread #193] finished
[1602774829.7453954]         [Thread #194]    - [Thread #194] running on [1/28] CPUs
[1602774829.7455187]         [Thread #194]      Creating output directories...
[1602774829.7469516]         [Thread #194]      Translating reads...
[1602774850.8508534]         [Thread #194]      Running DIAMOND...
[1602774856.368676]          [Thread #194]      Converting DIAMOND...
[1602774856.4847586]         [Thread #194]      Parsing DIAMOND...
[1602774856.8310707]         [Thread #194]      Annotating...
[1602774857.0772696]         [Thread #194]      Analyzing...
[1602774857.2635548]         [Thread #194]      Create read mapping...
[1602774873.206481]          [Thread #194]    - [Thread #194] finished
[1602774852.9497046]         [Thread #195]    - [Thread #195] running on [1/28] CPUs
[1602774852.9497864]         [Thread #195]      Creating output directories...
[1602774852.9512148]         [Thread #195]      Translating reads...
[1602774873.182836]          [Thread #195]      Running DIAMOND...
[1602774878.7220309]         [Thread #195]      Converting DIAMOND...
[1602774878.863375]          [Thread #195]      Parsing DIAMOND...
[1602774879.0441473]         [Thread #195]      Annotating...
[1602774879.5074887]         [Thread #195]      Analyzing...
[1602774879.8355312]         [Thread #195]      Create read mapping...
[1602774895.935584]          [Thread #195]    - [Thread #195] finished
[1602774875.2449179]         [Thread #196]    - [Thread #196] running on [1/28] CPUs
[1602774875.2449985]         [Thread #196]      Creating output directories...
[1602774875.2465696]         [Thread #196]      Translating reads...
[1602774895.8331609]         [Thread #196]      Running DIAMOND...
[1602774901.3023818]         [Thread #196]      Converting DIAMOND...
[1602774901.433874]          [Thread #196]      Parsing DIAMOND...
[1602774902.100114]          [Thread #196]      Annotating...
[1602774902.3066626]         [Thread #196]      Analyzing...
[1602774902.5357628]         [Thread #196]      Create read mapping...
[1602774918.5696306]         [Thread #196]    - [Thread #196] finished
[1602774898.075511]          [Thread #197]    - [Thread #197] running on [1/28] CPUs
[1602774898.075593]          [Thread #197]      Creating output directories...
[1602774898.0770242]         [Thread #197]      Translating reads...
[1602774918.5369098]         [Thread #197]      Running DIAMOND...
[1602774923.9578855]         [Thread #197]      Converting DIAMOND...
[1602774924.0724914]         [Thread #197]      Parsing DIAMOND...
[1602774924.2214458]         [Thread #197]      Annotating...
[1602774924.699953]          [Thread #197]      Analyzing...
[1602774924.9114528]         [Thread #197]      Create read mapping...
[1602774941.0717406]         [Thread #197]    - [Thread #197] finished
[1602774920.5870626]         [Thread #198]    - [Thread #198] running on [1/28] CPUs
[1602774920.5871437]         [Thread #198]      Creating output directories...
[1602774920.5885253]         [Thread #198]      Translating reads...
[1602774940.9818006]         [Thread #198]      Running DIAMOND...
[1602774946.542747]          [Thread #198]      Converting DIAMOND...
[1602774946.6505902]         [Thread #198]      Parsing DIAMOND...
[1602774947.2296224]         [Thread #198]      Annotating...
[1602774947.3490105]         [Thread #198]      Analyzing...
[1602774947.7651966]         [Thread #198]      Create read mapping...
[1602774964.15601]           [Thread #198]    - [Thread #198] finished
[1602774943.2055233]         [Thread #199]    - [Thread #199] running on [1/28] CPUs
[1602774943.2056074]         [Thread #199]      Creating output directories...
[1602774943.2070124]         [Thread #199]      Translating reads...
[1602774964.1212265]         [Thread #199]      Running DIAMOND...
[1602774969.6850612]         [Thread #199]      Converting DIAMOND...
[1602774969.8216527]         [Thread #199]      Parsing DIAMOND...
[1602774970.0210166]         [Thread #199]      Annotating...
[1602774970.217255]          [Thread #199]      Analyzing...
[1602774970.471487]          [Thread #199]      Create read mapping...
[1602774982.932355]          [Thread #199]    - [Thread #199] finished
[1602774966.1406186]         [Thread #200]    - [Thread #200] running on [1/28] CPUs
[1602774966.1407099]         [Thread #200]      Creating output directories...
[1602774966.1434534]         [Thread #200]      Translating reads...
[1602774982.5735323]         [Thread #200]      Running DIAMOND...
[1602774988.2862575]         [Thread #200]      Converting DIAMOND...
[1602774988.355913]          [Thread #200]      Parsing DIAMOND...
[1602774988.4515615]         [Thread #200]      Annotating...
[1602774988.4708529]         [Thread #200]      Analyzing...
[1602774988.4796154]         [Thread #200]      Create read mapping...
[1602774989.0880833]         [Thread #200]    - [Thread #200] finished
[1602774989.0974576]     WARNING: result folder /scratch/ah1114/LoL/TransferLearningTasks/EC1/mifaser_metagenomes/ERR599063_cut20M/splits/ERR599063_cut20M_1 not found
[1602774989.0975614]     WARNING: result folder /scratch/ah1114/LoL/TransferLearningTasks/EC1/mifaser_metagenomes/ERR599063_cut20M/splits/ERR599063_cut20M_2 not found
[1602774989.0976398]     WARNING: result folder /scratch/ah1114/LoL/TransferLearningTasks/EC1/mifaser_metagenomes/ERR599063_cut20M/splits/ERR599063_cut20M_3 not found
[1602774989.0977132]     WARNING: result folder /scratch/ah1114/LoL/TransferLearningTasks/EC1/mifaser_metagenomes/ERR599063_cut20M/splits/ERR599063_cut20M_4 not found
[1602774989.097784]      WARNING: result folder /scratch/ah1114/LoL/TransferLearningTasks/EC1/mifaser_metagenomes/ERR599063_cut20M/splits/ERR599063_cut20M_5 not found
[1602774989.0978544]     WARNING: result folder /scratch/ah1114/LoL/TransferLearningTasks/EC1/mifaser_metagenomes/ERR599063_cut20M/splits/ERR599063_cut20M_6 not found
[1602774989.0979238]     WARNING: result folder /scratch/ah1114/LoL/TransferLearningTasks/EC1/mifaser_metagenomes/ERR599063_cut20M/splits/ERR599063_cut20M_7 not found
[1602774989.0979927]     WARNING: result folder /scratch/ah1114/LoL/TransferLearningTasks/EC1/mifaser_metagenomes/ERR599063_cut20M/splits/ERR599063_cut20M_8 not found
[1602774989.098062]      WARNING: result folder /scratch/ah1114/LoL/TransferLearningTasks/EC1/mifaser_metagenomes/ERR599063_cut20M/splits/ERR599063_cut20M_9 not found
[1602774989.098133]      WARNING: result folder /scratch/ah1114/LoL/TransferLearningTasks/EC1/mifaser_metagenomes/ERR599063_cut20M/splits/ERR599063_cut20M_10 not found
[1602774989.098203]      WARNING: result folder /scratch/ah1114/LoL/TransferLearningTasks/EC1/mifaser_metagenomes/ERR599063_cut20M/splits/ERR599063_cut20M_11 not found
[1602774989.0982735]     WARNING: result folder /scratch/ah1114/LoL/TransferLearningTasks/EC1/mifaser_metagenomes/ERR599063_cut20M/splits/ERR599063_cut20M_12 not found
[1602774989.0983434]     WARNING: result folder /scratch/ah1114/LoL/TransferLearningTasks/EC1/mifaser_metagenomes/ERR599063_cut20M/splits/ERR599063_cut20M_13 not found
[1602774989.0984125]     WARNING: result folder /scratch/ah1114/LoL/TransferLearningTasks/EC1/mifaser_metagenomes/ERR599063_cut20M/splits/ERR599063_cut20M_14 not found
[1602774989.0984974]     WARNING: result folder /scratch/ah1114/LoL/TransferLearningTasks/EC1/mifaser_metagenomes/ERR599063_cut20M/splits/ERR599063_cut20M_15 not found
[1602774989.098569]      WARNING: result folder /scratch/ah1114/LoL/TransferLearningTasks/EC1/mifaser_metagenomes/ERR599063_cut20M/splits/ERR599063_cut20M_16 not found
[1602774989.098639]      WARNING: result folder /scratch/ah1114/LoL/TransferLearningTasks/EC1/mifaser_metagenomes/ERR599063_cut20M/splits/ERR599063_cut20M_17 not found
[1602774989.0987093]     WARNING: result folder /scratch/ah1114/LoL/TransferLearningTasks/EC1/mifaser_metagenomes/ERR599063_cut20M/splits/ERR599063_cut20M_18 not found
[1602774989.0987835]     WARNING: result folder /scratch/ah1114/LoL/TransferLearningTasks/EC1/mifaser_metagenomes/ERR599063_cut20M/splits/ERR599063_cut20M_19 not found
[1602774989.0988526]     WARNING: result folder /scratch/ah1114/LoL/TransferLearningTasks/EC1/mifaser_metagenomes/ERR599063_cut20M/splits/ERR599063_cut20M_20 not found
[1602774989.0989246]     WARNING: result folder /scratch/ah1114/LoL/TransferLearningTasks/EC1/mifaser_metagenomes/ERR599063_cut20M/splits/ERR599063_cut20M_21 not found
[1602774989.0989957]     WARNING: result folder /scratch/ah1114/LoL/TransferLearningTasks/EC1/mifaser_metagenomes/ERR599063_cut20M/splits/ERR599063_cut20M_22 not found
[1602774989.0990648]     WARNING: result folder /scratch/ah1114/LoL/TransferLearningTasks/EC1/mifaser_metagenomes/ERR599063_cut20M/splits/ERR599063_cut20M_23 not found
[1602774989.0991337]     WARNING: result folder /scratch/ah1114/LoL/TransferLearningTasks/EC1/mifaser_metagenomes/ERR599063_cut20M/splits/ERR599063_cut20M_24 not found
[1602774989.0992024]     WARNING: result folder /scratch/ah1114/LoL/TransferLearningTasks/EC1/mifaser_metagenomes/ERR599063_cut20M/splits/ERR599063_cut20M_25 not found
[1602774989.099271]      WARNING: result folder /scratch/ah1114/LoL/TransferLearningTasks/EC1/mifaser_metagenomes/ERR599063_cut20M/splits/ERR599063_cut20M_26 not found
[1602774989.099341]      WARNING: result folder /scratch/ah1114/LoL/TransferLearningTasks/EC1/mifaser_metagenomes/ERR599063_cut20M/splits/ERR599063_cut20M_27 not found
[1602774989.0994098]     WARNING: result folder /scratch/ah1114/LoL/TransferLearningTasks/EC1/mifaser_metagenomes/ERR599063_cut20M/splits/ERR599063_cut20M_28 not found
[1602774989.099492]      WARNING: result folder /scratch/ah1114/LoL/TransferLearningTasks/EC1/mifaser_metagenomes/ERR599063_cut20M/splits/ERR599063_cut20M_29 not found
[1602774989.099564]      WARNING: result folder /scratch/ah1114/LoL/TransferLearningTasks/EC1/mifaser_metagenomes/ERR599063_cut20M/splits/ERR599063_cut20M_30 not found
[1602774989.0996335]     WARNING: result folder /scratch/ah1114/LoL/TransferLearningTasks/EC1/mifaser_metagenomes/ERR599063_cut20M/splits/ERR599063_cut20M_31 not found
[1602774989.099707]      WARNING: result folder /scratch/ah1114/LoL/TransferLearningTasks/EC1/mifaser_metagenomes/ERR599063_cut20M/splits/ERR599063_cut20M_32 not found
[1602774989.0997765]     WARNING: result folder /scratch/ah1114/LoL/TransferLearningTasks/EC1/mifaser_metagenomes/ERR599063_cut20M/splits/ERR599063_cut20M_33 not found
[1602774989.099846]      WARNING: result folder /scratch/ah1114/LoL/TransferLearningTasks/EC1/mifaser_metagenomes/ERR599063_cut20M/splits/ERR599063_cut20M_34 not found
[1602774989.099915]      WARNING: result folder /scratch/ah1114/LoL/TransferLearningTasks/EC1/mifaser_metagenomes/ERR599063_cut20M/splits/ERR599063_cut20M_35 not found
[1602774989.0999835]     WARNING: result folder /scratch/ah1114/LoL/TransferLearningTasks/EC1/mifaser_metagenomes/ERR599063_cut20M/splits/ERR599063_cut20M_36 not found
[1602774989.100054]      WARNING: result folder /scratch/ah1114/LoL/TransferLearningTasks/EC1/mifaser_metagenomes/ERR599063_cut20M/splits/ERR599063_cut20M_37 not found
[1602774989.1001232]     WARNING: result folder /scratch/ah1114/LoL/TransferLearningTasks/EC1/mifaser_metagenomes/ERR599063_cut20M/splits/ERR599063_cut20M_38 not found
[1602774989.1001923]     WARNING: result folder /scratch/ah1114/LoL/TransferLearningTasks/EC1/mifaser_metagenomes/ERR599063_cut20M/splits/ERR599063_cut20M_39 not found
[1602774989.1002617]     WARNING: result folder /scratch/ah1114/LoL/TransferLearningTasks/EC1/mifaser_metagenomes/ERR599063_cut20M/splits/ERR599063_cut20M_40 not found
[1602774989.1003351]     WARNING: result folder /scratch/ah1114/LoL/TransferLearningTasks/EC1/mifaser_metagenomes/ERR599063_cut20M/splits/ERR599063_cut20M_41 not found
[1602774989.1004045]     WARNING: result folder /scratch/ah1114/LoL/TransferLearningTasks/EC1/mifaser_metagenomes/ERR599063_cut20M/splits/ERR599063_cut20M_42 not found
[1602774989.1005118]     WARNING: result folder /scratch/ah1114/LoL/TransferLearningTasks/EC1/mifaser_metagenomes/ERR599063_cut20M/splits/ERR599063_cut20M_43 not found
[1602774989.100587]      WARNING: result folder /scratch/ah1114/LoL/TransferLearningTasks/EC1/mifaser_metagenomes/ERR599063_cut20M/splits/ERR599063_cut20M_44 not found
[1602774989.1006572]     WARNING: result folder /scratch/ah1114/LoL/TransferLearningTasks/EC1/mifaser_metagenomes/ERR599063_cut20M/splits/ERR599063_cut20M_45 not found
[1602774989.100727]      WARNING: result folder /scratch/ah1114/LoL/TransferLearningTasks/EC1/mifaser_metagenomes/ERR599063_cut20M/splits/ERR599063_cut20M_46 not found
[1602774989.1007962]     WARNING: result folder /scratch/ah1114/LoL/TransferLearningTasks/EC1/mifaser_metagenomes/ERR599063_cut20M/splits/ERR599063_cut20M_47 not found
[1602774989.1008723]     WARNING: result folder /scratch/ah1114/LoL/TransferLearningTasks/EC1/mifaser_metagenomes/ERR599063_cut20M/splits/ERR599063_cut20M_48 not found
[1602774989.100916]      WARNING: result folder /scratch/ah1114/LoL/TransferLearningTasks/EC1/mifaser_metagenomes/ERR599063_cut20M/splits/ERR599063_cut20M_49 not found
[1602774989.1009595]     WARNING: result folder /scratch/ah1114/LoL/TransferLearningTasks/EC1/mifaser_metagenomes/ERR599063_cut20M/splits/ERR599063_cut20M_50 not found
[1602774989.101003]      WARNING: result folder /scratch/ah1114/LoL/TransferLearningTasks/EC1/mifaser_metagenomes/ERR599063_cut20M/splits/ERR599063_cut20M_51 not found
[1602774989.1010463]     WARNING: result folder /scratch/ah1114/LoL/TransferLearningTasks/EC1/mifaser_metagenomes/ERR599063_cut20M/splits/ERR599063_cut20M_52 not found
[1602774989.1010914]     WARNING: result folder /scratch/ah1114/LoL/TransferLearningTasks/EC1/mifaser_metagenomes/ERR599063_cut20M/splits/ERR599063_cut20M_53 not found
[1602774989.101136]      WARNING: result folder /scratch/ah1114/LoL/TransferLearningTasks/EC1/mifaser_metagenomes/ERR599063_cut20M/splits/ERR599063_cut20M_54 not found
[1602774989.1011796]     WARNING: result folder /scratch/ah1114/LoL/TransferLearningTasks/EC1/mifaser_metagenomes/ERR599063_cut20M/splits/ERR599063_cut20M_55 not found
[1602774989.1012228]     WARNING: result folder /scratch/ah1114/LoL/TransferLearningTasks/EC1/mifaser_metagenomes/ERR599063_cut20M/splits/ERR599063_cut20M_56 not found
[1602774989.1012657]     WARNING: result folder /scratch/ah1114/LoL/TransferLearningTasks/EC1/mifaser_metagenomes/ERR599063_cut20M/splits/ERR599063_cut20M_57 not found
[1602774989.1013095]     WARNING: result folder /scratch/ah1114/LoL/TransferLearningTasks/EC1/mifaser_metagenomes/ERR599063_cut20M/splits/ERR599063_cut20M_58 not found
[1602774989.101353]      WARNING: result folder /scratch/ah1114/LoL/TransferLearningTasks/EC1/mifaser_metagenomes/ERR599063_cut20M/splits/ERR599063_cut20M_59 not found
[1602774989.1013968]     WARNING: result folder /scratch/ah1114/LoL/TransferLearningTasks/EC1/mifaser_metagenomes/ERR599063_cut20M/splits/ERR599063_cut20M_60 not found
[1602774989.1014478]     WARNING: result folder /scratch/ah1114/LoL/TransferLearningTasks/EC1/mifaser_metagenomes/ERR599063_cut20M/splits/ERR599063_cut20M_61 not found
[1602774989.1014962]     WARNING: result folder /scratch/ah1114/LoL/TransferLearningTasks/EC1/mifaser_metagenomes/ERR599063_cut20M/splits/ERR599063_cut20M_62 not found
[1602774989.101544]      WARNING: result folder /scratch/ah1114/LoL/TransferLearningTasks/EC1/mifaser_metagenomes/ERR599063_cut20M/splits/ERR599063_cut20M_63 not found
[1602774989.101588]      WARNING: result folder /scratch/ah1114/LoL/TransferLearningTasks/EC1/mifaser_metagenomes/ERR599063_cut20M/splits/ERR599063_cut20M_64 not found
[1602774989.1016312]     WARNING: result folder /scratch/ah1114/LoL/TransferLearningTasks/EC1/mifaser_metagenomes/ERR599063_cut20M/splits/ERR599063_cut20M_65 not found
[1602774989.1016753]     WARNING: result folder /scratch/ah1114/LoL/TransferLearningTasks/EC1/mifaser_metagenomes/ERR599063_cut20M/splits/ERR599063_cut20M_66 not found
[1602774989.1017184]     WARNING: result folder /scratch/ah1114/LoL/TransferLearningTasks/EC1/mifaser_metagenomes/ERR599063_cut20M/splits/ERR599063_cut20M_67 not found
[1602774989.1017616]     WARNING: result folder /scratch/ah1114/LoL/TransferLearningTasks/EC1/mifaser_metagenomes/ERR599063_cut20M/splits/ERR599063_cut20M_68 not found
[1602774989.1018052]     WARNING: result folder /scratch/ah1114/LoL/TransferLearningTasks/EC1/mifaser_metagenomes/ERR599063_cut20M/splits/ERR599063_cut20M_69 not found
[1602774989.1018486]     WARNING: result folder /scratch/ah1114/LoL/TransferLearningTasks/EC1/mifaser_metagenomes/ERR599063_cut20M/splits/ERR599063_cut20M_70 not found
[1602774989.101892]      WARNING: result folder /scratch/ah1114/LoL/TransferLearningTasks/EC1/mifaser_metagenomes/ERR599063_cut20M/splits/ERR599063_cut20M_71 not found
[1602774989.1019354]     WARNING: result folder /scratch/ah1114/LoL/TransferLearningTasks/EC1/mifaser_metagenomes/ERR599063_cut20M/splits/ERR599063_cut20M_72 not found
[1602774989.1019785]     WARNING: result folder /scratch/ah1114/LoL/TransferLearningTasks/EC1/mifaser_metagenomes/ERR599063_cut20M/splits/ERR599063_cut20M_73 not found
[1602774989.1020238]     WARNING: result folder /scratch/ah1114/LoL/TransferLearningTasks/EC1/mifaser_metagenomes/ERR599063_cut20M/splits/ERR599063_cut20M_74 not found
[1602774989.1020677]     WARNING: result folder /scratch/ah1114/LoL/TransferLearningTasks/EC1/mifaser_metagenomes/ERR599063_cut20M/splits/ERR599063_cut20M_75 not found
[1602774989.1021113]     WARNING: result folder /scratch/ah1114/LoL/TransferLearningTasks/EC1/mifaser_metagenomes/ERR599063_cut20M/splits/ERR599063_cut20M_76 not found
[1602774989.1021547]     WARNING: result folder /scratch/ah1114/LoL/TransferLearningTasks/EC1/mifaser_metagenomes/ERR599063_cut20M/splits/ERR599063_cut20M_77 not found
[1602774989.1021986]     WARNING: result folder /scratch/ah1114/LoL/TransferLearningTasks/EC1/mifaser_metagenomes/ERR599063_cut20M/splits/ERR599063_cut20M_78 not found
[1602774989.102242]      WARNING: result folder /scratch/ah1114/LoL/TransferLearningTasks/EC1/mifaser_metagenomes/ERR599063_cut20M/splits/ERR599063_cut20M_79 not found
[1602774989.1022856]     WARNING: result folder /scratch/ah1114/LoL/TransferLearningTasks/EC1/mifaser_metagenomes/ERR599063_cut20M/splits/ERR599063_cut20M_80 not found
[1602774989.1023293]     WARNING: result folder /scratch/ah1114/LoL/TransferLearningTasks/EC1/mifaser_metagenomes/ERR599063_cut20M/splits/ERR599063_cut20M_81 not found
[1602774989.1023731]     WARNING: result folder /scratch/ah1114/LoL/TransferLearningTasks/EC1/mifaser_metagenomes/ERR599063_cut20M/splits/ERR599063_cut20M_82 not found
[1602774989.102417]      WARNING: result folder /scratch/ah1114/LoL/TransferLearningTasks/EC1/mifaser_metagenomes/ERR599063_cut20M/splits/ERR599063_cut20M_83 not found
[1602774989.1024706]     WARNING: result folder /scratch/ah1114/LoL/TransferLearningTasks/EC1/mifaser_metagenomes/ERR599063_cut20M/splits/ERR599063_cut20M_84 not found
[1602774989.10252]       WARNING: result folder /scratch/ah1114/LoL/TransferLearningTasks/EC1/mifaser_metagenomes/ERR599063_cut20M/splits/ERR599063_cut20M_85 not found
[1602774989.1025646]     WARNING: result folder /scratch/ah1114/LoL/TransferLearningTasks/EC1/mifaser_metagenomes/ERR599063_cut20M/splits/ERR599063_cut20M_86 not found
[1602774989.1026092]     WARNING: result folder /scratch/ah1114/LoL/TransferLearningTasks/EC1/mifaser_metagenomes/ERR599063_cut20M/splits/ERR599063_cut20M_87 not found
[1602774989.1026537]     WARNING: result folder /scratch/ah1114/LoL/TransferLearningTasks/EC1/mifaser_metagenomes/ERR599063_cut20M/splits/ERR599063_cut20M_88 not found
[1602774989.1026974]     WARNING: result folder /scratch/ah1114/LoL/TransferLearningTasks/EC1/mifaser_metagenomes/ERR599063_cut20M/splits/ERR599063_cut20M_89 not found
[1602774989.1027434]     WARNING: result folder /scratch/ah1114/LoL/TransferLearningTasks/EC1/mifaser_metagenomes/ERR599063_cut20M/splits/ERR599063_cut20M_90 not found
[1602774989.1027873]     WARNING: result folder /scratch/ah1114/LoL/TransferLearningTasks/EC1/mifaser_metagenomes/ERR599063_cut20M/splits/ERR599063_cut20M_91 not found
[1602774989.1028314]     WARNING: result folder /scratch/ah1114/LoL/TransferLearningTasks/EC1/mifaser_metagenomes/ERR599063_cut20M/splits/ERR599063_cut20M_92 not found
[1602774989.102877]      WARNING: result folder /scratch/ah1114/LoL/TransferLearningTasks/EC1/mifaser_metagenomes/ERR599063_cut20M/splits/ERR599063_cut20M_93 not found
[1602774989.1029212]     WARNING: result folder /scratch/ah1114/LoL/TransferLearningTasks/EC1/mifaser_metagenomes/ERR599063_cut20M/splits/ERR599063_cut20M_94 not found
[1602774989.1029665]     WARNING: result folder /scratch/ah1114/LoL/TransferLearningTasks/EC1/mifaser_metagenomes/ERR599063_cut20M/splits/ERR599063_cut20M_95 not found
[1602774989.1030111]     WARNING: result folder /scratch/ah1114/LoL/TransferLearningTasks/EC1/mifaser_metagenomes/ERR599063_cut20M/splits/ERR599063_cut20M_96 not found
[1602774989.1030548]     WARNING: result folder /scratch/ah1114/LoL/TransferLearningTasks/EC1/mifaser_metagenomes/ERR599063_cut20M/splits/ERR599063_cut20M_97 not found
[1602774989.1030982]     WARNING: result folder /scratch/ah1114/LoL/TransferLearningTasks/EC1/mifaser_metagenomes/ERR599063_cut20M/splits/ERR599063_cut20M_98 not found
[1602774989.1031415]     WARNING: result folder /scratch/ah1114/LoL/TransferLearningTasks/EC1/mifaser_metagenomes/ERR599063_cut20M/splits/ERR599063_cut20M_99 not found
[1602774989.1031854]     WARNING: result folder /scratch/ah1114/LoL/TransferLearningTasks/EC1/mifaser_metagenomes/ERR599063_cut20M/splits/ERR599063_cut20M_100 not found
[1602774989.10323]       WARNING: result folder /scratch/ah1114/LoL/TransferLearningTasks/EC1/mifaser_metagenomes/ERR599063_cut20M/splits/ERR599063_cut20M_101 not found
[1602774989.1032736]     WARNING: result folder /scratch/ah1114/LoL/TransferLearningTasks/EC1/mifaser_metagenomes/ERR599063_cut20M/splits/ERR599063_cut20M_102 not found
[1602774989.1033177]     WARNING: result folder /scratch/ah1114/LoL/TransferLearningTasks/EC1/mifaser_metagenomes/ERR599063_cut20M/splits/ERR599063_cut20M_103 not found
[1602774989.1033614]     WARNING: result folder /scratch/ah1114/LoL/TransferLearningTasks/EC1/mifaser_metagenomes/ERR599063_cut20M/splits/ERR599063_cut20M_104 not found
[1602774989.103405]      WARNING: result folder /scratch/ah1114/LoL/TransferLearningTasks/EC1/mifaser_metagenomes/ERR599063_cut20M/splits/ERR599063_cut20M_105 not found
[1602774989.1034586]     WARNING: result folder /scratch/ah1114/LoL/TransferLearningTasks/EC1/mifaser_metagenomes/ERR599063_cut20M/splits/ERR599063_cut20M_106 not found
[1602774989.1035051]     WARNING: result folder /scratch/ah1114/LoL/TransferLearningTasks/EC1/mifaser_metagenomes/ERR599063_cut20M/splits/ERR599063_cut20M_107 not found
[1602774989.1035533]     WARNING: result folder /scratch/ah1114/LoL/TransferLearningTasks/EC1/mifaser_metagenomes/ERR599063_cut20M/splits/ERR599063_cut20M_108 not found
[1602774989.1035976]     WARNING: result folder /scratch/ah1114/LoL/TransferLearningTasks/EC1/mifaser_metagenomes/ERR599063_cut20M/splits/ERR599063_cut20M_109 not found
[1602774989.1036415]     WARNING: result folder /scratch/ah1114/LoL/TransferLearningTasks/EC1/mifaser_metagenomes/ERR599063_cut20M/splits/ERR599063_cut20M_110 not found
[1602774989.1036859]     WARNING: result folder /scratch/ah1114/LoL/TransferLearningTasks/EC1/mifaser_metagenomes/ERR599063_cut20M/splits/ERR599063_cut20M_111 not found
[1602774989.10373]       WARNING: result folder /scratch/ah1114/LoL/TransferLearningTasks/EC1/mifaser_metagenomes/ERR599063_cut20M/splits/ERR599063_cut20M_112 not found
[1602774989.1037734]     WARNING: result folder /scratch/ah1114/LoL/TransferLearningTasks/EC1/mifaser_metagenomes/ERR599063_cut20M/splits/ERR599063_cut20M_113 not found
[1602774989.1038175]     WARNING: result folder /scratch/ah1114/LoL/TransferLearningTasks/EC1/mifaser_metagenomes/ERR599063_cut20M/splits/ERR599063_cut20M_114 not found
[1602774989.103861]      WARNING: result folder /scratch/ah1114/LoL/TransferLearningTasks/EC1/mifaser_metagenomes/ERR599063_cut20M/splits/ERR599063_cut20M_115 not found
[1602774989.1039045]     WARNING: result folder /scratch/ah1114/LoL/TransferLearningTasks/EC1/mifaser_metagenomes/ERR599063_cut20M/splits/ERR599063_cut20M_116 not found
[1602774989.1039484]     WARNING: result folder /scratch/ah1114/LoL/TransferLearningTasks/EC1/mifaser_metagenomes/ERR599063_cut20M/splits/ERR599063_cut20M_117 not found
[1602774989.103993]      WARNING: result folder /scratch/ah1114/LoL/TransferLearningTasks/EC1/mifaser_metagenomes/ERR599063_cut20M/splits/ERR599063_cut20M_118 not found
[1602774989.104036]      WARNING: result folder /scratch/ah1114/LoL/TransferLearningTasks/EC1/mifaser_metagenomes/ERR599063_cut20M/splits/ERR599063_cut20M_119 not found
[1602774989.10408]       WARNING: result folder /scratch/ah1114/LoL/TransferLearningTasks/EC1/mifaser_metagenomes/ERR599063_cut20M/splits/ERR599063_cut20M_120 not found
[1602774989.104123]      WARNING: result folder /scratch/ah1114/LoL/TransferLearningTasks/EC1/mifaser_metagenomes/ERR599063_cut20M/splits/ERR599063_cut20M_121 not found
[1602774989.1041665]     WARNING: result folder /scratch/ah1114/LoL/TransferLearningTasks/EC1/mifaser_metagenomes/ERR599063_cut20M/splits/ERR599063_cut20M_122 not found
[1602774989.10421]       WARNING: result folder /scratch/ah1114/LoL/TransferLearningTasks/EC1/mifaser_metagenomes/ERR599063_cut20M/splits/ERR599063_cut20M_123 not found
[1602774989.1042528]     WARNING: result folder /scratch/ah1114/LoL/TransferLearningTasks/EC1/mifaser_metagenomes/ERR599063_cut20M/splits/ERR599063_cut20M_124 not found
[1602774989.1042967]     WARNING: result folder /scratch/ah1114/LoL/TransferLearningTasks/EC1/mifaser_metagenomes/ERR599063_cut20M/splits/ERR599063_cut20M_125 not found
[1602774989.1043437]     WARNING: result folder /scratch/ah1114/LoL/TransferLearningTasks/EC1/mifaser_metagenomes/ERR599063_cut20M/splits/ERR599063_cut20M_126 not found
[1602774989.1043875]     WARNING: result folder /scratch/ah1114/LoL/TransferLearningTasks/EC1/mifaser_metagenomes/ERR599063_cut20M/splits/ERR599063_cut20M_127 not found
[1602774989.1044333]     WARNING: result folder /scratch/ah1114/LoL/TransferLearningTasks/EC1/mifaser_metagenomes/ERR599063_cut20M/splits/ERR599063_cut20M_128 not found
[1602774989.1044872]     WARNING: result folder /scratch/ah1114/LoL/TransferLearningTasks/EC1/mifaser_metagenomes/ERR599063_cut20M/splits/ERR599063_cut20M_129 not found
[1602774989.1045325]     WARNING: result folder /scratch/ah1114/LoL/TransferLearningTasks/EC1/mifaser_metagenomes/ERR599063_cut20M/splits/ERR599063_cut20M_130 not found
[1602774989.104577]      WARNING: result folder /scratch/ah1114/LoL/TransferLearningTasks/EC1/mifaser_metagenomes/ERR599063_cut20M/splits/ERR599063_cut20M_131 not found
[1602774989.1046207]     WARNING: result folder /scratch/ah1114/LoL/TransferLearningTasks/EC1/mifaser_metagenomes/ERR599063_cut20M/splits/ERR599063_cut20M_132 not found
[1602774989.1046643]     WARNING: result folder /scratch/ah1114/LoL/TransferLearningTasks/EC1/mifaser_metagenomes/ERR599063_cut20M/splits/ERR599063_cut20M_133 not found
[1602774989.1047084]     WARNING: result folder /scratch/ah1114/LoL/TransferLearningTasks/EC1/mifaser_metagenomes/ERR599063_cut20M/splits/ERR599063_cut20M_134 not found
[1602774989.1047518]     WARNING: result folder /scratch/ah1114/LoL/TransferLearningTasks/EC1/mifaser_metagenomes/ERR599063_cut20M/splits/ERR599063_cut20M_135 not found
[1602774989.1047957]     WARNING: result folder /scratch/ah1114/LoL/TransferLearningTasks/EC1/mifaser_metagenomes/ERR599063_cut20M/splits/ERR599063_cut20M_136 not found
[1602774989.1048393]     WARNING: result folder /scratch/ah1114/LoL/TransferLearningTasks/EC1/mifaser_metagenomes/ERR599063_cut20M/splits/ERR599063_cut20M_137 not found
[1602774989.104883]      WARNING: result folder /scratch/ah1114/LoL/TransferLearningTasks/EC1/mifaser_metagenomes/ERR599063_cut20M/splits/ERR599063_cut20M_138 not found
[1602774989.104927]      WARNING: result folder /scratch/ah1114/LoL/TransferLearningTasks/EC1/mifaser_metagenomes/ERR599063_cut20M/splits/ERR599063_cut20M_139 not found
[1602774989.1049707]     WARNING: result folder /scratch/ah1114/LoL/TransferLearningTasks/EC1/mifaser_metagenomes/ERR599063_cut20M/splits/ERR599063_cut20M_140 not found
[1602774989.1050146]     WARNING: result folder /scratch/ah1114/LoL/TransferLearningTasks/EC1/mifaser_metagenomes/ERR599063_cut20M/splits/ERR599063_cut20M_141 not found
[1602774989.1050575]     WARNING: result folder /scratch/ah1114/LoL/TransferLearningTasks/EC1/mifaser_metagenomes/ERR599063_cut20M/splits/ERR599063_cut20M_142 not found
[1602774989.1051009]     WARNING: result folder /scratch/ah1114/LoL/TransferLearningTasks/EC1/mifaser_metagenomes/ERR599063_cut20M/splits/ERR599063_cut20M_143 not found
[1602774989.105144]      WARNING: result folder /scratch/ah1114/LoL/TransferLearningTasks/EC1/mifaser_metagenomes/ERR599063_cut20M/splits/ERR599063_cut20M_144 not found
[1602774989.1051877]     WARNING: result folder /scratch/ah1114/LoL/TransferLearningTasks/EC1/mifaser_metagenomes/ERR599063_cut20M/splits/ERR599063_cut20M_145 not found
[1602774989.105231]      WARNING: result folder /scratch/ah1114/LoL/TransferLearningTasks/EC1/mifaser_metagenomes/ERR599063_cut20M/splits/ERR599063_cut20M_146 not found
[1602774989.1052744]     WARNING: result folder /scratch/ah1114/LoL/TransferLearningTasks/EC1/mifaser_metagenomes/ERR599063_cut20M/splits/ERR599063_cut20M_147 not found
[1602774989.1053176]     WARNING: result folder /scratch/ah1114/LoL/TransferLearningTasks/EC1/mifaser_metagenomes/ERR599063_cut20M/splits/ERR599063_cut20M_148 not found
[1602774989.1053612]     WARNING: result folder /scratch/ah1114/LoL/TransferLearningTasks/EC1/mifaser_metagenomes/ERR599063_cut20M/splits/ERR599063_cut20M_149 not found
[1602774989.1054063]     WARNING: result folder /scratch/ah1114/LoL/TransferLearningTasks/EC1/mifaser_metagenomes/ERR599063_cut20M/splits/ERR599063_cut20M_150 not found
[1602774989.1054592]     WARNING: result folder /scratch/ah1114/LoL/TransferLearningTasks/EC1/mifaser_metagenomes/ERR599063_cut20M/splits/ERR599063_cut20M_151 not found
[1602774989.1055055]     WARNING: result folder /scratch/ah1114/LoL/TransferLearningTasks/EC1/mifaser_metagenomes/ERR599063_cut20M/splits/ERR599063_cut20M_152 not found
[1602774989.105549]      WARNING: result folder /scratch/ah1114/LoL/TransferLearningTasks/EC1/mifaser_metagenomes/ERR599063_cut20M/splits/ERR599063_cut20M_153 not found
[1602774989.1055927]     WARNING: result folder /scratch/ah1114/LoL/TransferLearningTasks/EC1/mifaser_metagenomes/ERR599063_cut20M/splits/ERR599063_cut20M_154 not found
[1602774989.1056366]     WARNING: result folder /scratch/ah1114/LoL/TransferLearningTasks/EC1/mifaser_metagenomes/ERR599063_cut20M/splits/ERR599063_cut20M_155 not found
[1602774989.105681]      WARNING: result folder /scratch/ah1114/LoL/TransferLearningTasks/EC1/mifaser_metagenomes/ERR599063_cut20M/splits/ERR599063_cut20M_156 not found
[1602774989.1057243]     WARNING: result folder /scratch/ah1114/LoL/TransferLearningTasks/EC1/mifaser_metagenomes/ERR599063_cut20M/splits/ERR599063_cut20M_157 not found
[1602774989.1057682]     WARNING: result folder /scratch/ah1114/LoL/TransferLearningTasks/EC1/mifaser_metagenomes/ERR599063_cut20M/splits/ERR599063_cut20M_158 not found
[1602774989.1058123]     WARNING: result folder /scratch/ah1114/LoL/TransferLearningTasks/EC1/mifaser_metagenomes/ERR599063_cut20M/splits/ERR599063_cut20M_159 not found
[1602774989.1058557]     WARNING: result folder /scratch/ah1114/LoL/TransferLearningTasks/EC1/mifaser_metagenomes/ERR599063_cut20M/splits/ERR599063_cut20M_160 not found
[1602774989.1058996]     WARNING: result folder /scratch/ah1114/LoL/TransferLearningTasks/EC1/mifaser_metagenomes/ERR599063_cut20M/splits/ERR599063_cut20M_161 not found
[1602774989.105943]      WARNING: result folder /scratch/ah1114/LoL/TransferLearningTasks/EC1/mifaser_metagenomes/ERR599063_cut20M/splits/ERR599063_cut20M_162 not found
[1602774989.105986]      WARNING: result folder /scratch/ah1114/LoL/TransferLearningTasks/EC1/mifaser_metagenomes/ERR599063_cut20M/splits/ERR599063_cut20M_163 not found
[1602774989.1060307]     WARNING: result folder /scratch/ah1114/LoL/TransferLearningTasks/EC1/mifaser_metagenomes/ERR599063_cut20M/splits/ERR599063_cut20M_164 not found
[1602774989.1060746]     WARNING: result folder /scratch/ah1114/LoL/TransferLearningTasks/EC1/mifaser_metagenomes/ERR599063_cut20M/splits/ERR599063_cut20M_165 not found
[1602774989.106118]      WARNING: result folder /scratch/ah1114/LoL/TransferLearningTasks/EC1/mifaser_metagenomes/ERR599063_cut20M/splits/ERR599063_cut20M_166 not found
[1602774989.1061614]     WARNING: result folder /scratch/ah1114/LoL/TransferLearningTasks/EC1/mifaser_metagenomes/ERR599063_cut20M/splits/ERR599063_cut20M_167 not found
[1602774989.1062057]     WARNING: result folder /scratch/ah1114/LoL/TransferLearningTasks/EC1/mifaser_metagenomes/ERR599063_cut20M/splits/ERR599063_cut20M_168 not found
[1602774989.1062493]     WARNING: result folder /scratch/ah1114/LoL/TransferLearningTasks/EC1/mifaser_metagenomes/ERR599063_cut20M/splits/ERR599063_cut20M_169 not found
[1602774989.1062925]     WARNING: result folder /scratch/ah1114/LoL/TransferLearningTasks/EC1/mifaser_metagenomes/ERR599063_cut20M/splits/ERR599063_cut20M_170 not found
[1602774989.1063364]     WARNING: result folder /scratch/ah1114/LoL/TransferLearningTasks/EC1/mifaser_metagenomes/ERR599063_cut20M/splits/ERR599063_cut20M_171 not found
[1602774989.1063797]     WARNING: result folder /scratch/ah1114/LoL/TransferLearningTasks/EC1/mifaser_metagenomes/ERR599063_cut20M/splits/ERR599063_cut20M_172 not found
[1602774989.106424]      WARNING: result folder /scratch/ah1114/LoL/TransferLearningTasks/EC1/mifaser_metagenomes/ERR599063_cut20M/splits/ERR599063_cut20M_173 not found
[1602774989.1064801]     WARNING: result folder /scratch/ah1114/LoL/TransferLearningTasks/EC1/mifaser_metagenomes/ERR599063_cut20M/splits/ERR599063_cut20M_174 not found
[1602774989.1065257]     WARNING: result folder /scratch/ah1114/LoL/TransferLearningTasks/EC1/mifaser_metagenomes/ERR599063_cut20M/splits/ERR599063_cut20M_175 not found
[1602774989.1065695]     WARNING: result folder /scratch/ah1114/LoL/TransferLearningTasks/EC1/mifaser_metagenomes/ERR599063_cut20M/splits/ERR599063_cut20M_176 not found
[1602774989.106613]      WARNING: result folder /scratch/ah1114/LoL/TransferLearningTasks/EC1/mifaser_metagenomes/ERR599063_cut20M/splits/ERR599063_cut20M_177 not found
[1602774989.1066563]     WARNING: result folder /scratch/ah1114/LoL/TransferLearningTasks/EC1/mifaser_metagenomes/ERR599063_cut20M/splits/ERR599063_cut20M_178 not found
[1602774989.1066997]     WARNING: result folder /scratch/ah1114/LoL/TransferLearningTasks/EC1/mifaser_metagenomes/ERR599063_cut20M/splits/ERR599063_cut20M_179 not found
[1602774989.1067433]     WARNING: result folder /scratch/ah1114/LoL/TransferLearningTasks/EC1/mifaser_metagenomes/ERR599063_cut20M/splits/ERR599063_cut20M_180 not found
[1602774989.1067865]     WARNING: result folder /scratch/ah1114/LoL/TransferLearningTasks/EC1/mifaser_metagenomes/ERR599063_cut20M/splits/ERR599063_cut20M_181 not found
[1602774989.1068306]     WARNING: result folder /scratch/ah1114/LoL/TransferLearningTasks/EC1/mifaser_metagenomes/ERR599063_cut20M/splits/ERR599063_cut20M_182 not found
[1602774989.1068745]     WARNING: result folder /scratch/ah1114/LoL/TransferLearningTasks/EC1/mifaser_metagenomes/ERR599063_cut20M/splits/ERR599063_cut20M_183 not found
[1602774989.106918]      WARNING: result folder /scratch/ah1114/LoL/TransferLearningTasks/EC1/mifaser_metagenomes/ERR599063_cut20M/splits/ERR599063_cut20M_184 not found
[1602774989.1069617]     WARNING: result folder /scratch/ah1114/LoL/TransferLearningTasks/EC1/mifaser_metagenomes/ERR599063_cut20M/splits/ERR599063_cut20M_185 not found
[1602774989.1070058]     WARNING: result folder /scratch/ah1114/LoL/TransferLearningTasks/EC1/mifaser_metagenomes/ERR599063_cut20M/splits/ERR599063_cut20M_186 not found
[1602774989.1070495]     WARNING: result folder /scratch/ah1114/LoL/TransferLearningTasks/EC1/mifaser_metagenomes/ERR599063_cut20M/splits/ERR599063_cut20M_187 not found
[1602774989.1526046]     WARNING: found 13 result folders for 200 jobs
[1602774989.1534293]      *  Merging 13 splits...
[1602774995.4045997]     WARNING: Missing result files: analysis:0 eccount:0 multiec:0 (resultfolder count:13/200)
[1602774995.4046345]     *** ERROR. logs: /scratch/ah1114/LoL/TransferLearningTasks/EC1/mifaser_metagenomes/ERR599063_cut20M/mifaser.err
[1602774995.414871]      *** Results saved to: /scratch/ah1114/LoL/TransferLearningTasks/EC1/mifaser_metagenomes/ERR599063_cut20M
 
 --- exited with errors after 1:15:37.754018 --- 

