 
 --- mi-faser 1.58 (10/25/19) ---
    - [ DIAMOND v0.9.21 ] -
    - [ Database:database build:122 Sequences:2865 ] -
 
[1602774789.519044]      *** Running mifaser with up to 28 parallel thread(s)
[1602774834.43377]       *** Post-processing...
[1602770518.0536828]     *** Input: Uncompressed file ERR599115_cut20M.fastq
[1602770518.053708]          Converting ERR599115_cut20M.fastq from fastq to fasta format...
[1602770592.3252852]         Getting input file statistics...
[1602770592.3268402]         Input file size: 3351MB
[1602770604.9199338]         Input file reads: 20000000
[1602770624.2367578]         [Thread #2]    - [Thread #2] running on [1/28] CPUs
[1602770624.2368455]         [Thread #2]      Creating output directories...
[1602770624.2408478]         [Thread #2]      Translating reads...
[1602770642.6140943]         [Thread #2]      Running DIAMOND...
[1602770648.7845333]         [Thread #2]      Converting DIAMOND...
[1602770648.8678553]         [Thread #2]      Parsing DIAMOND...
[1602770649.1227422]         [Thread #2]      Annotating...
[1602770649.355793]          [Thread #2]      Analyzing...
[1602770649.5555022]         [Thread #2]      Create read mapping...
[1602770663.7331874]         [Thread #2]    - [Thread #2] finished
[1602770644.923197]          [Thread #3]    - [Thread #3] running on [1/28] CPUs
[1602770644.9232821]         [Thread #3]      Creating output directories...
[1602770644.9264936]         [Thread #3]      Translating reads...
[1602770663.4524257]         [Thread #3]      Running DIAMOND...
[1602770669.6317906]         [Thread #3]      Converting DIAMOND...
[1602770669.7345924]         [Thread #3]      Parsing DIAMOND...
[1602770669.8937764]         [Thread #3]      Annotating...
[1602770670.1589675]         [Thread #3]      Analyzing...
[1602770670.2898428]         [Thread #3]      Create read mapping...
[1602770684.701755]          [Thread #3]    - [Thread #3] finished
[1602770665.7175457]         [Thread #4]    - [Thread #4] running on [1/28] CPUs
[1602770665.717627]          [Thread #4]      Creating output directories...
[1602770665.7211573]         [Thread #4]      Translating reads...
[1602770684.6341429]         [Thread #4]      Running DIAMOND...
[1602770691.1242378]         [Thread #4]      Converting DIAMOND...
[1602770691.228319]          [Thread #4]      Parsing DIAMOND...
[1602770691.4006052]         [Thread #4]      Annotating...
[1602770691.5478563]         [Thread #4]      Analyzing...
[1602770691.6733146]         [Thread #4]      Create read mapping...
[1602770706.2132704]         [Thread #4]    - [Thread #4] finished
[1602770708.203777]          [Thread #6]    - [Thread #6] running on [1/28] CPUs
[1602770708.203865]          [Thread #6]      Creating output directories...
[1602770708.2335114]         [Thread #6]      Translating reads...
[1602770726.8586211]         [Thread #6]      Running DIAMOND...
[1602770733.0503304]         [Thread #6]      Converting DIAMOND...
[1602770733.1479354]         [Thread #6]      Parsing DIAMOND...
[1602770733.3058672]         [Thread #6]      Annotating...
[1602770733.4591825]         [Thread #6]      Analyzing...
[1602770733.7451003]         [Thread #6]      Create read mapping...
[1602770747.978504]          [Thread #6]    - [Thread #6] finished
[1602770771.254352]          [Thread #9]    - [Thread #9] running on [1/28] CPUs
[1602770771.2544324]         [Thread #9]      Creating output directories...
[1602770771.2578886]         [Thread #9]      Translating reads...
[1602770789.615559]          [Thread #9]      Running DIAMOND...
[1602770795.8093584]         [Thread #9]      Converting DIAMOND...
[1602770795.9238858]         [Thread #9]      Parsing DIAMOND...
[1602770796.123209]          [Thread #9]      Annotating...
[1602770796.2000825]         [Thread #9]      Analyzing...
[1602770796.5013115]         [Thread #9]      Create read mapping...
[1602770810.3958728]         [Thread #9]    - [Thread #9] finished
[1602770791.8102171]         [Thread #10]    - [Thread #10] running on [1/28] CPUs
[1602770791.8102994]         [Thread #10]      Creating output directories...
[1602770791.8134253]         [Thread #10]      Translating reads...
[1602770810.3372793]         [Thread #10]      Running DIAMOND...
[1602770816.5159004]         [Thread #10]      Converting DIAMOND...
[1602770816.599602]          [Thread #10]      Parsing DIAMOND...
[1602770816.7207816]         [Thread #10]      Annotating...
[1602770816.8536336]         [Thread #10]      Analyzing...
[1602770816.8642373]         [Thread #10]      Create read mapping...
[1602770831.2836347]         [Thread #10]    - [Thread #10] finished
[1602770812.529368]          [Thread #11]    - [Thread #11] running on [1/28] CPUs
[1602770812.5294485]         [Thread #11]      Creating output directories...
[1602770812.532253]          [Thread #11]      Translating reads...
[1602770831.210535]          [Thread #11]      Running DIAMOND...
[1602770837.369479]          [Thread #11]      Converting DIAMOND...
[1602770837.46841]           [Thread #11]      Parsing DIAMOND...
[1602770837.617548]          [Thread #11]      Annotating...
[1602770837.8292465]         [Thread #11]      Analyzing...
[1602770837.8714418]         [Thread #11]      Create read mapping...
[1602770852.142009]          [Thread #11]    - [Thread #11] finished
[1602770833.4559724]         [Thread #12]    - [Thread #12] running on [1/28] CPUs
[1602770833.4560142]         [Thread #12]      Creating output directories...
[1602770833.4588482]         [Thread #12]      Translating reads...
[1602770852.1154203]         [Thread #12]      Running DIAMOND...
[1602770858.385257]          [Thread #12]      Converting DIAMOND...
[1602770858.479414]          [Thread #12]      Parsing DIAMOND...
[1602770858.6200075]         [Thread #12]      Annotating...
[1602770858.714456]          [Thread #12]      Analyzing...
[1602770858.7922196]         [Thread #12]      Create read mapping...
[1602770872.9804442]         [Thread #12]    - [Thread #12] finished
[1602770854.2580142]         [Thread #13]    - [Thread #13] running on [1/28] CPUs
[1602770854.258096]          [Thread #13]      Creating output directories...
[1602770854.2614484]         [Thread #13]      Translating reads...
[1602770872.878048]          [Thread #13]      Running DIAMOND...
[1602770879.0245154]         [Thread #13]      Converting DIAMOND...
[1602770879.1269555]         [Thread #13]      Parsing DIAMOND...
[1602770879.3527846]         [Thread #13]      Annotating...
[1602770879.6079106]         [Thread #13]      Analyzing...
[1602770879.9183204]         [Thread #13]      Create read mapping...
[1602770894.5028014]         [Thread #13]    - [Thread #13] finished
[1602770875.1322463]         [Thread #14]    - [Thread #14] running on [1/28] CPUs
[1602770875.132295]          [Thread #14]      Creating output directories...
[1602770875.1354558]         [Thread #14]      Translating reads...
[1602770894.5482244]         [Thread #14]      Running DIAMOND...
[1602770900.7149572]         [Thread #14]      Converting DIAMOND...
[1602770900.8289165]         [Thread #14]      Parsing DIAMOND...
[1602770900.9590452]         [Thread #14]      Annotating...
[1602770901.1551883]         [Thread #14]      Analyzing...
[1602770901.4080486]         [Thread #14]      Create read mapping...
[1602770916.1752062]         [Thread #14]    - [Thread #14] finished
[1602770939.1542113]         [Thread #17]    - [Thread #17] running on [1/28] CPUs
[1602770939.1542597]         [Thread #17]      Creating output directories...
[1602770939.157105]          [Thread #17]      Translating reads...
[1602770957.2712648]         [Thread #17]      Running DIAMOND...
[1602770963.4861722]         [Thread #17]      Converting DIAMOND...
[1602770963.588057]          [Thread #17]      Parsing DIAMOND...
[1602770963.7902353]         [Thread #17]      Annotating...
[1602770964.052715]          [Thread #17]      Analyzing...
[1602770964.5895042]         [Thread #17]      Create read mapping...
[1602770978.4577854]         [Thread #17]    - [Thread #17] finished
[1602770980.6092255]         [Thread #19]    - [Thread #19] running on [1/28] CPUs
[1602770980.609308]          [Thread #19]      Creating output directories...
[1602770980.6127384]         [Thread #19]      Translating reads...
[1602770999.7937896]         [Thread #19]      Running DIAMOND...
[1602771005.7999477]         [Thread #19]      Converting DIAMOND...
[1602771005.905179]          [Thread #19]      Parsing DIAMOND...
[1602771006.0896285]         [Thread #19]      Annotating...
[1602771006.3100452]         [Thread #19]      Analyzing...
[1602771006.459814]          [Thread #19]      Create read mapping...
[1602771021.431376]          [Thread #19]    - [Thread #19] finished
[1602771001.8348734]         [Thread #20]    - [Thread #20] running on [1/28] CPUs
[1602771001.834957]          [Thread #20]      Creating output directories...
[1602771001.8384197]         [Thread #20]      Translating reads...
[1602771021.3662722]         [Thread #20]      Running DIAMOND...
[1602771027.5192225]         [Thread #20]      Converting DIAMOND...
[1602771027.6178045]         [Thread #20]      Parsing DIAMOND...
[1602771027.766469]          [Thread #20]      Annotating...
[1602771027.878457]          [Thread #20]      Analyzing...
[1602771028.1683788]         [Thread #20]      Create read mapping...
[1602771041.394864]          [Thread #20]    - [Thread #20] finished
[1602771023.4714618]         [Thread #21]    - [Thread #21] running on [1/28] CPUs
[1602771023.4715436]         [Thread #21]      Creating output directories...
[1602771023.475616]          [Thread #21]      Translating reads...
[1602771041.7230787]         [Thread #21]      Running DIAMOND...
[1602771047.8269944]         [Thread #21]      Converting DIAMOND...
[1602771047.9489317]         [Thread #21]      Parsing DIAMOND...
[1602771048.0784214]         [Thread #21]      Annotating...
[1602771048.376174]          [Thread #21]      Analyzing...
[1602771048.5271301]         [Thread #21]      Create read mapping...
[1602771063.4618473]         [Thread #21]    - [Thread #21] finished
[1602771065.5634313]         [Thread #23]    - [Thread #23] running on [1/28] CPUs
[1602771065.5635126]         [Thread #23]      Creating output directories...
[1602771065.5666542]         [Thread #23]      Translating reads...
[1602771085.1620028]         [Thread #23]      Running DIAMOND...
[1602771091.3270037]         [Thread #23]      Converting DIAMOND...
[1602771091.4454784]         [Thread #23]      Parsing DIAMOND...
[1602771091.5546212]         [Thread #23]      Annotating...
[1602771091.7713652]         [Thread #23]      Analyzing...
[1602771091.9654942]         [Thread #23]      Create read mapping...
[1602771106.5608556]         [Thread #23]    - [Thread #23] finished
[1602771087.2444217]         [Thread #24]    - [Thread #24] running on [1/28] CPUs
[1602771087.2444668]         [Thread #24]      Creating output directories...
[1602771087.2477245]         [Thread #24]      Translating reads...
[1602771106.5331035]         [Thread #24]      Running DIAMOND...
[1602771112.7025485]         [Thread #24]      Converting DIAMOND...
[1602771112.8359401]         [Thread #24]      Parsing DIAMOND...
[1602771112.969999]          [Thread #24]      Annotating...
[1602771113.3200648]         [Thread #24]      Analyzing...
[1602771113.5870054]         [Thread #24]      Create read mapping...
[1602771127.9566739]         [Thread #24]    - [Thread #24] finished
[1602771129.9761822]         [Thread #26]    - [Thread #26] running on [1/28] CPUs
[1602771129.9762626]         [Thread #26]      Creating output directories...
[1602771129.979301]          [Thread #26]      Translating reads...
[1602771148.7205389]         [Thread #26]      Running DIAMOND...
[1602771154.7552443]         [Thread #26]      Converting DIAMOND...
[1602771154.8620434]         [Thread #26]      Parsing DIAMOND...
[1602771155.0424871]         [Thread #26]      Annotating...
[1602771155.3805635]         [Thread #26]      Analyzing...
[1602771155.5052776]         [Thread #26]      Create read mapping...
[1602771169.7525852]         [Thread #26]    - [Thread #26] finished
[1602771150.943864]          [Thread #27]    - [Thread #27] running on [1/28] CPUs
[1602771150.9439406]         [Thread #27]      Creating output directories...
[1602771150.9469802]         [Thread #27]      Translating reads...
[1602771169.6801167]         [Thread #27]      Running DIAMOND...
[1602771176.0267663]         [Thread #27]      Converting DIAMOND...
[1602771176.1489246]         [Thread #27]      Parsing DIAMOND...
[1602771176.2918332]         [Thread #27]      Annotating...
[1602771176.388954]          [Thread #27]      Analyzing...
[1602771176.6748462]         [Thread #27]      Create read mapping...
[1602771190.6830971]         [Thread #27]    - [Thread #27] finished
[1602771214.111866]          [Thread #30]    - [Thread #30] running on [1/28] CPUs
[1602771214.1119509]         [Thread #30]      Creating output directories...
[1602771214.115299]          [Thread #30]      Translating reads...
[1602771234.7218275]         [Thread #30]      Running DIAMOND...
[1602771240.8679602]         [Thread #30]      Converting DIAMOND...
[1602771240.9958286]         [Thread #30]      Parsing DIAMOND...
[1602771241.1258132]         [Thread #30]      Annotating...
[1602771241.32208]           [Thread #30]      Analyzing...
[1602771241.624485]          [Thread #30]      Create read mapping...
[1602771256.3728375]         [Thread #30]    - [Thread #30] finished
[1602771279.1959658]         [Thread #33]    - [Thread #33] running on [1/28] CPUs
[1602771279.1960466]         [Thread #33]      Creating output directories...
[1602771279.1997287]         [Thread #33]      Translating reads...
[1602771298.154713]          [Thread #33]      Running DIAMOND...
[1602771304.1505582]         [Thread #33]      Converting DIAMOND...
[1602771304.2387908]         [Thread #33]      Parsing DIAMOND...
[1602771304.5166512]         [Thread #33]      Annotating...
[1602771304.8229854]         [Thread #33]      Analyzing...
[1602771304.9029586]         [Thread #33]      Create read mapping...
[1602771319.1887398]         [Thread #33]    - [Thread #33] finished
[1602771321.2709947]         [Thread #35]    - [Thread #35] running on [1/28] CPUs
[1602771321.2710674]         [Thread #35]      Creating output directories...
[1602771321.2742403]         [Thread #35]      Translating reads...
[1602771340.38206]           [Thread #35]      Running DIAMOND...
[1602771346.6083438]         [Thread #35]      Converting DIAMOND...
[1602771346.7038758]         [Thread #35]      Parsing DIAMOND...
[1602771346.8961992]         [Thread #35]      Annotating...
[1602771347.2468517]         [Thread #35]      Analyzing...
[1602771347.4155197]         [Thread #35]      Create read mapping...
[1602771361.0185292]         [Thread #35]    - [Thread #35] finished
[1602771405.3541844]         [Thread #39]    - [Thread #39] running on [1/28] CPUs
[1602771405.3542697]         [Thread #39]      Creating output directories...
[1602771405.3575115]         [Thread #39]      Translating reads...
[1602771423.9032042]         [Thread #39]      Running DIAMOND...
[1602771429.949997]          [Thread #39]      Converting DIAMOND...
[1602771430.029629]          [Thread #39]      Parsing DIAMOND...
[1602771430.247052]          [Thread #39]      Annotating...
[1602771430.2648356]         [Thread #39]      Analyzing...
[1602771430.2746184]         [Thread #39]      Create read mapping...
[1602771444.9491117]         [Thread #39]    - [Thread #39] finished
[1602771426.1146185]         [Thread #40]    - [Thread #40] running on [1/28] CPUs
[1602771426.1147661]         [Thread #40]      Creating output directories...
[1602771426.1179836]         [Thread #40]      Translating reads...
[1602771444.910979]          [Thread #40]      Running DIAMOND...
[1602771450.984034]          [Thread #40]      Converting DIAMOND...
[1602771451.1031773]         [Thread #40]      Parsing DIAMOND...
[1602771451.529773]          [Thread #40]      Annotating...
[1602771451.7658405]         [Thread #40]      Analyzing...
[1602771452.0089107]         [Thread #40]      Create read mapping...
[1602771465.9185889]         [Thread #40]    - [Thread #40] finished
[1602771510.8495986]         [Thread #44]    - [Thread #44] running on [1/28] CPUs
[1602771510.8496401]         [Thread #44]      Creating output directories...
[1602771510.8534224]         [Thread #44]      Translating reads...
[1602771529.623264]          [Thread #44]      Running DIAMOND...
[1602771535.6325946]         [Thread #44]      Converting DIAMOND...
[1602771535.756781]          [Thread #44]      Parsing DIAMOND...
[1602771535.9400635]         [Thread #44]      Annotating...
[1602771536.2809515]         [Thread #44]      Analyzing...
[1602771536.3665202]         [Thread #44]      Create read mapping...
[1602771551.1953905]         [Thread #44]    - [Thread #44] finished
[1602771553.216383]          [Thread #46]    - [Thread #46] running on [1/28] CPUs
[1602771553.2164671]         [Thread #46]      Creating output directories...
[1602771553.2195163]         [Thread #46]      Translating reads...
[1602771572.3983386]         [Thread #46]      Running DIAMOND...
[1602771578.389173]          [Thread #46]      Converting DIAMOND...
[1602771578.4753087]         [Thread #46]      Parsing DIAMOND...
[1602771578.642222]          [Thread #46]      Annotating...
[1602771578.8134427]         [Thread #46]      Analyzing...
[1602771579.0342228]         [Thread #46]      Create read mapping...
[1602771592.412501]          [Thread #46]    - [Thread #46] finished
[1602771574.4939256]         [Thread #47]    - [Thread #47] running on [1/28] CPUs
[1602771574.4940062]         [Thread #47]      Creating output directories...
[1602771574.4969678]         [Thread #47]      Translating reads...
[1602771592.9031963]         [Thread #47]      Running DIAMOND...
[1602771599.0953784]         [Thread #47]      Converting DIAMOND...
[1602771599.2188785]         [Thread #47]      Parsing DIAMOND...
[1602771599.3659043]         [Thread #47]      Annotating...
[1602771599.5149808]         [Thread #47]      Analyzing...
[1602771599.8118825]         [Thread #47]      Create read mapping...
[1602771616.1749725]         [Thread #47]    - [Thread #47] finished
[1602771595.0304768]         [Thread #48]    - [Thread #48] running on [1/28] CPUs
[1602771595.030567]          [Thread #48]      Creating output directories...
[1602771595.033262]          [Thread #48]      Translating reads...
[1602771616.1635675]         [Thread #48]      Running DIAMOND...
[1602771622.2009127]         [Thread #48]      Converting DIAMOND...
[1602771622.3414302]         [Thread #48]      Parsing DIAMOND...
[1602771622.5148797]         [Thread #48]      Annotating...
[1602771622.7286267]         [Thread #48]      Analyzing...
[1602771622.8076105]         [Thread #48]      Create read mapping...
[1602771637.2477458]         [Thread #48]    - [Thread #48] finished
[1602771618.263813]          [Thread #49]    - [Thread #49] running on [1/28] CPUs
[1602771618.2638962]         [Thread #49]      Creating output directories...
[1602771618.2670913]         [Thread #49]      Translating reads...
[1602771637.1628728]         [Thread #49]      Running DIAMOND...
[1602771643.2223694]         [Thread #49]      Converting DIAMOND...
[1602771643.3347685]         [Thread #49]      Parsing DIAMOND...
[1602771643.535925]          [Thread #49]      Annotating...
[1602771643.6341426]         [Thread #49]      Analyzing...
[1602771643.8597507]         [Thread #49]      Create read mapping...
[1602771658.4698658]         [Thread #49]    - [Thread #49] finished
[1602771660.5822697]         [Thread #51]    - [Thread #51] running on [1/28] CPUs
[1602771660.58235]           [Thread #51]      Creating output directories...
[1602771660.5852897]         [Thread #51]      Translating reads...
[1602771679.80193]           [Thread #51]      Running DIAMOND...
[1602771685.8777645]         [Thread #51]      Converting DIAMOND...
[1602771685.9909353]         [Thread #51]      Parsing DIAMOND...
[1602771686.165805]          [Thread #51]      Annotating...
[1602771686.4199286]         [Thread #51]      Analyzing...
[1602771686.5308878]         [Thread #51]      Create read mapping...
[1602771698.5910122]         [Thread #51]    - [Thread #51] finished
[1602771681.9364033]         [Thread #52]    - [Thread #52] running on [1/28] CPUs
[1602771681.936445]          [Thread #52]      Creating output directories...
[1602771681.9394786]         [Thread #52]      Translating reads...
[1602771701.1792347]         [Thread #52]      Running DIAMOND...
[1602771707.2263386]         [Thread #52]      Converting DIAMOND...
[1602771707.3493996]         [Thread #52]      Parsing DIAMOND...
[1602771707.4950602]         [Thread #52]      Annotating...
[1602771707.6652663]         [Thread #52]      Analyzing...
[1602771707.819575]          [Thread #52]      Create read mapping...
[1602771722.982265]          [Thread #52]    - [Thread #52] finished
[1602771703.2690084]         [Thread #53]    - [Thread #53] running on [1/28] CPUs
[1602771703.2690961]         [Thread #53]      Creating output directories...
[1602771703.272453]          [Thread #53]      Translating reads...
[1602771722.917167]          [Thread #53]      Running DIAMOND...
[1602771728.8837268]         [Thread #53]      Converting DIAMOND...
[1602771729.012063]          [Thread #53]      Parsing DIAMOND...
[1602771729.1745207]         [Thread #53]      Annotating...
[1602771729.4103389]         [Thread #53]      Analyzing...
[1602771729.7051528]         [Thread #53]      Create read mapping...
[1602771743.8389838]         [Thread #53]    - [Thread #53] finished
[1602771725.0083697]         [Thread #54]    - [Thread #54] running on [1/28] CPUs
[1602771725.0084417]         [Thread #54]      Creating output directories...
[1602771725.0113657]         [Thread #54]      Translating reads...
[1602771743.81787]           [Thread #54]      Running DIAMOND...
[1602771749.8938866]         [Thread #54]      Converting DIAMOND...
[1602771750.0073705]         [Thread #54]      Parsing DIAMOND...
[1602771750.1857867]         [Thread #54]      Annotating...
[1602771750.3423128]         [Thread #54]      Analyzing...
[1602771750.6057813]         [Thread #54]      Create read mapping...
[1602771764.8972688]         [Thread #54]    - [Thread #54] finished
[1602771809.3727796]         [Thread #58]    - [Thread #58] running on [1/28] CPUs
[1602771809.3729038]         [Thread #58]      Creating output directories...
[1602771809.3757539]         [Thread #58]      Translating reads...
[1602771828.4606476]         [Thread #58]      Running DIAMOND...
[1602771834.4687796]         [Thread #58]      Converting DIAMOND...
[1602771834.584176]          [Thread #58]      Parsing DIAMOND...
[1602771834.7407157]         [Thread #58]      Annotating...
[1602771834.9668972]         [Thread #58]      Analyzing...
[1602771835.27106]           [Thread #58]      Create read mapping...
[1602771849.7075768]         [Thread #58]    - [Thread #58] finished
[1602771851.6826038]         [Thread #60]    - [Thread #60] running on [1/28] CPUs
[1602771851.682722]          [Thread #60]      Creating output directories...
[1602771851.6864982]         [Thread #60]      Translating reads...
[1602771871.2740982]         [Thread #60]      Running DIAMOND...
[1602771877.273148]          [Thread #60]      Converting DIAMOND...
[1602771877.3956509]         [Thread #60]      Parsing DIAMOND...
[1602771877.563324]          [Thread #60]      Annotating...
[1602771877.5778768]         [Thread #60]      Analyzing...
[1602771877.5879154]         [Thread #60]      Create read mapping...
[1602771892.6752307]         [Thread #60]    - [Thread #60] finished
[1602771873.485339]          [Thread #61]    - [Thread #61] running on [1/28] CPUs
[1602771873.4854193]         [Thread #61]      Creating output directories...
[1602771873.4888723]         [Thread #61]      Translating reads...
[1602771892.612892]          [Thread #61]      Running DIAMOND...
[1602771898.6077843]         [Thread #61]      Converting DIAMOND...
[1602771898.7168057]         [Thread #61]      Parsing DIAMOND...
[1602771898.9263015]         [Thread #61]      Annotating...
[1602771899.1111867]         [Thread #61]      Analyzing...
[1602771899.3208723]         [Thread #61]      Create read mapping...
[1602771913.1979313]         [Thread #61]    - [Thread #61] finished
[1602771915.32759]           [Thread #63]    - [Thread #63] running on [1/28] CPUs
[1602771915.3277135]         [Thread #63]      Creating output directories...
[1602771915.3308918]         [Thread #63]      Translating reads...
[1602771935.0010574]         [Thread #63]      Running DIAMOND...
[1602771941.1310115]         [Thread #63]      Converting DIAMOND...
[1602771941.2607822]         [Thread #63]      Parsing DIAMOND...
[1602771941.5204475]         [Thread #63]      Annotating...
[1602771941.6035]            [Thread #63]      Analyzing...
[1602771941.8816116]         [Thread #63]      Create read mapping...
[1602771956.2084167]         [Thread #63]    - [Thread #63] finished
[1602771937.1100354]         [Thread #64]    - [Thread #64] running on [1/28] CPUs
[1602771937.1101153]         [Thread #64]      Creating output directories...
[1602771937.1133013]         [Thread #64]      Translating reads...
[1602771956.1770284]         [Thread #64]      Running DIAMOND...
[1602771962.1312842]         [Thread #64]      Converting DIAMOND...
[1602771962.2484598]         [Thread #64]      Parsing DIAMOND...
[1602771962.389358]          [Thread #64]      Annotating...
[1602771962.687294]          [Thread #64]      Analyzing...
[1602771962.825734]          [Thread #64]      Create read mapping...
[1602771977.8342278]         [Thread #64]    - [Thread #64] finished
[1602771979.866822]          [Thread #66]    - [Thread #66] running on [1/28] CPUs
[1602771979.8669033]         [Thread #66]      Creating output directories...
[1602771979.8697343]         [Thread #66]      Translating reads...
[1602771999.1592457]         [Thread #66]      Running DIAMOND...
[1602772005.2066498]         [Thread #66]      Converting DIAMOND...
[1602772005.2940118]         [Thread #66]      Parsing DIAMOND...
[1602772005.545706]          [Thread #66]      Annotating...
[1602772005.860402]          [Thread #66]      Analyzing...
[1602772006.1535594]         [Thread #66]      Create read mapping...
[1602772020.7014787]         [Thread #66]    - [Thread #66] finished
[1602772001.382443]          [Thread #67]    - [Thread #67] running on [1/28] CPUs
[1602772001.3825216]         [Thread #67]      Creating output directories...
[1602772001.385572]          [Thread #67]      Translating reads...
[1602772020.611905]          [Thread #67]      Running DIAMOND...
[1602772026.6144364]         [Thread #67]      Converting DIAMOND...
[1602772026.7459664]         [Thread #67]      Parsing DIAMOND...
[1602772026.9302814]         [Thread #67]      Annotating...
[1602772027.096179]          [Thread #67]      Analyzing...
[1602772027.3917036]         [Thread #67]      Create read mapping...
[1602772041.254016]          [Thread #67]    - [Thread #67] finished
[1602772022.7852829]         [Thread #68]    - [Thread #68] running on [1/28] CPUs
[1602772022.785364]          [Thread #68]      Creating output directories...
[1602772022.7885635]         [Thread #68]      Translating reads...
[1602772041.1808693]         [Thread #68]      Running DIAMOND...
[1602772047.29493]           [Thread #68]      Converting DIAMOND...
[1602772047.4028203]         [Thread #68]      Parsing DIAMOND...
[1602772047.5508204]         [Thread #68]      Annotating...
[1602772047.836442]          [Thread #68]      Analyzing...
[1602772048.033359]          [Thread #68]      Create read mapping...
[1602772063.0205774]         [Thread #68]    - [Thread #68] finished
[1602772128.0661447]         [Thread #73]    - [Thread #73] running on [1/28] CPUs
[1602772128.06623]           [Thread #73]      Creating output directories...
[1602772128.068913]          [Thread #73]      Translating reads...
[1602772146.7957563]         [Thread #73]      Running DIAMOND...
[1602772152.8554707]         [Thread #73]      Converting DIAMOND...
[1602772152.9525023]         [Thread #73]      Parsing DIAMOND...
[1602772153.0600104]         [Thread #73]      Annotating...
[1602772153.4147305]         [Thread #73]      Analyzing...
[1602772153.6140127]         [Thread #73]      Create read mapping...
[1602772168.1776955]         [Thread #73]    - [Thread #73] finished
[1602772149.0259619]         [Thread #74]    - [Thread #74] running on [1/28] CPUs
[1602772149.0260427]         [Thread #74]      Creating output directories...
[1602772149.02883]           [Thread #74]      Translating reads...
[1602772168.0799065]         [Thread #74]      Running DIAMOND...
[1602772174.134143]          [Thread #74]      Converting DIAMOND...
[1602772174.241774]          [Thread #74]      Parsing DIAMOND...
[1602772174.3922713]         [Thread #74]      Annotating...
[1602772174.5790293]         [Thread #74]      Analyzing...
[1602772174.7064888]         [Thread #74]      Create read mapping...
[1602772188.6037495]         [Thread #74]    - [Thread #74] finished
[1602772191.2147362]         [Thread #76]    - [Thread #76] running on [1/28] CPUs
[1602772191.214822]          [Thread #76]      Creating output directories...
[1602772191.21784]           [Thread #76]      Translating reads...
[1602772209.919995]          [Thread #76]      Running DIAMOND...
[1602772216.0159833]         [Thread #76]      Converting DIAMOND...
[1602772216.1262739]         [Thread #76]      Parsing DIAMOND...
[1602772216.265059]          [Thread #76]      Annotating...
[1602772216.4173195]         [Thread #76]      Analyzing...
[1602772216.6255794]         [Thread #76]      Create read mapping...
[1602772231.5899217]         [Thread #76]    - [Thread #76] finished
[1602772212.1444137]         [Thread #77]    - [Thread #77] running on [1/28] CPUs
[1602772212.1444867]         [Thread #77]      Creating output directories...
[1602772212.1473875]         [Thread #77]      Translating reads...
[1602772231.5469563]         [Thread #77]      Running DIAMOND...
[1602772237.7282405]         [Thread #77]      Converting DIAMOND...
[1602772237.8643792]         [Thread #77]      Parsing DIAMOND...
[1602772238.0105]            [Thread #77]      Annotating...
[1602772238.2283897]         [Thread #77]      Analyzing...
[1602772238.5149155]         [Thread #77]      Create read mapping...
[1602772253.1622157]         [Thread #77]    - [Thread #77] finished
[1602772233.6501431]         [Thread #78]    - [Thread #78] running on [1/28] CPUs
[1602772233.6502237]         [Thread #78]      Creating output directories...
[1602772233.6531975]         [Thread #78]      Translating reads...
[1602772253.1306365]         [Thread #78]      Running DIAMOND...
[1602772259.375771]          [Thread #78]      Converting DIAMOND...
[1602772259.4911945]         [Thread #78]      Parsing DIAMOND...
[1602772259.6780522]         [Thread #78]      Annotating...
[1602772260.0321896]         [Thread #78]      Analyzing...
[1602772260.3427193]         [Thread #78]      Create read mapping...
[1602772274.6628325]         [Thread #78]    - [Thread #78] finished
[1602772276.6698568]         [Thread #80]    - [Thread #80] running on [1/28] CPUs
[1602772276.6699417]         [Thread #80]      Creating output directories...
[1602772276.6732888]         [Thread #80]      Translating reads...
[1602772295.9273565]         [Thread #80]      Running DIAMOND...
[1602772301.9897122]         [Thread #80]      Converting DIAMOND...
[1602772302.2789881]         [Thread #80]      Parsing DIAMOND...
[1602772302.3738918]         [Thread #80]      Annotating...
[1602772302.391421]          [Thread #80]      Analyzing...
[1602772302.6490514]         [Thread #80]      Create read mapping...
[1602772317.067625]          [Thread #80]    - [Thread #80] finished
[1602772297.9549108]         [Thread #81]    - [Thread #81] running on [1/28] CPUs
[1602772297.9550114]         [Thread #81]      Creating output directories...
[1602772297.95813]           [Thread #81]      Translating reads...
[1602772316.9348934]         [Thread #81]      Running DIAMOND...
[1602772323.062944]          [Thread #81]      Converting DIAMOND...
[1602772323.16451]           [Thread #81]      Parsing DIAMOND...
[1602772323.3210099]         [Thread #81]      Annotating...
[1602772323.6055598]         [Thread #81]      Analyzing...
[1602772323.8688915]         [Thread #81]      Create read mapping...
[1602772337.92071]           [Thread #81]    - [Thread #81] finished
[1602772319.2140453]         [Thread #82]    - [Thread #82] running on [1/28] CPUs
[1602772319.2141259]         [Thread #82]      Creating output directories...
[1602772319.217772]          [Thread #82]      Translating reads...
[1602772337.8290827]         [Thread #82]      Running DIAMOND...
[1602772343.9837632]         [Thread #82]      Converting DIAMOND...
[1602772344.087272]          [Thread #82]      Parsing DIAMOND...
[1602772344.2349458]         [Thread #82]      Annotating...
[1602772344.4328933]         [Thread #82]      Analyzing...
[1602772344.7583122]         [Thread #82]      Create read mapping...
[1602772358.8690796]         [Thread #82]    - [Thread #82] finished
[1602772360.9542313]         [Thread #84]    - [Thread #84] running on [1/28] CPUs
[1602772360.9543138]         [Thread #84]      Creating output directories...
[1602772360.957258]          [Thread #84]      Translating reads...
[1602772379.4155705]         [Thread #84]      Running DIAMOND...
[1602772385.6409936]         [Thread #84]      Converting DIAMOND...
[1602772385.7479348]         [Thread #84]      Parsing DIAMOND...
[1602772385.9318697]         [Thread #84]      Annotating...
[1602772386.1031516]         [Thread #84]      Analyzing...
[1602772386.407994]          [Thread #84]      Create read mapping...
[1602772401.400219]          [Thread #84]    - [Thread #84] finished
[1602772403.4390068]         [Thread #86]    - [Thread #86] running on [1/28] CPUs
[1602772403.4390855]         [Thread #86]      Creating output directories...
[1602772403.442293]          [Thread #86]      Translating reads...
[1602772422.1344364]         [Thread #86]      Running DIAMOND...
[1602772428.2662337]         [Thread #86]      Converting DIAMOND...
[1602772428.371182]          [Thread #86]      Parsing DIAMOND...
[1602772428.5286725]         [Thread #86]      Annotating...
[1602772428.7824223]         [Thread #86]      Analyzing...
[1602772428.8607552]         [Thread #86]      Create read mapping...
[1602772442.893767]          [Thread #86]    - [Thread #86] finished
[1602772424.185659]          [Thread #87]    - [Thread #87] running on [1/28] CPUs
[1602772424.1858103]         [Thread #87]      Creating output directories...
[1602772424.1888862]         [Thread #87]      Translating reads...
[1602772442.8095992]         [Thread #87]      Running DIAMOND...
[1602772448.82032]           [Thread #87]      Converting DIAMOND...
[1602772449.0369875]         [Thread #87]      Parsing DIAMOND...
[1602772449.212064]          [Thread #87]      Annotating...
[1602772449.34093]           [Thread #87]      Analyzing...
[1602772449.4156187]         [Thread #87]      Create read mapping...
[1602772464.3068354]         [Thread #87]    - [Thread #87] finished
[1602772445.0514722]         [Thread #88]    - [Thread #88] running on [1/28] CPUs
[1602772445.0515518]         [Thread #88]      Creating output directories...
[1602772445.054723]          [Thread #88]      Translating reads...
[1602772464.2465923]         [Thread #88]      Running DIAMOND...
[1602772470.2483988]         [Thread #88]      Converting DIAMOND...
[1602772470.3613293]         [Thread #88]      Parsing DIAMOND...
[1602772470.7969072]         [Thread #88]      Annotating...
[1602772471.0916538]         [Thread #88]      Analyzing...
[1602772471.5054965]         [Thread #88]      Create read mapping...
[1602772486.2343159]         [Thread #88]    - [Thread #88] finished
[1602772529.908473]          [Thread #92]    - [Thread #92] running on [1/28] CPUs
[1602772529.908553]          [Thread #92]      Creating output directories...
[1602772529.9109144]         [Thread #92]      Translating reads...
[1602772549.0986385]         [Thread #92]      Running DIAMOND...
[1602772555.1085153]         [Thread #92]      Converting DIAMOND...
[1602772555.235363]          [Thread #92]      Parsing DIAMOND...
[1602772555.3656962]         [Thread #92]      Annotating...
[1602772555.6008193]         [Thread #92]      Analyzing...
[1602772555.8072503]         [Thread #92]      Create read mapping...
[1602772569.9118936]         [Thread #92]    - [Thread #92] finished
[1602772572.0827909]         [Thread #94]    - [Thread #94] running on [1/28] CPUs
[1602772572.0828722]         [Thread #94]      Creating output directories...
[1602772572.0866377]         [Thread #94]      Translating reads...
[1602772591.1074247]         [Thread #94]      Running DIAMOND...
[1602772597.183436]          [Thread #94]      Converting DIAMOND...
[1602772597.2969403]         [Thread #94]      Parsing DIAMOND...
[1602772597.45345]           [Thread #94]      Annotating...
[1602772597.5765839]         [Thread #94]      Analyzing...
[1602772597.851852]          [Thread #94]      Create read mapping...
[1602772611.807229]          [Thread #94]    - [Thread #94] finished
[1602772613.9632]            [Thread #96]    - [Thread #96] running on [1/28] CPUs
[1602772613.963279]          [Thread #96]      Creating output directories...
[1602772613.9669795]         [Thread #96]      Translating reads...
[1602772632.9483004]         [Thread #96]      Running DIAMOND...
[1602772638.9644933]         [Thread #96]      Converting DIAMOND...
[1602772639.0834832]         [Thread #96]      Parsing DIAMOND...
[1602772639.3155077]         [Thread #96]      Annotating...
[1602772639.6151927]         [Thread #96]      Analyzing...
[1602772639.8639846]         [Thread #96]      Create read mapping...
[1602772654.8022137]         [Thread #96]    - [Thread #96] finished
[1602772635.1416147]         [Thread #97]    - [Thread #97] running on [1/28] CPUs
[1602772635.141726]          [Thread #97]      Creating output directories...
[1602772635.1446834]         [Thread #97]      Translating reads...
[1602772654.7273042]         [Thread #97]      Running DIAMOND...
[1602772660.7959473]         [Thread #97]      Converting DIAMOND...
[1602772660.9006414]         [Thread #97]      Parsing DIAMOND...
[1602772661.0802555]         [Thread #97]      Annotating...
[1602772661.2189984]         [Thread #97]      Analyzing...
[1602772661.476355]          [Thread #97]      Create read mapping...
[1602772675.3354707]         [Thread #97]    - [Thread #97] finished
[1602772656.8576102]         [Thread #98]    - [Thread #98] running on [1/28] CPUs
[1602772656.8577178]         [Thread #98]      Creating output directories...
[1602772656.8611147]         [Thread #98]      Translating reads...
[1602772675.2584014]         [Thread #98]      Running DIAMOND...
[1602772681.376706]          [Thread #98]      Converting DIAMOND...
[1602772681.5038285]         [Thread #98]      Parsing DIAMOND...
[1602772681.8300786]         [Thread #98]      Annotating...
[1602772682.0726378]         [Thread #98]      Analyzing...
[1602772682.1114135]         [Thread #98]      Create read mapping...
[1602772697.1911097]         [Thread #98]    - [Thread #98] finished
[1602772762.6850252]         [Thread #103]    - [Thread #103] running on [1/28] CPUs
[1602772762.6851082]         [Thread #103]      Creating output directories...
[1602772762.6882544]         [Thread #103]      Translating reads...
[1602772780.8657737]         [Thread #103]      Running DIAMOND...
[1602772786.993895]          [Thread #103]      Converting DIAMOND...
[1602772787.1173732]         [Thread #103]      Parsing DIAMOND...
[1602772787.3760107]         [Thread #103]      Annotating...
[1602772787.7221534]         [Thread #103]      Analyzing...
[1602772787.8595715]         [Thread #103]      Create read mapping...
[1602772802.6943004]         [Thread #103]    - [Thread #103] finished
[1602772783.0308836]         [Thread #104]    - [Thread #104] running on [1/28] CPUs
[1602772783.030967]          [Thread #104]      Creating output directories...
[1602772783.0339184]         [Thread #104]      Translating reads...
[1602772802.6417904]         [Thread #104]      Running DIAMOND...
[1602772808.7767656]         [Thread #104]      Converting DIAMOND...
[1602772808.8882427]         [Thread #104]      Parsing DIAMOND...
[1602772809.0770693]         [Thread #104]      Annotating...
[1602772809.2822902]         [Thread #104]      Analyzing...
[1602772809.4342315]         [Thread #104]      Create read mapping...
[1602772823.9960196]         [Thread #104]    - [Thread #104] finished
[1602772804.6893277]         [Thread #105]    - [Thread #105] running on [1/28] CPUs
[1602772804.689411]          [Thread #105]      Creating output directories...
[1602772804.6930814]         [Thread #105]      Translating reads...
[1602772823.9522593]         [Thread #105]      Running DIAMOND...
[1602772830.0604327]         [Thread #105]      Converting DIAMOND...
[1602772830.1793733]         [Thread #105]      Parsing DIAMOND...
[1602772830.3560884]         [Thread #105]      Annotating...
[1602772830.5145383]         [Thread #105]      Analyzing...
[1602772830.6723864]         [Thread #105]      Create read mapping...
[1602772845.4174438]         [Thread #105]    - [Thread #105] finished
[1602772826.0720642]         [Thread #106]    - [Thread #106] running on [1/28] CPUs
[1602772826.0721643]         [Thread #106]      Creating output directories...
[1602772826.0750194]         [Thread #106]      Translating reads...
[1602772845.2992086]         [Thread #106]      Running DIAMOND...
[1602772851.470105]          [Thread #106]      Converting DIAMOND...
[1602772851.59872]           [Thread #106]      Parsing DIAMOND...
[1602772852.0108612]         [Thread #106]      Annotating...
[1602772852.1581368]         [Thread #106]      Analyzing...
[1602772852.355792]          [Thread #106]      Create read mapping...
[1602772866.9808779]         [Thread #106]    - [Thread #106] finished
[1602772890.3784158]         [Thread #109]    - [Thread #109] running on [1/28] CPUs
[1602772890.3784986]         [Thread #109]      Creating output directories...
[1602772890.381167]          [Thread #109]      Translating reads...
[1602772909.2544389]         [Thread #109]      Running DIAMOND...
[1602772915.3767478]         [Thread #109]      Converting DIAMOND...
[1602772915.506488]          [Thread #109]      Parsing DIAMOND...
[1602772915.7161102]         [Thread #109]      Annotating...
[1602772915.9083364]         [Thread #109]      Analyzing...
[1602772916.2024655]         [Thread #109]      Create read mapping...
[1602772930.6110196]         [Thread #109]    - [Thread #109] finished
[1602772932.6792872]         [Thread #111]    - [Thread #111] running on [1/28] CPUs
[1602772932.6793678]         [Thread #111]      Creating output directories...
[1602772932.6821747]         [Thread #111]      Translating reads...
[1602772952.4150898]         [Thread #111]      Running DIAMOND...
[1602772958.5383122]         [Thread #111]      Converting DIAMOND...
[1602772958.639071]          [Thread #111]      Parsing DIAMOND...
[1602772958.7738302]         [Thread #111]      Annotating...
[1602772959.0347116]         [Thread #111]      Analyzing...
[1602772959.3388472]         [Thread #111]      Create read mapping...
[1602772973.5058377]         [Thread #111]    - [Thread #111] finished
[1602772975.6674638]         [Thread #113]    - [Thread #113] running on [1/28] CPUs
[1602772975.667544]          [Thread #113]      Creating output directories...
[1602772975.670448]          [Thread #113]      Translating reads...
[1602772994.903408]          [Thread #113]      Running DIAMOND...
[1602773001.058044]          [Thread #113]      Converting DIAMOND...
[1602773001.1554022]         [Thread #113]      Parsing DIAMOND...
[1602773001.2870848]         [Thread #113]      Annotating...
[1602773001.4201405]         [Thread #113]      Analyzing...
[1602773001.4812083]         [Thread #113]      Create read mapping...
[1602773016.5143697]         [Thread #113]    - [Thread #113] finished
[1602772996.9734237]         [Thread #114]    - [Thread #114] running on [1/28] CPUs
[1602772996.9735029]         [Thread #114]      Creating output directories...
[1602772996.9766042]         [Thread #114]      Translating reads...
[1602773016.414956]          [Thread #114]      Running DIAMOND...
[1602773022.618287]          [Thread #114]      Converting DIAMOND...
[1602773022.7168794]         [Thread #114]      Parsing DIAMOND...
[1602773022.8725128]         [Thread #114]      Annotating...
[1602773023.032304]          [Thread #114]      Analyzing...
[1602773023.3128686]         [Thread #114]      Create read mapping...
[1602773036.180845]          [Thread #114]    - [Thread #114] finished
[1602773039.48546]           [Thread #116]    - [Thread #116] running on [1/28] CPUs
[1602773039.4855428]         [Thread #116]      Creating output directories...
[1602773039.4902039]         [Thread #116]      Translating reads...
[1602773059.128327]          [Thread #116]      Running DIAMOND...
[1602773065.15439]           [Thread #116]      Converting DIAMOND...
[1602773065.265127]          [Thread #116]      Parsing DIAMOND...
[1602773065.5311944]         [Thread #116]      Annotating...
[1602773065.6823559]         [Thread #116]      Analyzing...
[1602773065.967148]          [Thread #116]      Create read mapping...
[1602773079.8990722]         [Thread #116]    - [Thread #116] finished
[1602773103.5769162]         [Thread #119]    - [Thread #119] running on [1/28] CPUs
[1602773103.5769975]         [Thread #119]      Creating output directories...
[1602773103.5800643]         [Thread #119]      Translating reads...
[1602773121.9785073]         [Thread #119]      Running DIAMOND...
[1602773128.0449455]         [Thread #119]      Converting DIAMOND...
[1602773128.1591601]         [Thread #119]      Parsing DIAMOND...
[1602773128.439685]          [Thread #119]      Annotating...
[1602773128.747039]          [Thread #119]      Analyzing...
[1602773128.8465908]         [Thread #119]      Create read mapping...
[1602773143.5103462]         [Thread #119]    - [Thread #119] finished
[1602773124.2234838]         [Thread #120]    - [Thread #120] running on [1/28] CPUs
[1602773124.2235641]         [Thread #120]      Creating output directories...
[1602773124.2266603]         [Thread #120]      Translating reads...
[1602773143.457381]          [Thread #120]      Running DIAMOND...
[1602773149.546298]          [Thread #120]      Converting DIAMOND...
[1602773149.6756744]         [Thread #120]      Parsing DIAMOND...
[1602773149.799724]          [Thread #120]      Annotating...
[1602773149.941264]          [Thread #120]      Analyzing...
[1602773150.2144835]         [Thread #120]      Create read mapping...
[1602773163.9941044]         [Thread #120]    - [Thread #120] finished
[1602773145.4840066]         [Thread #121]    - [Thread #121] running on [1/28] CPUs
[1602773145.4840875]         [Thread #121]      Creating output directories...
[1602773145.4868765]         [Thread #121]      Translating reads...
[1602773163.9118812]         [Thread #121]      Running DIAMOND...
[1602773170.0301082]         [Thread #121]      Converting DIAMOND...
[1602773170.1365569]         [Thread #121]      Parsing DIAMOND...
[1602773170.3009148]         [Thread #121]      Annotating...
[1602773170.6226807]         [Thread #121]      Analyzing...
[1602773170.7150419]         [Thread #121]      Create read mapping...
[1602773185.8527215]         [Thread #121]    - [Thread #121] finished
[1602773250.8377924]         [Thread #126]    - [Thread #126] running on [1/28] CPUs
[1602773250.8378785]         [Thread #126]      Creating output directories...
[1602773250.839399]          [Thread #126]      Translating reads...
[1602773270.1731489]         [Thread #126]      Running DIAMOND...
[1602773276.3087118]         [Thread #126]      Converting DIAMOND...
[1602773276.4028158]         [Thread #126]      Parsing DIAMOND...
[1602773276.575934]          [Thread #126]      Annotating...
[1602773276.6809368]         [Thread #126]      Analyzing...
[1602773276.7518802]         [Thread #126]      Create read mapping...
[1602773291.613324]          [Thread #126]    - [Thread #126] finished
[1602773315.217482]          [Thread #129]    - [Thread #129] running on [1/28] CPUs
[1602773315.217561]          [Thread #129]      Creating output directories...
[1602773315.2192287]         [Thread #129]      Translating reads...
[1602773334.0941865]         [Thread #129]      Running DIAMOND...
[1602773340.2377608]         [Thread #129]      Converting DIAMOND...
[1602773340.356029]          [Thread #129]      Parsing DIAMOND...
[1602773340.466316]          [Thread #129]      Annotating...
[1602773340.80689]           [Thread #129]      Analyzing...
[1602773341.0381484]         [Thread #129]      Create read mapping...
[1602773354.5883048]         [Thread #129]    - [Thread #129] finished
[1602773336.2088614]         [Thread #130]    - [Thread #130] running on [1/28] CPUs
[1602773336.2089427]         [Thread #130]      Creating output directories...
[1602773336.2100277]         [Thread #130]      Translating reads...
[1602773354.5486124]         [Thread #130]      Running DIAMOND...
[1602773360.6729813]         [Thread #130]      Converting DIAMOND...
[1602773360.7881036]         [Thread #130]      Parsing DIAMOND...
[1602773361.0585563]         [Thread #130]      Annotating...
[1602773361.2534518]         [Thread #130]      Analyzing...
[1602773361.5441353]         [Thread #130]      Create read mapping...
[1602773376.026675]          [Thread #130]    - [Thread #130] finished
[1602773441.7584283]         [Thread #135]    - [Thread #135] running on [1/28] CPUs
[1602773441.7585099]         [Thread #135]      Creating output directories...
[1602773441.7599525]         [Thread #135]      Translating reads...
[1602773460.1544857]         [Thread #135]      Running DIAMOND...
[1602773466.2793162]         [Thread #135]      Converting DIAMOND...
[1602773466.401017]          [Thread #135]      Parsing DIAMOND...
[1602773466.7363307]         [Thread #135]      Annotating...
[1602773466.8924584]         [Thread #135]      Analyzing...
[1602773467.124945]          [Thread #135]      Create read mapping...
[1602773481.942154]          [Thread #135]    - [Thread #135] finished
[1602773462.343445]          [Thread #136]    - [Thread #136] running on [1/28] CPUs
[1602773462.3435233]         [Thread #136]      Creating output directories...
[1602773462.3451192]         [Thread #136]      Translating reads...
[1602773481.8880339]         [Thread #136]      Running DIAMOND...
[1602773488.0907815]         [Thread #136]      Converting DIAMOND...
[1602773488.1826968]         [Thread #136]      Parsing DIAMOND...
[1602773488.27242]           [Thread #136]      Annotating...
[1602773488.3834157]         [Thread #136]      Analyzing...
[1602773488.6898997]         [Thread #136]      Create read mapping...
[1602773503.3835578]         [Thread #136]    - [Thread #136] finished
[1602773484.01503]           [Thread #137]    - [Thread #137] running on [1/28] CPUs
[1602773484.0151083]         [Thread #137]      Creating output directories...
[1602773484.0166054]         [Thread #137]      Translating reads...
[1602773503.276506]          [Thread #137]      Running DIAMOND...
[1602773509.4463048]         [Thread #137]      Converting DIAMOND...
[1602773509.566004]          [Thread #137]      Parsing DIAMOND...
[1602773509.820877]          [Thread #137]      Annotating...
[1602773509.9161255]         [Thread #137]      Analyzing...
[1602773510.1298401]         [Thread #137]      Create read mapping...
[1602773521.2977982]         [Thread #137]    - [Thread #137] finished
[1602773526.151618]          [Thread #139]    - [Thread #139] running on [1/28] CPUs
[1602773526.1517208]         [Thread #139]      Creating output directories...
[1602773526.1533072]         [Thread #139]      Translating reads...
[1602773545.4757056]         [Thread #139]      Running DIAMOND...
[1602773551.6079345]         [Thread #139]      Converting DIAMOND...
[1602773551.7142632]         [Thread #139]      Parsing DIAMOND...
[1602773551.8525386]         [Thread #139]      Annotating...
[1602773551.9325402]         [Thread #139]      Analyzing...
[1602773552.1787982]         [Thread #139]      Create read mapping...
[1602773566.977216]          [Thread #139]    - [Thread #139] finished
[1602773589.575496]          [Thread #142]    - [Thread #142] running on [1/28] CPUs
[1602773589.5755758]         [Thread #142]      Creating output directories...
[1602773589.576898]          [Thread #142]      Translating reads...
[1602773608.91916]           [Thread #142]      Running DIAMOND...
[1602773615.0091612]         [Thread #142]      Converting DIAMOND...
[1602773615.1138842]         [Thread #142]      Parsing DIAMOND...
[1602773615.2684457]         [Thread #142]      Annotating...
[1602773615.468188]          [Thread #142]      Analyzing...
[1602773615.736553]          [Thread #142]      Create read mapping...
[1602773629.0238159]         [Thread #142]    - [Thread #142] finished
[1602773652.0547016]         [Thread #145]    - [Thread #145] running on [1/28] CPUs
[1602773652.0547876]         [Thread #145]      Creating output directories...
[1602773652.0562716]         [Thread #145]      Translating reads...
[1602773670.3838387]         [Thread #145]      Running DIAMOND...
[1602773676.535644]          [Thread #145]      Converting DIAMOND...
[1602773676.6555884]         [Thread #145]      Parsing DIAMOND...
[1602773676.8047507]         [Thread #145]      Annotating...
[1602773677.0867288]         [Thread #145]      Analyzing...
[1602773677.3556566]         [Thread #145]      Create read mapping...
[1602773691.9752653]         [Thread #145]    - [Thread #145] finished
[1602773694.2824411]         [Thread #147]    - [Thread #147] running on [1/28] CPUs
[1602773694.282527]          [Thread #147]      Creating output directories...
[1602773694.2840412]         [Thread #147]      Translating reads...
[1602773713.5912163]         [Thread #147]      Running DIAMOND...
[1602773719.495531]          [Thread #147]      Converting DIAMOND...
[1602773719.58963]           [Thread #147]      Parsing DIAMOND...
[1602773719.7603755]         [Thread #147]      Annotating...
[1602773719.9805467]         [Thread #147]      Analyzing...
[1602773720.2649686]         [Thread #147]      Create read mapping...
[1602773734.414284]          [Thread #147]    - [Thread #147] finished
[1602773736.5224116]         [Thread #149]    - [Thread #149] running on [1/28] CPUs
[1602773736.5224957]         [Thread #149]      Creating output directories...
[1602773736.5245438]         [Thread #149]      Translating reads...
[1602773755.699986]          [Thread #149]      Running DIAMOND...
[1602773761.8137686]         [Thread #149]      Converting DIAMOND...
[1602773761.937806]          [Thread #149]      Parsing DIAMOND...
[1602773762.0688522]         [Thread #149]      Annotating...
[1602773762.271823]          [Thread #149]      Analyzing...
[1602773762.5949974]         [Thread #149]      Create read mapping...
[1602773776.4425921]         [Thread #149]    - [Thread #149] finished
[1602773778.593649]          [Thread #151]    - [Thread #151] running on [1/28] CPUs
[1602773778.5937653]         [Thread #151]      Creating output directories...
[1602773778.5953808]         [Thread #151]      Translating reads...
[1602773797.4215868]         [Thread #151]      Running DIAMOND...
[1602773803.705973]          [Thread #151]      Converting DIAMOND...
[1602773803.8238277]         [Thread #151]      Parsing DIAMOND...
[1602773804.024423]          [Thread #151]      Annotating...
[1602773804.3368306]         [Thread #151]      Analyzing...
[1602773804.620822]          [Thread #151]      Create read mapping...
[1602773818.0797913]         [Thread #151]    - [Thread #151] finished
[1602773820.4242814]         [Thread #153]    - [Thread #153] running on [1/28] CPUs
[1602773820.4243643]         [Thread #153]      Creating output directories...
[1602773820.4259682]         [Thread #153]      Translating reads...
[1602773839.0838826]         [Thread #153]      Running DIAMOND...
[1602773845.1440363]         [Thread #153]      Converting DIAMOND...
[1602773845.2826798]         [Thread #153]      Parsing DIAMOND...
[1602773845.602213]          [Thread #153]      Annotating...
[1602773846.0997658]         [Thread #153]      Analyzing...
[1602773846.5139942]         [Thread #153]      Create read mapping...
[1602773860.9754524]         [Thread #153]    - [Thread #153] finished
[1602773841.2583718]         [Thread #154]    - [Thread #154] running on [1/28] CPUs
[1602773841.2584527]         [Thread #154]      Creating output directories...
[1602773841.2597835]         [Thread #154]      Translating reads...
[1602773860.8424268]         [Thread #154]      Running DIAMOND...
[1602773866.90813]           [Thread #154]      Converting DIAMOND...
[1602773867.0413804]         [Thread #154]      Parsing DIAMOND...
[1602773867.1815314]         [Thread #154]      Annotating...
[1602773867.43803]           [Thread #154]      Analyzing...
[1602773867.5800357]         [Thread #154]      Create read mapping...
[1602773881.4945917]         [Thread #154]    - [Thread #154] finished
[1602773863.1357791]         [Thread #155]    - [Thread #155] running on [1/28] CPUs
[1602773863.1358612]         [Thread #155]      Creating output directories...
[1602773863.1373572]         [Thread #155]      Translating reads...
[1602773881.4647918]         [Thread #155]      Running DIAMOND...
[1602773887.6235435]         [Thread #155]      Converting DIAMOND...
[1602773887.7207468]         [Thread #155]      Parsing DIAMOND...
[1602773888.0409074]         [Thread #155]      Annotating...
[1602773888.420831]          [Thread #155]      Analyzing...
[1602773888.6154613]         [Thread #155]      Create read mapping...
[1602773902.3789644]         [Thread #155]    - [Thread #155] finished
[1602773883.6166453]         [Thread #156]    - [Thread #156] running on [1/28] CPUs
[1602773883.6167562]         [Thread #156]      Creating output directories...
[1602773883.6181667]         [Thread #156]      Translating reads...
[1602773902.3879354]         [Thread #156]      Running DIAMOND...
[1602773908.4175003]         [Thread #156]      Converting DIAMOND...
[1602773908.5488026]         [Thread #156]      Parsing DIAMOND...
[1602773908.7056582]         [Thread #156]      Annotating...
[1602773908.7655797]         [Thread #156]      Analyzing...
[1602773908.9868765]         [Thread #156]      Create read mapping...
[1602773922.663803]          [Thread #156]    - [Thread #156] finished
[1602773904.4811041]         [Thread #157]    - [Thread #157] running on [1/28] CPUs
[1602773904.4811866]         [Thread #157]      Creating output directories...
[1602773904.4826348]         [Thread #157]      Translating reads...
[1602773922.6321962]         [Thread #157]      Running DIAMOND...
[1602773928.802349]          [Thread #157]      Converting DIAMOND...
[1602773928.905889]          [Thread #157]      Parsing DIAMOND...
[1602773929.049115]          [Thread #157]      Annotating...
[1602773929.1683934]         [Thread #157]      Analyzing...
[1602773929.4106276]         [Thread #157]      Create read mapping...
[1602773943.1857336]         [Thread #157]    - [Thread #157] finished
[1602773924.8012931]         [Thread #158]    - [Thread #158] running on [1/28] CPUs
[1602773924.8013732]         [Thread #158]      Creating output directories...
[1602773924.802758]          [Thread #158]      Translating reads...
[1602773943.1301043]         [Thread #158]      Running DIAMOND...
[1602773949.2633193]         [Thread #158]      Converting DIAMOND...
[1602773949.4092772]         [Thread #158]      Parsing DIAMOND...
[1602773949.6288917]         [Thread #158]      Annotating...
[1602773949.7405136]         [Thread #158]      Analyzing...
[1602773949.976204]          [Thread #158]      Create read mapping...
[1602773964.5583158]         [Thread #158]    - [Thread #158] finished
[1602773988.3213146]         [Thread #161]    - [Thread #161] running on [1/28] CPUs
[1602773988.321412]          [Thread #161]      Creating output directories...
[1602773988.3228848]         [Thread #161]      Translating reads...
[1602774007.0034359]         [Thread #161]      Running DIAMOND...
[1602774013.0864909]         [Thread #161]      Converting DIAMOND...
[1602774013.203813]          [Thread #161]      Parsing DIAMOND...
[1602774013.3525712]         [Thread #161]      Annotating...
[1602774013.5958426]         [Thread #161]      Analyzing...
[1602774013.856639]          [Thread #161]      Create read mapping...
[1602774028.3622587]         [Thread #161]    - [Thread #161] finished
[1602774030.417091]          [Thread #163]    - [Thread #163] running on [1/28] CPUs
[1602774030.4171696]         [Thread #163]      Creating output directories...
[1602774030.4185755]         [Thread #163]      Translating reads...
[1602774049.5776384]         [Thread #163]      Running DIAMOND...
[1602774055.721707]          [Thread #163]      Converting DIAMOND...
[1602774055.8341696]         [Thread #163]      Parsing DIAMOND...
[1602774055.9605024]         [Thread #163]      Annotating...
[1602774055.977702]          [Thread #163]      Analyzing...
[1602774055.9880188]         [Thread #163]      Create read mapping...
[1602774070.9634616]         [Thread #163]    - [Thread #163] finished
[1602774051.7781882]         [Thread #164]    - [Thread #164] running on [1/28] CPUs
[1602774051.7782679]         [Thread #164]      Creating output directories...
[1602774051.7798076]         [Thread #164]      Translating reads...
[1602774070.9642532]         [Thread #164]      Running DIAMOND...
[1602774077.123005]          [Thread #164]      Converting DIAMOND...
[1602774077.2198195]         [Thread #164]      Parsing DIAMOND...
[1602774077.3547332]         [Thread #164]      Annotating...
[1602774077.692534]          [Thread #164]      Analyzing...
[1602774077.8079576]         [Thread #164]      Create read mapping...
[1602774088.8145874]         [Thread #164]    - [Thread #164] finished
[1602774073.0242374]         [Thread #165]    - [Thread #165] running on [1/28] CPUs
[1602774073.0243196]         [Thread #165]      Creating output directories...
[1602774073.0258079]         [Thread #165]      Translating reads...
[1602774091.7052476]         [Thread #165]      Running DIAMOND...
[1602774097.7016802]         [Thread #165]      Converting DIAMOND...
[1602774097.8072429]         [Thread #165]      Parsing DIAMOND...
[1602774097.9958174]         [Thread #165]      Annotating...
[1602774098.1460857]         [Thread #165]      Analyzing...
[1602774098.4619362]         [Thread #165]      Create read mapping...
[1602774112.465936]          [Thread #165]    - [Thread #165] finished
[1602774114.5985231]         [Thread #167]    - [Thread #167] running on [1/28] CPUs
[1602774114.5986042]         [Thread #167]      Creating output directories...
[1602774114.5999641]         [Thread #167]      Translating reads...
[1602774133.7543936]         [Thread #167]      Running DIAMOND...
[1602774139.756635]          [Thread #167]      Converting DIAMOND...
[1602774139.864236]          [Thread #167]      Parsing DIAMOND...
[1602774139.9890263]         [Thread #167]      Annotating...
[1602774140.006361]          [Thread #167]      Analyzing...
[1602774140.0169616]         [Thread #167]      Create read mapping...
[1602774152.7368171]         [Thread #167]    - [Thread #167] finished
[1602774135.835136]          [Thread #168]    - [Thread #168] running on [1/28] CPUs
[1602774135.8352194]         [Thread #168]      Creating output directories...
[1602774135.836748]          [Thread #168]      Translating reads...
[1602774154.584483]          [Thread #168]      Running DIAMOND...
[1602774160.5944984]         [Thread #168]      Converting DIAMOND...
[1602774160.7209835]         [Thread #168]      Parsing DIAMOND...
[1602774160.8623161]         [Thread #168]      Annotating...
[1602774161.0261188]         [Thread #168]      Analyzing...
[1602774161.2342482]         [Thread #168]      Create read mapping...
[1602774175.2852008]         [Thread #168]    - [Thread #168] finished
[1602774156.6102896]         [Thread #169]    - [Thread #169] running on [1/28] CPUs
[1602774156.6103725]         [Thread #169]      Creating output directories...
[1602774156.611898]          [Thread #169]      Translating reads...
[1602774175.2889755]         [Thread #169]      Running DIAMOND...
[1602774181.472355]          [Thread #169]      Converting DIAMOND...
[1602774181.5889902]         [Thread #169]      Parsing DIAMOND...
[1602774181.7464526]         [Thread #169]      Annotating...
[1602774181.947566]          [Thread #169]      Analyzing...
[1602774182.22492]           [Thread #169]      Create read mapping...
[1602774197.0925868]         [Thread #169]    - [Thread #169] finished
[1602774177.4445584]         [Thread #170]    - [Thread #170] running on [1/28] CPUs
[1602774177.4446418]         [Thread #170]      Creating output directories...
[1602774177.4458225]         [Thread #170]      Translating reads...
[1602774197.038345]          [Thread #170]      Running DIAMOND...
[1602774203.1039724]         [Thread #170]      Converting DIAMOND...
[1602774203.2302828]         [Thread #170]      Parsing DIAMOND...
[1602774203.3685098]         [Thread #170]      Annotating...
[1602774203.4312904]         [Thread #170]      Analyzing...
[1602774203.7239828]         [Thread #170]      Create read mapping...
[1602774217.6491935]         [Thread #170]    - [Thread #170] finished
[1602774240.349381]          [Thread #173]    - [Thread #173] running on [1/28] CPUs
[1602774240.34946]           [Thread #173]      Creating output directories...
[1602774240.3509827]         [Thread #173]      Translating reads...
[1602774258.4443855]         [Thread #173]      Running DIAMOND...
[1602774264.5990107]         [Thread #173]      Converting DIAMOND...
[1602774264.6998203]         [Thread #173]      Parsing DIAMOND...
[1602774264.849753]          [Thread #173]      Annotating...
[1602774264.983018]          [Thread #173]      Analyzing...
[1602774265.299257]          [Thread #173]      Create read mapping...
[1602774279.4489863]         [Thread #173]    - [Thread #173] finished
[1602774281.5937617]         [Thread #175]    - [Thread #175] running on [1/28] CPUs
[1602774281.593844]          [Thread #175]      Creating output directories...
[1602774281.5955102]         [Thread #175]      Translating reads...
[1602774299.8484159]         [Thread #175]      Running DIAMOND...
[1602774306.1493163]         [Thread #175]      Converting DIAMOND...
[1602774306.2430918]         [Thread #175]      Parsing DIAMOND...
[1602774306.452551]          [Thread #175]      Annotating...
[1602774306.7345085]         [Thread #175]      Analyzing...
[1602774307.010027]          [Thread #175]      Create read mapping...
[1602774321.5734422]         [Thread #175]    - [Thread #175] finished
[1602774302.1329668]         [Thread #176]    - [Thread #176] running on [1/28] CPUs
[1602774302.1330576]         [Thread #176]      Creating output directories...
[1602774302.134629]          [Thread #176]      Translating reads...
[1602774321.5609488]         [Thread #176]      Running DIAMOND...
[1602774327.6615205]         [Thread #176]      Converting DIAMOND...
[1602774327.7742448]         [Thread #176]      Parsing DIAMOND...
[1602774328.219535]          [Thread #176]      Annotating...
[1602774328.7025905]         [Thread #176]      Analyzing...
[1602774329.0125732]         [Thread #176]      Create read mapping...
[1602774342.6302314]         [Thread #176]    - [Thread #176] finished
[1602774344.7781773]         [Thread #178]    - [Thread #178] running on [1/28] CPUs
[1602774344.7783086]         [Thread #178]      Creating output directories...
[1602774344.7797904]         [Thread #178]      Translating reads...
[1602774364.2657144]         [Thread #178]      Running DIAMOND...
[1602774370.3759716]         [Thread #178]      Converting DIAMOND...
[1602774370.49712]           [Thread #178]      Parsing DIAMOND...
[1602774370.6501734]         [Thread #178]      Annotating...
[1602774371.0280213]         [Thread #178]      Analyzing...
[1602774371.3223505]         [Thread #178]      Create read mapping...
[1602774385.836605]          [Thread #178]    - [Thread #178] finished
[1602774366.2562754]         [Thread #179]    - [Thread #179] running on [1/28] CPUs
[1602774366.2563572]         [Thread #179]      Creating output directories...
[1602774366.2578287]         [Thread #179]      Translating reads...
[1602774385.784815]          [Thread #179]      Running DIAMOND...
[1602774391.8999238]         [Thread #179]      Converting DIAMOND...
[1602774392.0142355]         [Thread #179]      Parsing DIAMOND...
[1602774392.2436361]         [Thread #179]      Annotating...
[1602774392.3095841]         [Thread #179]      Analyzing...
[1602774392.6126568]         [Thread #179]      Create read mapping...
[1602774406.470185]          [Thread #179]    - [Thread #179] finished
[1602774387.910288]          [Thread #180]    - [Thread #180] running on [1/28] CPUs
[1602774387.9103682]         [Thread #180]      Creating output directories...
[1602774387.9118376]         [Thread #180]      Translating reads...
[1602774406.4217744]         [Thread #180]      Running DIAMOND...
[1602774412.5601754]         [Thread #180]      Converting DIAMOND...
[1602774412.6584854]         [Thread #180]      Parsing DIAMOND...
[1602774412.7871118]         [Thread #180]      Annotating...
[1602774412.9588847]         [Thread #180]      Analyzing...
[1602774413.1054196]         [Thread #180]      Create read mapping...
[1602774428.1855946]         [Thread #180]    - [Thread #180] finished
[1602774408.6228669]         [Thread #181]    - [Thread #181] running on [1/28] CPUs
[1602774408.6229494]         [Thread #181]      Creating output directories...
[1602774408.6244705]         [Thread #181]      Translating reads...
[1602774428.0847287]         [Thread #181]      Running DIAMOND...
[1602774434.1462886]         [Thread #181]      Converting DIAMOND...
[1602774434.2813425]         [Thread #181]      Parsing DIAMOND...
[1602774434.4218607]         [Thread #181]      Annotating...
[1602774434.6114862]         [Thread #181]      Analyzing...
[1602774434.7760963]         [Thread #181]      Create read mapping...
[1602774448.470518]          [Thread #181]    - [Thread #181] finished
[1602774430.2452412]         [Thread #182]    - [Thread #182] running on [1/28] CPUs
[1602774430.245323]          [Thread #182]      Creating output directories...
[1602774430.246786]          [Thread #182]      Translating reads...
[1602774448.4418414]         [Thread #182]      Running DIAMOND...
[1602774454.560031]          [Thread #182]      Converting DIAMOND...
[1602774454.67623]           [Thread #182]      Parsing DIAMOND...
[1602774454.8188765]         [Thread #182]      Annotating...
[1602774455.0877967]         [Thread #182]      Analyzing...
[1602774455.3217275]         [Thread #182]      Create read mapping...
[1602774469.7639947]         [Thread #182]    - [Thread #182] finished
[1602774450.5995245]         [Thread #183]    - [Thread #183] running on [1/28] CPUs
[1602774450.5996058]         [Thread #183]      Creating output directories...
[1602774450.6008537]         [Thread #183]      Translating reads...
[1602774469.8428261]         [Thread #183]      Running DIAMOND...
[1602774475.9612644]         [Thread #183]      Converting DIAMOND...
[1602774476.0200324]         [Thread #183]      Parsing DIAMOND...
[1602774476.1345205]         [Thread #183]      Annotating...
[1602774476.2673028]         [Thread #183]      Analyzing...
[1602774476.417367]          [Thread #183]      Create read mapping...
[1602774491.1669962]         [Thread #183]    - [Thread #183] finished
[1602774471.8763366]         [Thread #184]    - [Thread #184] running on [1/28] CPUs
[1602774471.8764195]         [Thread #184]      Creating output directories...
[1602774471.8781376]         [Thread #184]      Translating reads...
[1602774491.1413684]         [Thread #184]      Running DIAMOND...
[1602774497.1900947]         [Thread #184]      Converting DIAMOND...
[1602774497.291689]          [Thread #184]      Parsing DIAMOND...
[1602774497.4861732]         [Thread #184]      Annotating...
[1602774497.7852514]         [Thread #184]      Analyzing...
[1602774498.0871003]         [Thread #184]      Create read mapping...
[1602774511.6604788]         [Thread #184]    - [Thread #184] finished
[1602774493.2237077]         [Thread #185]    - [Thread #185] running on [1/28] CPUs
[1602774493.223776]          [Thread #185]      Creating output directories...
[1602774493.225278]          [Thread #185]      Translating reads...
[1602774511.610595]          [Thread #185]      Running DIAMOND...
[1602774517.6670108]         [Thread #185]      Converting DIAMOND...
[1602774517.7954865]         [Thread #185]      Parsing DIAMOND...
[1602774517.964769]          [Thread #185]      Annotating...
[1602774518.2872145]         [Thread #185]      Analyzing...
[1602774518.394617]          [Thread #185]      Create read mapping...
[1602774533.1235154]         [Thread #185]    - [Thread #185] finished
[1602774513.8084617]         [Thread #186]    - [Thread #186] running on [1/28] CPUs
[1602774513.8085406]         [Thread #186]      Creating output directories...
[1602774513.8097036]         [Thread #186]      Translating reads...
[1602774533.0500116]         [Thread #186]      Running DIAMOND...
[1602774539.0978186]         [Thread #186]      Converting DIAMOND...
[1602774539.1898599]         [Thread #186]      Parsing DIAMOND...
[1602774539.32153]           [Thread #186]      Annotating...
[1602774539.5820024]         [Thread #186]      Analyzing...
[1602774539.6466331]         [Thread #186]      Create read mapping...
[1602774553.8793292]         [Thread #186]    - [Thread #186] finished
[1602774535.251555]          [Thread #187]    - [Thread #187] running on [1/28] CPUs
[1602774535.2516365]         [Thread #187]      Creating output directories...
[1602774535.253234]          [Thread #187]      Translating reads...
[1602774553.6583138]         [Thread #187]      Running DIAMOND...
[1602774559.8295183]         [Thread #187]      Converting DIAMOND...
[1602774559.9446993]         [Thread #187]      Parsing DIAMOND...
[1602774560.0976214]         [Thread #187]      Annotating...
[1602774560.402271]          [Thread #187]      Analyzing...
[1602774560.5524762]         [Thread #187]      Create read mapping...
[1602774575.3213224]         [Thread #187]    - [Thread #187] finished
[1602774555.921426]          [Thread #188]    - [Thread #188] running on [1/28] CPUs
[1602774555.921505]          [Thread #188]      Creating output directories...
[1602774555.9230618]         [Thread #188]      Translating reads...
[1602774575.3074014]         [Thread #188]      Running DIAMOND...
[1602774581.5288672]         [Thread #188]      Converting DIAMOND...
[1602774581.6394851]         [Thread #188]      Parsing DIAMOND...
[1602774581.8207397]         [Thread #188]      Annotating...
[1602774582.175599]          [Thread #188]      Analyzing...
[1602774582.470375]          [Thread #188]      Create read mapping...
[1602774595.9091961]         [Thread #188]    - [Thread #188] finished
[1602774619.268568]          [Thread #191]    - [Thread #191] running on [1/28] CPUs
[1602774619.2686472]         [Thread #191]      Creating output directories...
[1602774619.271435]          [Thread #191]      Translating reads...
[1602774638.0426977]         [Thread #191]      Running DIAMOND...
[1602774644.1707907]         [Thread #191]      Converting DIAMOND...
[1602774644.3010085]         [Thread #191]      Parsing DIAMOND...
[1602774644.4493468]         [Thread #191]      Annotating...
[1602774644.552613]          [Thread #191]      Analyzing...
[1602774644.8598552]         [Thread #191]      Create read mapping...
[1602774659.3623822]         [Thread #191]    - [Thread #191] finished
[1602774661.4972868]         [Thread #193]    - [Thread #193] running on [1/28] CPUs
[1602774661.4973664]         [Thread #193]      Creating output directories...
[1602774661.498835]          [Thread #193]      Translating reads...
[1602774680.7739873]         [Thread #193]      Running DIAMOND...
[1602774686.8846567]         [Thread #193]      Converting DIAMOND...
[1602774686.9889803]         [Thread #193]      Parsing DIAMOND...
[1602774687.086697]          [Thread #193]      Annotating...
[1602774687.340163]          [Thread #193]      Analyzing...
[1602774687.5448627]         [Thread #193]      Create read mapping...
[1602774701.2868621]         [Thread #193]    - [Thread #193] finished
[1602774703.4472375]         [Thread #195]    - [Thread #195] running on [1/28] CPUs
[1602774703.4473166]         [Thread #195]      Creating output directories...
[1602774703.4488397]         [Thread #195]      Translating reads...
[1602774723.1882966]         [Thread #195]      Running DIAMOND...
[1602774729.3495753]         [Thread #195]      Converting DIAMOND...
[1602774729.4762697]         [Thread #195]      Parsing DIAMOND...
[1602774729.6432793]         [Thread #195]      Annotating...
[1602774729.8394065]         [Thread #195]      Analyzing...
[1602774730.1135406]         [Thread #195]      Create read mapping...
[1602774745.5463488]         [Thread #195]    - [Thread #195] finished
[1602774725.4136515]         [Thread #196]    - [Thread #196] running on [1/28] CPUs
[1602774725.4137647]         [Thread #196]      Creating output directories...
[1602774725.4152074]         [Thread #196]      Translating reads...
[1602774744.9240835]         [Thread #196]      Running DIAMOND...
[1602774751.181173]          [Thread #196]      Converting DIAMOND...
[1602774751.2779615]         [Thread #196]      Parsing DIAMOND...
[1602774751.4093738]         [Thread #196]      Annotating...
[1602774751.5443168]         [Thread #196]      Analyzing...
[1602774751.829569]          [Thread #196]      Create read mapping...
[1602774765.6539464]         [Thread #196]    - [Thread #196] finished
[1602774747.1710477]         [Thread #197]    - [Thread #197] running on [1/28] CPUs
[1602774747.1711278]         [Thread #197]      Creating output directories...
[1602774747.1723807]         [Thread #197]      Translating reads...
[1602774765.599866]          [Thread #197]      Running DIAMOND...
[1602774771.6748195]         [Thread #197]      Converting DIAMOND...
[1602774771.8074102]         [Thread #197]      Parsing DIAMOND...
[1602774772.0650918]         [Thread #197]      Annotating...
[1602774772.2077303]         [Thread #197]      Analyzing...
[1602774772.5148163]         [Thread #197]      Create read mapping...
[1602774786.3580582]         [Thread #197]    - [Thread #197] finished
[1602774767.8218818]         [Thread #198]    - [Thread #198] running on [1/28] CPUs
[1602774767.8219616]         [Thread #198]      Creating output directories...
[1602774767.823895]          [Thread #198]      Translating reads...
[1602774786.3157322]         [Thread #198]      Running DIAMOND...
[1602774792.617342]          [Thread #198]      Converting DIAMOND...
[1602774792.7172859]         [Thread #198]      Parsing DIAMOND...
[1602774792.9114702]         [Thread #198]      Annotating...
[1602774793.0425735]         [Thread #198]      Analyzing...
[1602774793.2972856]         [Thread #198]      Create read mapping...
[1602774808.2640045]         [Thread #198]    - [Thread #198] finished
[1602774788.458393]          [Thread #199]    - [Thread #199] running on [1/28] CPUs
[1602774788.4584725]         [Thread #199]      Creating output directories...
[1602774788.4599833]         [Thread #199]      Translating reads...
[1602774808.18469]           [Thread #199]      Running DIAMOND...
[1602774814.6205897]         [Thread #199]      Converting DIAMOND...
[1602774814.7582526]         [Thread #199]      Parsing DIAMOND...
[1602774814.8943663]         [Thread #199]      Annotating...
[1602774815.197271]          [Thread #199]      Analyzing...
[1602774815.2070854]         [Thread #199]      Create read mapping...
[1602774827.2932816]         [Thread #199]    - [Thread #199] finished
[1602774810.3619065]         [Thread #200]    - [Thread #200] running on [1/28] CPUs
[1602774810.3619876]         [Thread #200]      Creating output directories...
[1602774810.3764741]         [Thread #200]      Translating reads...
[1602774827.1136847]         [Thread #200]      Running DIAMOND...
[1602774833.7032077]         [Thread #200]      Converting DIAMOND...
[1602774833.7578714]         [Thread #200]      Parsing DIAMOND...
[1602774833.8223116]         [Thread #200]      Annotating...
[1602774833.836285]          [Thread #200]      Analyzing...
[1602774833.8441133]         [Thread #200]      Create read mapping...
[1602774834.4205315]         [Thread #200]    - [Thread #200] finished
[1602774834.4390574]     WARNING: result folder /scratch/ah1114/LoL/TransferLearningTasks/EC1/mifaser_metagenomes/ERR599115_cut20M/splits/ERR599115_cut20M_1 not found
[1602774834.4430118]     WARNING: result folder /scratch/ah1114/LoL/TransferLearningTasks/EC1/mifaser_metagenomes/ERR599115_cut20M/splits/ERR599115_cut20M_5 not found
[1602774834.4447696]     WARNING: result folder /scratch/ah1114/LoL/TransferLearningTasks/EC1/mifaser_metagenomes/ERR599115_cut20M/splits/ERR599115_cut20M_7 not found
[1602774834.4453862]     WARNING: result folder /scratch/ah1114/LoL/TransferLearningTasks/EC1/mifaser_metagenomes/ERR599115_cut20M/splits/ERR599115_cut20M_8 not found
[1602774834.4532096]     WARNING: result folder /scratch/ah1114/LoL/TransferLearningTasks/EC1/mifaser_metagenomes/ERR599115_cut20M/splits/ERR599115_cut20M_15 not found
[1602774834.453908]      WARNING: result folder /scratch/ah1114/LoL/TransferLearningTasks/EC1/mifaser_metagenomes/ERR599115_cut20M/splits/ERR599115_cut20M_16 not found
[1602774834.4605289]     WARNING: result folder /scratch/ah1114/LoL/TransferLearningTasks/EC1/mifaser_metagenomes/ERR599115_cut20M/splits/ERR599115_cut20M_22 not found
[1602774834.4633305]     WARNING: result folder /scratch/ah1114/LoL/TransferLearningTasks/EC1/mifaser_metagenomes/ERR599115_cut20M/splits/ERR599115_cut20M_25 not found
[1602774834.4661205]     WARNING: result folder /scratch/ah1114/LoL/TransferLearningTasks/EC1/mifaser_metagenomes/ERR599115_cut20M/splits/ERR599115_cut20M_28 not found
[1602774834.466712]      WARNING: result folder /scratch/ah1114/LoL/TransferLearningTasks/EC1/mifaser_metagenomes/ERR599115_cut20M/splits/ERR599115_cut20M_29 not found
[1602774834.4683864]     WARNING: result folder /scratch/ah1114/LoL/TransferLearningTasks/EC1/mifaser_metagenomes/ERR599115_cut20M/splits/ERR599115_cut20M_31 not found
[1602774834.4689553]     WARNING: result folder /scratch/ah1114/LoL/TransferLearningTasks/EC1/mifaser_metagenomes/ERR599115_cut20M/splits/ERR599115_cut20M_32 not found
[1602774834.4707482]     WARNING: result folder /scratch/ah1114/LoL/TransferLearningTasks/EC1/mifaser_metagenomes/ERR599115_cut20M/splits/ERR599115_cut20M_34 not found
[1602774834.4724326]     WARNING: result folder /scratch/ah1114/LoL/TransferLearningTasks/EC1/mifaser_metagenomes/ERR599115_cut20M/splits/ERR599115_cut20M_36 not found
[1602774834.473026]      WARNING: result folder /scratch/ah1114/LoL/TransferLearningTasks/EC1/mifaser_metagenomes/ERR599115_cut20M/splits/ERR599115_cut20M_37 not found
[1602774834.4736593]     WARNING: result folder /scratch/ah1114/LoL/TransferLearningTasks/EC1/mifaser_metagenomes/ERR599115_cut20M/splits/ERR599115_cut20M_38 not found
[1602774834.4764535]     WARNING: result folder /scratch/ah1114/LoL/TransferLearningTasks/EC1/mifaser_metagenomes/ERR599115_cut20M/splits/ERR599115_cut20M_41 not found
[1602774834.4770324]     WARNING: result folder /scratch/ah1114/LoL/TransferLearningTasks/EC1/mifaser_metagenomes/ERR599115_cut20M/splits/ERR599115_cut20M_42 not found
[1602774834.4776027]     WARNING: result folder /scratch/ah1114/LoL/TransferLearningTasks/EC1/mifaser_metagenomes/ERR599115_cut20M/splits/ERR599115_cut20M_43 not found
[1602774834.4790466]     WARNING: result folder /scratch/ah1114/LoL/TransferLearningTasks/EC1/mifaser_metagenomes/ERR599115_cut20M/splits/ERR599115_cut20M_45 not found
[1602774834.483585]      WARNING: result folder /scratch/ah1114/LoL/TransferLearningTasks/EC1/mifaser_metagenomes/ERR599115_cut20M/splits/ERR599115_cut20M_50 not found
[1602774834.4881563]     WARNING: result folder /scratch/ah1114/LoL/TransferLearningTasks/EC1/mifaser_metagenomes/ERR599115_cut20M/splits/ERR599115_cut20M_55 not found
[1602774834.4886515]     WARNING: result folder /scratch/ah1114/LoL/TransferLearningTasks/EC1/mifaser_metagenomes/ERR599115_cut20M/splits/ERR599115_cut20M_56 not found
[1602774834.4891229]     WARNING: result folder /scratch/ah1114/LoL/TransferLearningTasks/EC1/mifaser_metagenomes/ERR599115_cut20M/splits/ERR599115_cut20M_57 not found
[1602774834.490653]      WARNING: result folder /scratch/ah1114/LoL/TransferLearningTasks/EC1/mifaser_metagenomes/ERR599115_cut20M/splits/ERR599115_cut20M_59 not found
[1602774834.493327]      WARNING: result folder /scratch/ah1114/LoL/TransferLearningTasks/EC1/mifaser_metagenomes/ERR599115_cut20M/splits/ERR599115_cut20M_62 not found
[1602774834.4960368]     WARNING: result folder /scratch/ah1114/LoL/TransferLearningTasks/EC1/mifaser_metagenomes/ERR599115_cut20M/splits/ERR599115_cut20M_65 not found
[1602774834.4998827]     WARNING: result folder /scratch/ah1114/LoL/TransferLearningTasks/EC1/mifaser_metagenomes/ERR599115_cut20M/splits/ERR599115_cut20M_69 not found
[1602774834.5003812]     WARNING: result folder /scratch/ah1114/LoL/TransferLearningTasks/EC1/mifaser_metagenomes/ERR599115_cut20M/splits/ERR599115_cut20M_70 not found
[1602774834.5009282]     WARNING: result folder /scratch/ah1114/LoL/TransferLearningTasks/EC1/mifaser_metagenomes/ERR599115_cut20M/splits/ERR599115_cut20M_71 not found
[1602774834.5014446]     WARNING: result folder /scratch/ah1114/LoL/TransferLearningTasks/EC1/mifaser_metagenomes/ERR599115_cut20M/splits/ERR599115_cut20M_72 not found
[1602774834.5040858]     WARNING: result folder /scratch/ah1114/LoL/TransferLearningTasks/EC1/mifaser_metagenomes/ERR599115_cut20M/splits/ERR599115_cut20M_75 not found
[1602774834.5073102]     WARNING: result folder /scratch/ah1114/LoL/TransferLearningTasks/EC1/mifaser_metagenomes/ERR599115_cut20M/splits/ERR599115_cut20M_79 not found
[1602774834.5110855]     WARNING: result folder /scratch/ah1114/LoL/TransferLearningTasks/EC1/mifaser_metagenomes/ERR599115_cut20M/splits/ERR599115_cut20M_83 not found
[1602774834.5127006]     WARNING: result folder /scratch/ah1114/LoL/TransferLearningTasks/EC1/mifaser_metagenomes/ERR599115_cut20M/splits/ERR599115_cut20M_85 not found
[1602774834.516503]      WARNING: result folder /scratch/ah1114/LoL/TransferLearningTasks/EC1/mifaser_metagenomes/ERR599115_cut20M/splits/ERR599115_cut20M_89 not found
[1602774834.517093]      WARNING: result folder /scratch/ah1114/LoL/TransferLearningTasks/EC1/mifaser_metagenomes/ERR599115_cut20M/splits/ERR599115_cut20M_90 not found
[1602774834.5176218]     WARNING: result folder /scratch/ah1114/LoL/TransferLearningTasks/EC1/mifaser_metagenomes/ERR599115_cut20M/splits/ERR599115_cut20M_91 not found
[1602774834.5191243]     WARNING: result folder /scratch/ah1114/LoL/TransferLearningTasks/EC1/mifaser_metagenomes/ERR599115_cut20M/splits/ERR599115_cut20M_93 not found
[1602774834.5205848]     WARNING: result folder /scratch/ah1114/LoL/TransferLearningTasks/EC1/mifaser_metagenomes/ERR599115_cut20M/splits/ERR599115_cut20M_95 not found
[1602774834.5249457]     WARNING: result folder /scratch/ah1114/LoL/TransferLearningTasks/EC1/mifaser_metagenomes/ERR599115_cut20M/splits/ERR599115_cut20M_100 not found
[1602774834.5253682]     WARNING: result folder /scratch/ah1114/LoL/TransferLearningTasks/EC1/mifaser_metagenomes/ERR599115_cut20M/splits/ERR599115_cut20M_101 not found
[1602774834.525821]      WARNING: result folder /scratch/ah1114/LoL/TransferLearningTasks/EC1/mifaser_metagenomes/ERR599115_cut20M/splits/ERR599115_cut20M_102 not found
[1602774834.5299106]     WARNING: result folder /scratch/ah1114/LoL/TransferLearningTasks/EC1/mifaser_metagenomes/ERR599115_cut20M/splits/ERR599115_cut20M_107 not found
[1602774834.5303893]     WARNING: result folder /scratch/ah1114/LoL/TransferLearningTasks/EC1/mifaser_metagenomes/ERR599115_cut20M/splits/ERR599115_cut20M_108 not found
[1602774834.5319111]     WARNING: result folder /scratch/ah1114/LoL/TransferLearningTasks/EC1/mifaser_metagenomes/ERR599115_cut20M/splits/ERR599115_cut20M_110 not found
[1602774834.533389]      WARNING: result folder /scratch/ah1114/LoL/TransferLearningTasks/EC1/mifaser_metagenomes/ERR599115_cut20M/splits/ERR599115_cut20M_112 not found
[1602774834.5348213]     WARNING: result folder /scratch/ah1114/LoL/TransferLearningTasks/EC1/mifaser_metagenomes/ERR599115_cut20M/splits/ERR599115_cut20M_115 not found
[1602774834.538067]      WARNING: result folder /scratch/ah1114/LoL/TransferLearningTasks/EC1/mifaser_metagenomes/ERR599115_cut20M/splits/ERR599115_cut20M_118 not found
[1602774834.5407345]     WARNING: result folder /scratch/ah1114/LoL/TransferLearningTasks/EC1/mifaser_metagenomes/ERR599115_cut20M/splits/ERR599115_cut20M_122 not found
[1602774834.5413008]     WARNING: result folder /scratch/ah1114/LoL/TransferLearningTasks/EC1/mifaser_metagenomes/ERR599115_cut20M/splits/ERR599115_cut20M_123 not found
[1602774834.5418332]     WARNING: result folder /scratch/ah1114/LoL/TransferLearningTasks/EC1/mifaser_metagenomes/ERR599115_cut20M/splits/ERR599115_cut20M_124 not found
[1602774834.5423422]     WARNING: result folder /scratch/ah1114/LoL/TransferLearningTasks/EC1/mifaser_metagenomes/ERR599115_cut20M/splits/ERR599115_cut20M_125 not found
[1602774834.5437803]     WARNING: result folder /scratch/ah1114/LoL/TransferLearningTasks/EC1/mifaser_metagenomes/ERR599115_cut20M/splits/ERR599115_cut20M_127 not found
[1602774834.54432]       WARNING: result folder /scratch/ah1114/LoL/TransferLearningTasks/EC1/mifaser_metagenomes/ERR599115_cut20M/splits/ERR599115_cut20M_128 not found
[1602774834.5481076]     WARNING: result folder /scratch/ah1114/LoL/TransferLearningTasks/EC1/mifaser_metagenomes/ERR599115_cut20M/splits/ERR599115_cut20M_131 not found
[1602774834.548565]      WARNING: result folder /scratch/ah1114/LoL/TransferLearningTasks/EC1/mifaser_metagenomes/ERR599115_cut20M/splits/ERR599115_cut20M_132 not found
[1602774834.5490608]     WARNING: result folder /scratch/ah1114/LoL/TransferLearningTasks/EC1/mifaser_metagenomes/ERR599115_cut20M/splits/ERR599115_cut20M_133 not found
[1602774834.5495386]     WARNING: result folder /scratch/ah1114/LoL/TransferLearningTasks/EC1/mifaser_metagenomes/ERR599115_cut20M/splits/ERR599115_cut20M_134 not found
[1602774834.553749]      WARNING: result folder /scratch/ah1114/LoL/TransferLearningTasks/EC1/mifaser_metagenomes/ERR599115_cut20M/splits/ERR599115_cut20M_140 not found
[1602774834.5542152]     WARNING: result folder /scratch/ah1114/LoL/TransferLearningTasks/EC1/mifaser_metagenomes/ERR599115_cut20M/splits/ERR599115_cut20M_141 not found
[1602774834.5556116]     WARNING: result folder /scratch/ah1114/LoL/TransferLearningTasks/EC1/mifaser_metagenomes/ERR599115_cut20M/splits/ERR599115_cut20M_143 not found
[1602774834.5579286]     WARNING: result folder /scratch/ah1114/LoL/TransferLearningTasks/EC1/mifaser_metagenomes/ERR599115_cut20M/splits/ERR599115_cut20M_146 not found
[1602774834.5595214]     WARNING: result folder /scratch/ah1114/LoL/TransferLearningTasks/EC1/mifaser_metagenomes/ERR599115_cut20M/splits/ERR599115_cut20M_148 not found
[1602774834.5605001]     WARNING: result folder /scratch/ah1114/LoL/TransferLearningTasks/EC1/mifaser_metagenomes/ERR599115_cut20M/splits/ERR599115_cut20M_150 not found
[1602774834.5618474]     WARNING: result folder /scratch/ah1114/LoL/TransferLearningTasks/EC1/mifaser_metagenomes/ERR599115_cut20M/splits/ERR599115_cut20M_152 not found
[1602774834.5667973]     WARNING: result folder /scratch/ah1114/LoL/TransferLearningTasks/EC1/mifaser_metagenomes/ERR599115_cut20M/splits/ERR599115_cut20M_159 not found
[1602774834.5672822]     WARNING: result folder /scratch/ah1114/LoL/TransferLearningTasks/EC1/mifaser_metagenomes/ERR599115_cut20M/splits/ERR599115_cut20M_160 not found
[1602774834.5682726]     WARNING: result folder /scratch/ah1114/LoL/TransferLearningTasks/EC1/mifaser_metagenomes/ERR599115_cut20M/splits/ERR599115_cut20M_162 not found
[1602774834.5706222]     WARNING: result folder /scratch/ah1114/LoL/TransferLearningTasks/EC1/mifaser_metagenomes/ERR599115_cut20M/splits/ERR599115_cut20M_166 not found
[1602774834.5746236]     WARNING: result folder /scratch/ah1114/LoL/TransferLearningTasks/EC1/mifaser_metagenomes/ERR599115_cut20M/splits/ERR599115_cut20M_171 not found
[1602774834.5751011]     WARNING: result folder /scratch/ah1114/LoL/TransferLearningTasks/EC1/mifaser_metagenomes/ERR599115_cut20M/splits/ERR599115_cut20M_172 not found
[1602774834.5761201]     WARNING: result folder /scratch/ah1114/LoL/TransferLearningTasks/EC1/mifaser_metagenomes/ERR599115_cut20M/splits/ERR599115_cut20M_174 not found
[1602774834.5784748]     WARNING: result folder /scratch/ah1114/LoL/TransferLearningTasks/EC1/mifaser_metagenomes/ERR599115_cut20M/splits/ERR599115_cut20M_177 not found
[1602774834.5860014]     WARNING: result folder /scratch/ah1114/LoL/TransferLearningTasks/EC1/mifaser_metagenomes/ERR599115_cut20M/splits/ERR599115_cut20M_189 not found
[1602774834.586576]      WARNING: result folder /scratch/ah1114/LoL/TransferLearningTasks/EC1/mifaser_metagenomes/ERR599115_cut20M/splits/ERR599115_cut20M_190 not found
[1602774834.5896556]     WARNING: result folder /scratch/ah1114/LoL/TransferLearningTasks/EC1/mifaser_metagenomes/ERR599115_cut20M/splits/ERR599115_cut20M_194 not found
[1602774834.5925918]     WARNING: found 123 result folders for 200 jobs
[1602774834.5955076]      *  Merging 123 splits...
[1602774835.175841]      WARNING: Missing analysis file: /scratch/ah1114/LoL/TransferLearningTasks/EC1/mifaser_metagenomes/ERR599115_cut20M/splits/ERR599115_cut20M_18/analyzed/analysis.tsv
[1602774835.1758788]     WARNING: Missing eccount file: /scratch/ah1114/LoL/TransferLearningTasks/EC1/mifaser_metagenomes/ERR599115_cut20M/splits/ERR599115_cut20M_18/analyzed/ec_count.tsv
[1602774835.1759012]     WARNING: Missing multiec file: /scratch/ah1114/LoL/TransferLearningTasks/EC1/mifaser_metagenomes/ERR599115_cut20M/splits/ERR599115_cut20M_18/analyzed/multi_ec.tsv
[1602774837.184697]      WARNING: Missing analysis file: /scratch/ah1114/LoL/TransferLearningTasks/EC1/mifaser_metagenomes/ERR599115_cut20M/splits/ERR599115_cut20M_99/analyzed/analysis.tsv
[1602774837.1847305]     WARNING: Missing eccount file: /scratch/ah1114/LoL/TransferLearningTasks/EC1/mifaser_metagenomes/ERR599115_cut20M/splits/ERR599115_cut20M_99/analyzed/ec_count.tsv
[1602774837.184745]      WARNING: Missing multiec file: /scratch/ah1114/LoL/TransferLearningTasks/EC1/mifaser_metagenomes/ERR599115_cut20M/splits/ERR599115_cut20M_99/analyzed/multi_ec.tsv
[1602774837.4808753]     WARNING: Missing analysis file: /scratch/ah1114/LoL/TransferLearningTasks/EC1/mifaser_metagenomes/ERR599115_cut20M/splits/ERR599115_cut20M_117/analyzed/analysis.tsv
[1602774837.480921]      WARNING: Missing eccount file: /scratch/ah1114/LoL/TransferLearningTasks/EC1/mifaser_metagenomes/ERR599115_cut20M/splits/ERR599115_cut20M_117/analyzed/ec_count.tsv
[1602774837.4809527]     WARNING: Missing multiec file: /scratch/ah1114/LoL/TransferLearningTasks/EC1/mifaser_metagenomes/ERR599115_cut20M/splits/ERR599115_cut20M_117/analyzed/multi_ec.tsv
[1602774837.8892848]     WARNING: Missing analysis file: /scratch/ah1114/LoL/TransferLearningTasks/EC1/mifaser_metagenomes/ERR599115_cut20M/splits/ERR599115_cut20M_138/analyzed/analysis.tsv
[1602774837.8893466]     WARNING: Missing eccount file: /scratch/ah1114/LoL/TransferLearningTasks/EC1/mifaser_metagenomes/ERR599115_cut20M/splits/ERR599115_cut20M_138/analyzed/ec_count.tsv
[1602774837.8894007]     WARNING: Missing multiec file: /scratch/ah1114/LoL/TransferLearningTasks/EC1/mifaser_metagenomes/ERR599115_cut20M/splits/ERR599115_cut20M_138/analyzed/multi_ec.tsv
[1602774838.024529]      WARNING: Missing analysis file: /scratch/ah1114/LoL/TransferLearningTasks/EC1/mifaser_metagenomes/ERR599115_cut20M/splits/ERR599115_cut20M_144/analyzed/analysis.tsv
[1602774838.024554]      WARNING: Missing eccount file: /scratch/ah1114/LoL/TransferLearningTasks/EC1/mifaser_metagenomes/ERR599115_cut20M/splits/ERR599115_cut20M_144/analyzed/ec_count.tsv
[1602774838.0245683]     WARNING: Missing multiec file: /scratch/ah1114/LoL/TransferLearningTasks/EC1/mifaser_metagenomes/ERR599115_cut20M/splits/ERR599115_cut20M_144/analyzed/multi_ec.tsv
[1602774839.6147168]     WARNING: Missing analysis file: /scratch/ah1114/LoL/TransferLearningTasks/EC1/mifaser_metagenomes/ERR599115_cut20M/splits/ERR599115_cut20M_192/analyzed/analysis.tsv
[1602774839.6147578]     WARNING: Missing eccount file: /scratch/ah1114/LoL/TransferLearningTasks/EC1/mifaser_metagenomes/ERR599115_cut20M/splits/ERR599115_cut20M_192/analyzed/ec_count.tsv
[1602774839.6147776]     WARNING: Missing multiec file: /scratch/ah1114/LoL/TransferLearningTasks/EC1/mifaser_metagenomes/ERR599115_cut20M/splits/ERR599115_cut20M_192/analyzed/multi_ec.tsv
[1602774925.1108294]     WARNING: Missing result files: analysis:6 eccount:6 multiec:6 (resultfolder count:123/200)
[1602774925.1108506]     *** ERROR. logs: /scratch/ah1114/LoL/TransferLearningTasks/EC1/mifaser_metagenomes/ERR599115_cut20M/mifaser.err
[1602774925.134833]      *** Results saved to: /scratch/ah1114/LoL/TransferLearningTasks/EC1/mifaser_metagenomes/ERR599115_cut20M
 
 --- exited with errors after 1:13:27.082272 --- 

